Build started at 2023-03-02T06:05:06.065693
Main binary: /usr/bin/python3
Build Options: -Dexamples=all
Python system: Linux
The Meson build system
Version: 0.53.2
Source dir: /home/master/dpdk/dpdk-stable-21.11.2
Build dir: /home/master/dpdk/dpdk-stable-21.11.2/build
Build type: native build
Program cat found: YES (/usr/bin/cat)
Running command: /usr/bin/cat /home/master/dpdk/dpdk-stable-21.11.2/VERSION
--- stdout ---
21.11.2

--- stderr ---


Project name: DPDK
Project version: 21.11.2
No CFLAGS in the environment, not changing global flags.
No LDFLAGS in the environment, not changing global flags.
No CPPFLAGS in the environment, not changing global flags.
Sanity testing C compiler: cc
Is cross compiler: False.
Sanity check compiler command line: cc /home/master/dpdk/dpdk-stable-21.11.2/build/meson-private/sanitycheckc.c -o /home/master/dpdk/dpdk-stable-21.11.2/build/meson-private/sanitycheckc.exe -pipe -D_FILE_OFFSET_BITS=64
Sanity check compile stdout:

-----
Sanity check compile stderr:

-----
Running test binary command: /home/master/dpdk/dpdk-stable-21.11.2/build/meson-private/sanitycheckc.exe
C compiler for the build machine: cc (gcc 9.4.0 "cc (Ubuntu 9.4.0-1ubuntu1~20.04.1) 9.4.0")
C linker for the build machine: cc ld.bfd 2.34
No CFLAGS in the environment, not changing global flags.
No LDFLAGS in the environment, not changing global flags.
No CPPFLAGS in the environment, not changing global flags.
Sanity testing C compiler: cc
Is cross compiler: False.
Sanity check compiler command line: cc /home/master/dpdk/dpdk-stable-21.11.2/build/meson-private/sanitycheckc.c -o /home/master/dpdk/dpdk-stable-21.11.2/build/meson-private/sanitycheckc.exe -pipe -D_FILE_OFFSET_BITS=64
Sanity check compile stdout:

-----
Sanity check compile stderr:

-----
Running test binary command: /home/master/dpdk/dpdk-stable-21.11.2/build/meson-private/sanitycheckc.exe
C compiler for the host machine: cc (gcc 9.4.0 "cc (Ubuntu 9.4.0-1ubuntu1~20.04.1) 9.4.0")
C linker for the host machine: cc ld.bfd 2.34
Build machine cpu family: x86_64
Build machine cpu: x86_64
Host machine cpu family: x86_64
Host machine cpu: x86_64
Target machine cpu family: x86_64
Target machine cpu: x86_64
[Errno 21] Is a directory: '/home/master/dpdk/dpdk-stable-21.11.2/buildtools/pkg-config'
Unusable script '/home/master/dpdk/dpdk-stable-21.11.2/buildtools/pkg-config'
Program pkg-config found: YES (/usr/bin/pkg-config)
Program check-symbols.sh found: YES (/home/master/dpdk/dpdk-stable-21.11.2/buildtools/check-symbols.sh)
Program options-ibverbs-static.sh found: YES (/home/master/dpdk/dpdk-stable-21.11.2/buildtools/options-ibverbs-static.sh)
Program objdump found: YES (/usr/bin/objdump)
Program python3 found: YES (/usr/bin/python3)
Running command: /usr/bin/python3 -c import importlib.util; import sys; exit(importlib.util.find_spec("elftools") is None)
--- stdout ---

--- stderr ---


Program cat found: YES (/usr/bin/cat)
Running command: /usr/bin/cat /home/master/dpdk/dpdk-stable-21.11.2/ABI_VERSION
--- stdout ---
22.0

--- stderr ---


Program ../buildtools/symlink-drivers-solibs.sh found: YES (/bin/sh /home/master/dpdk/dpdk-stable-21.11.2/config/../buildtools/symlink-drivers-solibs.sh)
Running compile:
Working directory:  /home/master/dpdk/dpdk-stable-21.11.2/build/meson-private/tmpz4tgieyy
Command line:  cc /home/master/dpdk/dpdk-stable-21.11.2/build/meson-private/tmpz4tgieyy/testfile.c -o /home/master/dpdk/dpdk-stable-21.11.2/build/meson-private/tmpz4tgieyy/output.exe -pipe -D_FILE_OFFSET_BITS=64 -O0 

Code:
 #include<stdio.h>
        
        int main(void) {
            printf("%ld\n", (long)(sizeof(void *)));
            return 0;
        };
Compiler stdout:
 
Compiler stderr:
 
Program stdout:

8

Program stderr:


Checking for size of "void *" : 8
Running compile:
Working directory:  /home/master/dpdk/dpdk-stable-21.11.2/build/meson-private/tmppb_3r23b
Command line:  cc /home/master/dpdk/dpdk-stable-21.11.2/build/meson-private/tmppb_3r23b/testfile.c -o /home/master/dpdk/dpdk-stable-21.11.2/build/meson-private/tmppb_3r23b/output.exe -pipe -D_FILE_OFFSET_BITS=64 -O0 

Code:
 #include<stdio.h>
        
        int main(void) {
            printf("%ld\n", (long)(sizeof(void *)));
            return 0;
        };
Compiler stdout:
 
Compiler stderr:
 
Program stdout:

8

Program stderr:


Checking for size of "void *" : 8
Running compile:
Working directory:  /home/master/dpdk/dpdk-stable-21.11.2/build/meson-private/tmp_g0j5hgu
Command line:  cc /home/master/dpdk/dpdk-stable-21.11.2/build/meson-private/tmp_g0j5hgu/testfile.c -o /home/master/dpdk/dpdk-stable-21.11.2/build/meson-private/tmp_g0j5hgu/output.exe -pipe -D_FILE_OFFSET_BITS=64 -O0 -Wl,--start-group -lm -Wl,--end-group -Wl,--allow-shlib-undefined 

Code:
 int main(void) { return 0; }
Compiler stdout:
 
Compiler stderr:
 
Library m found: YES
Running compile:
Working directory:  /home/master/dpdk/dpdk-stable-21.11.2/build/meson-private/tmpvw2z1ir2
Command line:  cc /home/master/dpdk/dpdk-stable-21.11.2/build/meson-private/tmpvw2z1ir2/testfile.c -o /home/master/dpdk/dpdk-stable-21.11.2/build/meson-private/tmpvw2z1ir2/output.exe -pipe -D_FILE_OFFSET_BITS=64 -O0 -Wl,--start-group -lnuma -Wl,--end-group -Wl,--allow-shlib-undefined 

Code:
 int main(void) { return 0; }
Compiler stdout:
 
Compiler stderr:
 
Library numa found: YES
Running compile:
Working directory:  /home/master/dpdk/dpdk-stable-21.11.2/build/meson-private/tmp73wwtwlj
Command line:  cc /home/master/dpdk/dpdk-stable-21.11.2/build/meson-private/tmp73wwtwlj/testfile.c -pipe -E -P -D_FILE_OFFSET_BITS=64 -P -O0 

Code:
 
        #ifdef __has_include
         #if !__has_include("numaif.h")
          #error "Header 'numaif.h' could not be found"
         #endif
        #else
         #include <numaif.h>
        #endif
Compiler stdout:
 
Compiler stderr:
 
Has header "numaif.h" : YES 
Running compile:
Working directory:  /home/master/dpdk/dpdk-stable-21.11.2/build/meson-private/tmpz_gkozdy
Command line:  cc /home/master/dpdk/dpdk-stable-21.11.2/build/meson-private/tmpz_gkozdy/testfile.c -o /home/master/dpdk/dpdk-stable-21.11.2/build/meson-private/tmpz_gkozdy/output.exe -pipe -D_FILE_OFFSET_BITS=64 -O0 -Wl,--start-group -llibfdt -Wl,--end-group -Wl,--allow-shlib-undefined 

Code:
 int main(void) { return 0; }
Compiler stdout:
 
Compiler stderr:
 /usr/bin/ld: cannot find -llibfdt
collect2: error: ld returned 1 exit status

Running compile:
Working directory:  /home/master/dpdk/dpdk-stable-21.11.2/build/meson-private/tmpbqfiuas5
Command line:  cc /home/master/dpdk/dpdk-stable-21.11.2/build/meson-private/tmpbqfiuas5/testfile.c -o /home/master/dpdk/dpdk-stable-21.11.2/build/meson-private/tmpbqfiuas5/output.exe -pipe -D_FILE_OFFSET_BITS=64 -O0 

Code:
 #include<stdio.h>
        
        int main(void) {
            printf("%ld\n", (long)(sizeof(void *)));
            return 0;
        };
Compiler stdout:
 
Compiler stderr:
 
Program stdout:

8

Program stderr:


Running compile:
Working directory:  /home/master/dpdk/dpdk-stable-21.11.2/build/meson-private/tmpcr5hp2_q
Command line:  cc /home/master/dpdk/dpdk-stable-21.11.2/build/meson-private/tmpcr5hp2_q/testfile.c -o /home/master/dpdk/dpdk-stable-21.11.2/build/meson-private/tmpcr5hp2_q/output.obj -pipe -c -D_FILE_OFFSET_BITS=64 -O0 --print-search-dirs 

Code:
 
Compiler stdout:
 install: /usr/lib/gcc/x86_64-linux-gnu/9/
programs: =/usr/lib/gcc/x86_64-linux-gnu/9/:/usr/lib/gcc/x86_64-linux-gnu/9/:/usr/lib/gcc/x86_64-linux-gnu/:/usr/lib/gcc/x86_64-linux-gnu/9/:/usr/lib/gcc/x86_64-linux-gnu/:/usr/lib/gcc/x86_64-linux-gnu/9/../../../../x86_64-linux-gnu/bin/x86_64-linux-gnu/9/:/usr/lib/gcc/x86_64-linux-gnu/9/../../../../x86_64-linux-gnu/bin/x86_64-linux-gnu/:/usr/lib/gcc/x86_64-linux-gnu/9/../../../../x86_64-linux-gnu/bin/
libraries: =/usr/lib/gcc/x86_64-linux-gnu/9/:/usr/lib/gcc/x86_64-linux-gnu/9/../../../../x86_64-linux-gnu/lib/x86_64-linux-gnu/9/:/usr/lib/gcc/x86_64-linux-gnu/9/../../../../x86_64-linux-gnu/lib/x86_64-linux-gnu/:/usr/lib/gcc/x86_64-linux-gnu/9/../../../../x86_64-linux-gnu/lib/../lib/:/usr/lib/gcc/x86_64-linux-gnu/9/../../../x86_64-linux-gnu/9/:/usr/lib/gcc/x86_64-linux-gnu/9/../../../x86_64-linux-gnu/:/usr/lib/gcc/x86_64-linux-gnu/9/../../../../lib/:/lib/x86_64-linux-gnu/9/:/lib/x86_64-linux-gnu/:/lib/../lib/:/usr/lib/x86_64-linux-gnu/9/:/usr/lib/x86_64-linux-gnu/:/usr/lib/../lib/:/usr/lib/gcc/x86_64-linux-gnu/9/../../../../x86_64-linux-gnu/lib/:/usr/lib/gcc/x86_64-linux-gnu/9/../../../:/lib/:/usr/lib/

Compiler stderr:
 
Library libfdt found: NO
Running compile:
Working directory:  /home/master/dpdk/dpdk-stable-21.11.2/build/meson-private/tmpzfyjxxsw
Command line:  cc /home/master/dpdk/dpdk-stable-21.11.2/build/meson-private/tmpzfyjxxsw/testfile.c -o /home/master/dpdk/dpdk-stable-21.11.2/build/meson-private/tmpzfyjxxsw/output.exe -pipe -D_FILE_OFFSET_BITS=64 -O0 -Wl,--start-group -llibexecinfo -Wl,--end-group -Wl,--allow-shlib-undefined 

Code:
 int main(void) { return 0; }
Compiler stdout:
 
Compiler stderr:
 /usr/bin/ld: cannot find -llibexecinfo
collect2: error: ld returned 1 exit status

Library libexecinfo found: NO
Pkg-config binary for MachineChoice.HOST is not cached.
Pkg-config binary missing from cross or native file, or env var undefined.
Trying a default pkg-config fallback at pkg-config
Trying pkg-config binary pkg-config for machine MachineChoice.HOST at ['/usr/bin/pkg-config']
Found pkg-config: /usr/bin/pkg-config (1.6.3)
Determining dependency 'libarchive' with pkg-config executable '/usr/bin/pkg-config'
PKG_CONFIG_PATH: 
Called `/usr/bin/pkg-config --modversion libarchive` -> 1

Run-time dependency libarchive found: NO (tried pkgconfig)
Pkg-config binary for MachineChoice.HOST is cached.
Determining dependency 'libbsd' with pkg-config executable '/usr/bin/pkg-config'
PKG_CONFIG_PATH: 
Called `/usr/bin/pkg-config --modversion libbsd` -> 1

Run-time dependency libbsd found: NO (tried pkgconfig)
Pkg-config binary for MachineChoice.HOST is cached.
Determining dependency 'jansson' with pkg-config executable '/usr/bin/pkg-config'
PKG_CONFIG_PATH: 
Called `/usr/bin/pkg-config --modversion jansson` -> 1

Run-time dependency jansson found: NO (tried pkgconfig)
Pkg-config binary for MachineChoice.HOST is cached.
Determining dependency 'libpcap' with pkg-config executable '/usr/bin/pkg-config'
PKG_CONFIG_PATH: 
Called `/usr/bin/pkg-config --modversion libpcap` -> 1

Run-time dependency libpcap found: NO (tried pkgconfig)
Running compile:
Working directory:  /home/master/dpdk/dpdk-stable-21.11.2/build/meson-private/tmpkwy1_t4r
Command line:  cc /home/master/dpdk/dpdk-stable-21.11.2/build/meson-private/tmpkwy1_t4r/testfile.c -o /home/master/dpdk/dpdk-stable-21.11.2/build/meson-private/tmpkwy1_t4r/output.exe -pipe -D_FILE_OFFSET_BITS=64 -O0 -Wl,--start-group -lpcap -Wl,--end-group -Wl,--allow-shlib-undefined 

Code:
 int main(void) { return 0; }
Compiler stdout:
 
Compiler stderr:
 /usr/bin/ld: cannot find -lpcap
collect2: error: ld returned 1 exit status

Library pcap found: NO
Running compile:
Working directory:  /home/master/dpdk/dpdk-stable-21.11.2/build/meson-private/tmpvxd6cu2w
Command line:  cc /home/master/dpdk/dpdk-stable-21.11.2/build/meson-private/tmpvxd6cu2w/testfile.c -o /home/master/dpdk/dpdk-stable-21.11.2/build/meson-private/tmpvxd6cu2w/output.obj -pipe -c -D_FILE_OFFSET_BITS=64 -O0 -Wextra 

Code:
 int i;

Compiler stdout:
 
Compiler stderr:
 
Compiler for C supports arguments -Wextra: YES 
config/meson.build:291: WARNING: Consider using the built-in warning_level option instead of using "-Wextra".
Running compile:
Working directory:  /home/master/dpdk/dpdk-stable-21.11.2/build/meson-private/tmpdno9yu50
Command line:  cc /home/master/dpdk/dpdk-stable-21.11.2/build/meson-private/tmpdno9yu50/testfile.c -o /home/master/dpdk/dpdk-stable-21.11.2/build/meson-private/tmpdno9yu50/output.obj -pipe -c -D_FILE_OFFSET_BITS=64 -O0 -Wcast-qual 

Code:
 int i;

Compiler stdout:
 
Compiler stderr:
 
Compiler for C supports arguments -Wcast-qual: YES 
Running compile:
Working directory:  /home/master/dpdk/dpdk-stable-21.11.2/build/meson-private/tmp2h56awcp
Command line:  cc /home/master/dpdk/dpdk-stable-21.11.2/build/meson-private/tmp2h56awcp/testfile.c -o /home/master/dpdk/dpdk-stable-21.11.2/build/meson-private/tmp2h56awcp/output.obj -pipe -c -D_FILE_OFFSET_BITS=64 -O0 -Wdeprecated 

Code:
 int i;

Compiler stdout:
 
Compiler stderr:
 
Compiler for C supports arguments -Wdeprecated: YES 
Running compile:
Working directory:  /home/master/dpdk/dpdk-stable-21.11.2/build/meson-private/tmp4572en09
Command line:  cc /home/master/dpdk/dpdk-stable-21.11.2/build/meson-private/tmp4572en09/testfile.c -o /home/master/dpdk/dpdk-stable-21.11.2/build/meson-private/tmp4572en09/output.obj -pipe -c -D_FILE_OFFSET_BITS=64 -O0 -Wformat 

Code:
 int i;

Compiler stdout:
 
Compiler stderr:
 
Compiler for C supports arguments -Wformat: YES 
Running compile:
Working directory:  /home/master/dpdk/dpdk-stable-21.11.2/build/meson-private/tmpps5jbjob
Command line:  cc /home/master/dpdk/dpdk-stable-21.11.2/build/meson-private/tmpps5jbjob/testfile.c -o /home/master/dpdk/dpdk-stable-21.11.2/build/meson-private/tmpps5jbjob/output.obj -pipe -c -D_FILE_OFFSET_BITS=64 -O0 -Wformat-nonliteral 

Code:
 int i;

Compiler stdout:
 
Compiler stderr:
 
Compiler for C supports arguments -Wformat-nonliteral: YES 
Running compile:
Working directory:  /home/master/dpdk/dpdk-stable-21.11.2/build/meson-private/tmpqvq4cw6a
Command line:  cc /home/master/dpdk/dpdk-stable-21.11.2/build/meson-private/tmpqvq4cw6a/testfile.c -o /home/master/dpdk/dpdk-stable-21.11.2/build/meson-private/tmpqvq4cw6a/output.obj -pipe -c -D_FILE_OFFSET_BITS=64 -O0 -Wformat-security 

Code:
 int i;

Compiler stdout:
 
Compiler stderr:
 
Compiler for C supports arguments -Wformat-security: YES 
Running compile:
Working directory:  /home/master/dpdk/dpdk-stable-21.11.2/build/meson-private/tmppl_r9c9l
Command line:  cc /home/master/dpdk/dpdk-stable-21.11.2/build/meson-private/tmppl_r9c9l/testfile.c -o /home/master/dpdk/dpdk-stable-21.11.2/build/meson-private/tmppl_r9c9l/output.obj -pipe -c -D_FILE_OFFSET_BITS=64 -O0 -Wmissing-declarations 

Code:
 int i;

Compiler stdout:
 
Compiler stderr:
 
Compiler for C supports arguments -Wmissing-declarations: YES 
Running compile:
Working directory:  /home/master/dpdk/dpdk-stable-21.11.2/build/meson-private/tmpam0u_mvb
Command line:  cc /home/master/dpdk/dpdk-stable-21.11.2/build/meson-private/tmpam0u_mvb/testfile.c -o /home/master/dpdk/dpdk-stable-21.11.2/build/meson-private/tmpam0u_mvb/output.obj -pipe -c -D_FILE_OFFSET_BITS=64 -O0 -Wmissing-prototypes 

Code:
 int i;

Compiler stdout:
 
Compiler stderr:
 
Compiler for C supports arguments -Wmissing-prototypes: YES 
Running compile:
Working directory:  /home/master/dpdk/dpdk-stable-21.11.2/build/meson-private/tmpfqx5mv5b
Command line:  cc /home/master/dpdk/dpdk-stable-21.11.2/build/meson-private/tmpfqx5mv5b/testfile.c -o /home/master/dpdk/dpdk-stable-21.11.2/build/meson-private/tmpfqx5mv5b/output.obj -pipe -c -D_FILE_OFFSET_BITS=64 -O0 -Wnested-externs 

Code:
 int i;

Compiler stdout:
 
Compiler stderr:
 
Compiler for C supports arguments -Wnested-externs: YES 
Running compile:
Working directory:  /home/master/dpdk/dpdk-stable-21.11.2/build/meson-private/tmp10n99mda
Command line:  cc /home/master/dpdk/dpdk-stable-21.11.2/build/meson-private/tmp10n99mda/testfile.c -o /home/master/dpdk/dpdk-stable-21.11.2/build/meson-private/tmp10n99mda/output.obj -pipe -c -D_FILE_OFFSET_BITS=64 -O0 -Wold-style-definition 

Code:
 int i;

Compiler stdout:
 
Compiler stderr:
 
Compiler for C supports arguments -Wold-style-definition: YES 
Running compile:
Working directory:  /home/master/dpdk/dpdk-stable-21.11.2/build/meson-private/tmpojxu5jrc
Command line:  cc /home/master/dpdk/dpdk-stable-21.11.2/build/meson-private/tmpojxu5jrc/testfile.c -o /home/master/dpdk/dpdk-stable-21.11.2/build/meson-private/tmpojxu5jrc/output.obj -pipe -c -D_FILE_OFFSET_BITS=64 -O0 -Wpointer-arith 

Code:
 int i;

Compiler stdout:
 
Compiler stderr:
 
Compiler for C supports arguments -Wpointer-arith: YES 
Running compile:
Working directory:  /home/master/dpdk/dpdk-stable-21.11.2/build/meson-private/tmplsiicjts
Command line:  cc /home/master/dpdk/dpdk-stable-21.11.2/build/meson-private/tmplsiicjts/testfile.c -o /home/master/dpdk/dpdk-stable-21.11.2/build/meson-private/tmplsiicjts/output.obj -pipe -c -D_FILE_OFFSET_BITS=64 -O0 -Wsign-compare 

Code:
 int i;

Compiler stdout:
 
Compiler stderr:
 
Compiler for C supports arguments -Wsign-compare: YES 
Running compile:
Working directory:  /home/master/dpdk/dpdk-stable-21.11.2/build/meson-private/tmpg9jiguni
Command line:  cc /home/master/dpdk/dpdk-stable-21.11.2/build/meson-private/tmpg9jiguni/testfile.c -o /home/master/dpdk/dpdk-stable-21.11.2/build/meson-private/tmpg9jiguni/output.obj -pipe -c -D_FILE_OFFSET_BITS=64 -O0 -Wstrict-prototypes 

Code:
 int i;

Compiler stdout:
 
Compiler stderr:
 
Compiler for C supports arguments -Wstrict-prototypes: YES 
Running compile:
Working directory:  /home/master/dpdk/dpdk-stable-21.11.2/build/meson-private/tmp9ychyjs_
Command line:  cc /home/master/dpdk/dpdk-stable-21.11.2/build/meson-private/tmp9ychyjs_/testfile.c -o /home/master/dpdk/dpdk-stable-21.11.2/build/meson-private/tmp9ychyjs_/output.obj -pipe -c -D_FILE_OFFSET_BITS=64 -O0 -Wundef 

Code:
 int i;

Compiler stdout:
 
Compiler stderr:
 
Compiler for C supports arguments -Wundef: YES 
Running compile:
Working directory:  /home/master/dpdk/dpdk-stable-21.11.2/build/meson-private/tmp2xhdncth
Command line:  cc /home/master/dpdk/dpdk-stable-21.11.2/build/meson-private/tmp2xhdncth/testfile.c -o /home/master/dpdk/dpdk-stable-21.11.2/build/meson-private/tmp2xhdncth/output.obj -pipe -c -D_FILE_OFFSET_BITS=64 -O0 -Wwrite-strings 

Code:
 int i;

Compiler stdout:
 
Compiler stderr:
 
Compiler for C supports arguments -Wwrite-strings: YES 
Running compile:
Working directory:  /home/master/dpdk/dpdk-stable-21.11.2/build/meson-private/tmpa2n2v54c
Command line:  cc /home/master/dpdk/dpdk-stable-21.11.2/build/meson-private/tmpa2n2v54c/testfile.c -o /home/master/dpdk/dpdk-stable-21.11.2/build/meson-private/tmpa2n2v54c/output.obj -pipe -c -D_FILE_OFFSET_BITS=64 -O0 -Wno-address-of-packed-member -Waddress-of-packed-member 

Code:
 int i;

Compiler stdout:
 
Compiler stderr:
 
Compiler for C supports arguments -Wno-address-of-packed-member -Waddress-of-packed-member: YES 
Running compile:
Working directory:  /home/master/dpdk/dpdk-stable-21.11.2/build/meson-private/tmpz8zd_n1x
Command line:  cc /home/master/dpdk/dpdk-stable-21.11.2/build/meson-private/tmpz8zd_n1x/testfile.c -o /home/master/dpdk/dpdk-stable-21.11.2/build/meson-private/tmpz8zd_n1x/output.obj -pipe -c -D_FILE_OFFSET_BITS=64 -O0 -Wno-packed-not-aligned -Wpacked-not-aligned 

Code:
 int i;

Compiler stdout:
 
Compiler stderr:
 
Compiler for C supports arguments -Wno-packed-not-aligned -Wpacked-not-aligned: YES 
Running compile:
Working directory:  /home/master/dpdk/dpdk-stable-21.11.2/build/meson-private/tmpj501a4cj
Command line:  cc /home/master/dpdk/dpdk-stable-21.11.2/build/meson-private/tmpj501a4cj/testfile.c -o /home/master/dpdk/dpdk-stable-21.11.2/build/meson-private/tmpj501a4cj/output.obj -pipe -c -D_FILE_OFFSET_BITS=64 -O0 -Wno-missing-field-initializers -Wmissing-field-initializers 

Code:
 int i;

Compiler stdout:
 
Compiler stderr:
 
Compiler for C supports arguments -Wno-missing-field-initializers -Wmissing-field-initializers: YES 
Running command: /usr/bin/python3 /home/master/dpdk/dpdk-stable-21.11.2/buildtools/binutils-avx512-check.py /usr/bin/objdump cc
--- stdout ---

--- stderr ---


Running compile:
Working directory:  /home/master/dpdk/dpdk-stable-21.11.2/build/meson-private/tmp6ibvt_77
Command line:  cc /home/master/dpdk/dpdk-stable-21.11.2/build/meson-private/tmp6ibvt_77/testfile.c -o /home/master/dpdk/dpdk-stable-21.11.2/build/meson-private/tmp6ibvt_77/output.obj -pipe -c -D_FILE_OFFSET_BITS=64 -O0 -mavx512f 

Code:
 int i;

Compiler stdout:
 
Compiler stderr:
 
Compiler for C supports arguments -mavx512f: YES 
Running compile:
Working directory:  /home/master/dpdk/dpdk-stable-21.11.2/build/meson-private/tmpa1gy3jp6
Command line:  cc /home/master/dpdk/dpdk-stable-21.11.2/build/meson-private/tmpa1gy3jp6/testfile.c -o /home/master/dpdk/dpdk-stable-21.11.2/build/meson-private/tmpa1gy3jp6/output.obj -pipe -c -D_FILE_OFFSET_BITS=64 -O0 -mavx512f 

Code:
 #include <immintrin.h>
    void test(__m512i zmm){
        __m256i ymm = _mm512_extracti64x4_epi64(zmm, 0);}
Compiler stdout:
 
Compiler stderr:
 
Checking if "AVX512 checking" compiles: YES 
Running compile:
Working directory:  /tmp/tmps0ur15ev
Command line:  cc /tmp/tmps0ur15ev/testfile.c -pipe -E -P -D_FILE_OFFSET_BITS=64 -P -O0 -march=native 

Code:
 
        
        #ifndef __SSE4_2__
        # define __SSE4_2__
        #endif
        "MESON_GET_DEFINE_DELIMITER"
__SSE4_2__
Compiler stdout:
         "MESON_GET_DEFINE_DELIMITER"
1

Compiler stderr:
 
Fetching value of define "__SSE4_2__" : 1 
Running compile:
Working directory:  /tmp/tmp1v8wvttf
Command line:  cc /tmp/tmp1v8wvttf/testfile.c -pipe -E -P -D_FILE_OFFSET_BITS=64 -P -O0 -march=native 

Code:
 
        
        #ifndef __AES__
        # define __AES__
        #endif
        "MESON_GET_DEFINE_DELIMITER"
__AES__
Compiler stdout:
         "MESON_GET_DEFINE_DELIMITER"
1

Compiler stderr:
 
Fetching value of define "__AES__" : 1 
Running compile:
Working directory:  /tmp/tmpt64fh05s
Command line:  cc /tmp/tmpt64fh05s/testfile.c -pipe -E -P -D_FILE_OFFSET_BITS=64 -P -O0 -march=native 

Code:
 
        
        #ifndef __AVX__
        # define __AVX__
        #endif
        "MESON_GET_DEFINE_DELIMITER"
__AVX__
Compiler stdout:
         "MESON_GET_DEFINE_DELIMITER"
1

Compiler stderr:
 
Fetching value of define "__AVX__" : 1 
Running compile:
Working directory:  /tmp/tmpt15ok3i1
Command line:  cc /tmp/tmpt15ok3i1/testfile.c -pipe -E -P -D_FILE_OFFSET_BITS=64 -P -O0 -march=native 

Code:
 
        
        #ifndef __AVX2__
        # define __AVX2__
        #endif
        "MESON_GET_DEFINE_DELIMITER"
__AVX2__
Compiler stdout:
         "MESON_GET_DEFINE_DELIMITER"
1

Compiler stderr:
 
Fetching value of define "__AVX2__" : 1 
Running compile:
Working directory:  /tmp/tmp6y_dtm33
Command line:  cc /tmp/tmp6y_dtm33/testfile.c -pipe -E -P -D_FILE_OFFSET_BITS=64 -P -O0 -march=native 

Code:
 
        
        #ifndef __AVX512BW__
        # define __AVX512BW__
        #endif
        "MESON_GET_DEFINE_DELIMITER"
__AVX512BW__
Compiler stdout:
         "MESON_GET_DEFINE_DELIMITER"
1

Compiler stderr:
 
Fetching value of define "__AVX512BW__" : 1 
Running compile:
Working directory:  /tmp/tmpa3qt8ly_
Command line:  cc /tmp/tmpa3qt8ly_/testfile.c -pipe -E -P -D_FILE_OFFSET_BITS=64 -P -O0 -march=native 

Code:
 
        
        #ifndef __AVX512CD__
        # define __AVX512CD__
        #endif
        "MESON_GET_DEFINE_DELIMITER"
__AVX512CD__
Compiler stdout:
         "MESON_GET_DEFINE_DELIMITER"
1

Compiler stderr:
 
Fetching value of define "__AVX512CD__" : 1 
Running compile:
Working directory:  /tmp/tmpzokmanjf
Command line:  cc /tmp/tmpzokmanjf/testfile.c -pipe -E -P -D_FILE_OFFSET_BITS=64 -P -O0 -march=native 

Code:
 
        
        #ifndef __AVX512DQ__
        # define __AVX512DQ__
        #endif
        "MESON_GET_DEFINE_DELIMITER"
__AVX512DQ__
Compiler stdout:
         "MESON_GET_DEFINE_DELIMITER"
1

Compiler stderr:
 
Fetching value of define "__AVX512DQ__" : 1 
Running compile:
Working directory:  /tmp/tmpe51wa5mj
Command line:  cc /tmp/tmpe51wa5mj/testfile.c -pipe -E -P -D_FILE_OFFSET_BITS=64 -P -O0 -march=native 

Code:
 
        
        #ifndef __AVX512F__
        # define __AVX512F__
        #endif
        "MESON_GET_DEFINE_DELIMITER"
__AVX512F__
Compiler stdout:
         "MESON_GET_DEFINE_DELIMITER"
1

Compiler stderr:
 
Fetching value of define "__AVX512F__" : 1 
Running compile:
Working directory:  /tmp/tmpa47m49xd
Command line:  cc /tmp/tmpa47m49xd/testfile.c -pipe -E -P -D_FILE_OFFSET_BITS=64 -P -O0 -march=native 

Code:
 
        
        #ifndef __AVX512VL__
        # define __AVX512VL__
        #endif
        "MESON_GET_DEFINE_DELIMITER"
__AVX512VL__
Compiler stdout:
         "MESON_GET_DEFINE_DELIMITER"
1

Compiler stderr:
 
Fetching value of define "__AVX512VL__" : 1 
Running compile:
Working directory:  /tmp/tmp1utee476
Command line:  cc /tmp/tmp1utee476/testfile.c -pipe -E -P -D_FILE_OFFSET_BITS=64 -P -O0 -march=native 

Code:
 
        
        #ifndef __PCLMUL__
        # define __PCLMUL__
        #endif
        "MESON_GET_DEFINE_DELIMITER"
__PCLMUL__
Compiler stdout:
         "MESON_GET_DEFINE_DELIMITER"
1

Compiler stderr:
 
Fetching value of define "__PCLMUL__" : 1 
Running compile:
Working directory:  /tmp/tmpevd0qeo8
Command line:  cc /tmp/tmpevd0qeo8/testfile.c -pipe -E -P -D_FILE_OFFSET_BITS=64 -P -O0 -march=native 

Code:
 
        
        #ifndef __RDRND__
        # define __RDRND__
        #endif
        "MESON_GET_DEFINE_DELIMITER"
__RDRND__
Compiler stdout:
         "MESON_GET_DEFINE_DELIMITER"
1

Compiler stderr:
 
Fetching value of define "__RDRND__" : 1 
Running compile:
Working directory:  /tmp/tmp479_ms7_
Command line:  cc /tmp/tmp479_ms7_/testfile.c -pipe -E -P -D_FILE_OFFSET_BITS=64 -P -O0 -march=native 

Code:
 
        
        #ifndef __RDSEED__
        # define __RDSEED__
        #endif
        "MESON_GET_DEFINE_DELIMITER"
__RDSEED__
Compiler stdout:
         "MESON_GET_DEFINE_DELIMITER"
1

Compiler stderr:
 
Fetching value of define "__RDSEED__" : 1 
Running compile:
Working directory:  /tmp/tmp7eac8wpa
Command line:  cc /tmp/tmp7eac8wpa/testfile.c -pipe -E -P -D_FILE_OFFSET_BITS=64 -P -O0 -march=native 

Code:
 
        
        #ifndef __VPCLMULQDQ__
        # define __VPCLMULQDQ__
        #endif
        "MESON_GET_DEFINE_DELIMITER"
__VPCLMULQDQ__
Compiler stdout:
         "MESON_GET_DEFINE_DELIMITER"


Compiler stderr:
 
Fetching value of define "__VPCLMULQDQ__" :  
Running command: /usr/bin/python3 /home/master/dpdk/dpdk-stable-21.11.2/buildtools/list-dir-globs.py 
--- stdout ---

--- stderr ---


Running compile:
Working directory:  /home/master/dpdk/dpdk-stable-21.11.2/build/meson-private/tmpznc9tvk4
Command line:  cc /home/master/dpdk/dpdk-stable-21.11.2/build/meson-private/tmpznc9tvk4/testfile.c -o /home/master/dpdk/dpdk-stable-21.11.2/build/meson-private/tmpznc9tvk4/output.obj -pipe -c -D_FILE_OFFSET_BITS=64 -O0 -Wno-format-truncation -Wformat-truncation 

Code:
 int i;

Compiler stdout:
 
Compiler stderr:
 
Compiler for C supports arguments -Wno-format-truncation -Wformat-truncation: YES 
Running compile:
Working directory:  /home/master/dpdk/dpdk-stable-21.11.2/build/meson-private/tmp5ll4b_fz
Command line:  cc /home/master/dpdk/dpdk-stable-21.11.2/build/meson-private/tmp5ll4b_fz/testfile.c -o /home/master/dpdk/dpdk-stable-21.11.2/build/meson-private/tmp5ll4b_fz/output.exe -pipe -D_FILE_OFFSET_BITS=64 -O0 

Code:
 #include <unistd.h>
#include <limits.h>

        #if defined __stub_getentropy || defined __stub___getentropy
        fail fail fail this function is not going to work
        #endif
        
int main(void) {
            void *a = (void*) &getentropy;
            long b = (long) a;
            return (int) b;
        }
Compiler stdout:
 
Compiler stderr:
 
Checking for function "getentropy" : YES 
Using cached compile:
Cached command line:  cc /tmp/tmp1utee476/testfile.c -pipe -E -P -D_FILE_OFFSET_BITS=64 -P -O0 -march=native 

Code:
 
        
        #ifndef __PCLMUL__
        # define __PCLMUL__
        #endif
        "MESON_GET_DEFINE_DELIMITER"
__PCLMUL__
Cached compiler stdout:
         "MESON_GET_DEFINE_DELIMITER"
1

Cached compiler stderr:
 
Fetching value of define "__PCLMUL__" : 1 (cached)
Using cached compile:
Cached command line:  cc /tmp/tmpe51wa5mj/testfile.c -pipe -E -P -D_FILE_OFFSET_BITS=64 -P -O0 -march=native 

Code:
 
        
        #ifndef __AVX512F__
        # define __AVX512F__
        #endif
        "MESON_GET_DEFINE_DELIMITER"
__AVX512F__
Cached compiler stdout:
         "MESON_GET_DEFINE_DELIMITER"
1

Cached compiler stderr:
 
Fetching value of define "__AVX512F__" : 1 (cached)
Using cached compile:
Cached command line:  cc /tmp/tmp6y_dtm33/testfile.c -pipe -E -P -D_FILE_OFFSET_BITS=64 -P -O0 -march=native 

Code:
 
        
        #ifndef __AVX512BW__
        # define __AVX512BW__
        #endif
        "MESON_GET_DEFINE_DELIMITER"
__AVX512BW__
Cached compiler stdout:
         "MESON_GET_DEFINE_DELIMITER"
1

Cached compiler stderr:
 
Fetching value of define "__AVX512BW__" : 1 (cached)
Using cached compile:
Cached command line:  cc /tmp/tmpzokmanjf/testfile.c -pipe -E -P -D_FILE_OFFSET_BITS=64 -P -O0 -march=native 

Code:
 
        
        #ifndef __AVX512DQ__
        # define __AVX512DQ__
        #endif
        "MESON_GET_DEFINE_DELIMITER"
__AVX512DQ__
Cached compiler stdout:
         "MESON_GET_DEFINE_DELIMITER"
1

Cached compiler stderr:
 
Fetching value of define "__AVX512DQ__" : 1 (cached)
Using cached compile:
Cached command line:  cc /tmp/tmpa47m49xd/testfile.c -pipe -E -P -D_FILE_OFFSET_BITS=64 -P -O0 -march=native 

Code:
 
        
        #ifndef __AVX512VL__
        # define __AVX512VL__
        #endif
        "MESON_GET_DEFINE_DELIMITER"
__AVX512VL__
Cached compiler stdout:
         "MESON_GET_DEFINE_DELIMITER"
1

Cached compiler stderr:
 
Fetching value of define "__AVX512VL__" : 1 (cached)
Using cached compile:
Cached command line:  cc /tmp/tmp7eac8wpa/testfile.c -pipe -E -P -D_FILE_OFFSET_BITS=64 -P -O0 -march=native 

Code:
 
        
        #ifndef __VPCLMULQDQ__
        # define __VPCLMULQDQ__
        #endif
        "MESON_GET_DEFINE_DELIMITER"
__VPCLMULQDQ__
Cached compiler stdout:
         "MESON_GET_DEFINE_DELIMITER"


Cached compiler stderr:
 
Fetching value of define "__VPCLMULQDQ__" :  (cached)
Running compile:
Working directory:  /home/master/dpdk/dpdk-stable-21.11.2/build/meson-private/tmpg6iyki4s
Command line:  cc /home/master/dpdk/dpdk-stable-21.11.2/build/meson-private/tmpg6iyki4s/testfile.c -o /home/master/dpdk/dpdk-stable-21.11.2/build/meson-private/tmpg6iyki4s/output.obj -pipe -c -D_FILE_OFFSET_BITS=64 -O0 -mpclmul 

Code:
 int i;

Compiler stdout:
 
Compiler stderr:
 
Compiler for C supports arguments -mpclmul: YES 
Running compile:
Working directory:  /home/master/dpdk/dpdk-stable-21.11.2/build/meson-private/tmpux9ch_35
Command line:  cc /home/master/dpdk/dpdk-stable-21.11.2/build/meson-private/tmpux9ch_35/testfile.c -o /home/master/dpdk/dpdk-stable-21.11.2/build/meson-private/tmpux9ch_35/output.obj -pipe -c -D_FILE_OFFSET_BITS=64 -O0 -maes 

Code:
 int i;

Compiler stdout:
 
Compiler stderr:
 
Compiler for C supports arguments -maes: YES 
Running compile:
Working directory:  /home/master/dpdk/dpdk-stable-21.11.2/build/meson-private/tmpdq4hjtur
Command line:  cc /home/master/dpdk/dpdk-stable-21.11.2/build/meson-private/tmpdq4hjtur/testfile.c -o /home/master/dpdk/dpdk-stable-21.11.2/build/meson-private/tmpdq4hjtur/output.obj -pipe -c -D_FILE_OFFSET_BITS=64 -O0 -mavx512f 

Code:
 int i;

Compiler stdout:
 
Compiler stderr:
 
Compiler for C supports arguments -mavx512f: YES 
Running compile:
Working directory:  /home/master/dpdk/dpdk-stable-21.11.2/build/meson-private/tmpoctxvj4b
Command line:  cc /home/master/dpdk/dpdk-stable-21.11.2/build/meson-private/tmpoctxvj4b/testfile.c -o /home/master/dpdk/dpdk-stable-21.11.2/build/meson-private/tmpoctxvj4b/output.obj -pipe -c -D_FILE_OFFSET_BITS=64 -O0 -mavx512bw 

Code:
 int i;

Compiler stdout:
 
Compiler stderr:
 
Compiler for C supports arguments -mavx512bw: YES 
Running compile:
Working directory:  /home/master/dpdk/dpdk-stable-21.11.2/build/meson-private/tmphppm1fnr
Command line:  cc /home/master/dpdk/dpdk-stable-21.11.2/build/meson-private/tmphppm1fnr/testfile.c -o /home/master/dpdk/dpdk-stable-21.11.2/build/meson-private/tmphppm1fnr/output.obj -pipe -c -D_FILE_OFFSET_BITS=64 -O0 -mavx512dq 

Code:
 int i;

Compiler stdout:
 
Compiler stderr:
 
Compiler for C supports arguments -mavx512dq: YES 
Running compile:
Working directory:  /home/master/dpdk/dpdk-stable-21.11.2/build/meson-private/tmpvlz4k9nq
Command line:  cc /home/master/dpdk/dpdk-stable-21.11.2/build/meson-private/tmpvlz4k9nq/testfile.c -o /home/master/dpdk/dpdk-stable-21.11.2/build/meson-private/tmpvlz4k9nq/output.obj -pipe -c -D_FILE_OFFSET_BITS=64 -O0 -mavx512vl 

Code:
 int i;

Compiler stdout:
 
Compiler stderr:
 
Compiler for C supports arguments -mavx512vl: YES 
Running compile:
Working directory:  /home/master/dpdk/dpdk-stable-21.11.2/build/meson-private/tmpf901xfwg
Command line:  cc /home/master/dpdk/dpdk-stable-21.11.2/build/meson-private/tmpf901xfwg/testfile.c -o /home/master/dpdk/dpdk-stable-21.11.2/build/meson-private/tmpf901xfwg/output.obj -pipe -c -D_FILE_OFFSET_BITS=64 -O0 -mvpclmulqdq 

Code:
 int i;

Compiler stdout:
 
Compiler stderr:
 
Compiler for C supports arguments -mvpclmulqdq: YES 
Running compile:
Working directory:  /home/master/dpdk/dpdk-stable-21.11.2/build/meson-private/tmp_tltqmxh
Command line:  cc /home/master/dpdk/dpdk-stable-21.11.2/build/meson-private/tmp_tltqmxh/testfile.c -o /home/master/dpdk/dpdk-stable-21.11.2/build/meson-private/tmp_tltqmxh/output.obj -pipe -c -D_FILE_OFFSET_BITS=64 -O0 -mavx2 

Code:
 int i;

Compiler stdout:
 
Compiler stderr:
 
Compiler for C supports arguments -mavx2: YES 
Running compile:
Working directory:  /home/master/dpdk/dpdk-stable-21.11.2/build/meson-private/tmpd1m7s7nv
Command line:  cc /home/master/dpdk/dpdk-stable-21.11.2/build/meson-private/tmpd1m7s7nv/testfile.c -o /home/master/dpdk/dpdk-stable-21.11.2/build/meson-private/tmpd1m7s7nv/output.obj -pipe -c -D_FILE_OFFSET_BITS=64 -O0 -mavx 

Code:
 int i;

Compiler stdout:
 
Compiler stderr:
 
Compiler for C supports arguments -mavx: YES 
Using cached compile:
Cached command line:  cc /tmp/tmpt15ok3i1/testfile.c -pipe -E -P -D_FILE_OFFSET_BITS=64 -P -O0 -march=native 

Code:
 
        
        #ifndef __AVX2__
        # define __AVX2__
        #endif
        "MESON_GET_DEFINE_DELIMITER"
__AVX2__
Cached compiler stdout:
         "MESON_GET_DEFINE_DELIMITER"
1

Cached compiler stderr:
 
Fetching value of define "__AVX2__" : 1 (cached)
Using cached compile:
Cached command line:  cc /tmp/tmpe51wa5mj/testfile.c -pipe -E -P -D_FILE_OFFSET_BITS=64 -P -O0 -march=native 

Code:
 
        
        #ifndef __AVX512F__
        # define __AVX512F__
        #endif
        "MESON_GET_DEFINE_DELIMITER"
__AVX512F__
Cached compiler stdout:
         "MESON_GET_DEFINE_DELIMITER"
1

Cached compiler stderr:
 
Fetching value of define "__AVX512F__" : 1 (cached)
Using cached compile:
Cached command line:  cc /tmp/tmpa47m49xd/testfile.c -pipe -E -P -D_FILE_OFFSET_BITS=64 -P -O0 -march=native 

Code:
 
        
        #ifndef __AVX512VL__
        # define __AVX512VL__
        #endif
        "MESON_GET_DEFINE_DELIMITER"
__AVX512VL__
Cached compiler stdout:
         "MESON_GET_DEFINE_DELIMITER"
1

Cached compiler stderr:
 
Fetching value of define "__AVX512VL__" : 1 (cached)
Using cached compile:
Cached command line:  cc /tmp/tmpa3qt8ly_/testfile.c -pipe -E -P -D_FILE_OFFSET_BITS=64 -P -O0 -march=native 

Code:
 
        
        #ifndef __AVX512CD__
        # define __AVX512CD__
        #endif
        "MESON_GET_DEFINE_DELIMITER"
__AVX512CD__
Cached compiler stdout:
         "MESON_GET_DEFINE_DELIMITER"
1

Cached compiler stderr:
 
Fetching value of define "__AVX512CD__" : 1 (cached)
Using cached compile:
Cached command line:  cc /tmp/tmp6y_dtm33/testfile.c -pipe -E -P -D_FILE_OFFSET_BITS=64 -P -O0 -march=native 

Code:
 
        
        #ifndef __AVX512BW__
        # define __AVX512BW__
        #endif
        "MESON_GET_DEFINE_DELIMITER"
__AVX512BW__
Cached compiler stdout:
         "MESON_GET_DEFINE_DELIMITER"
1

Cached compiler stderr:
 
Fetching value of define "__AVX512BW__" : 1 (cached)
Pkg-config binary for MachineChoice.HOST is cached.
Determining dependency 'libelf' with pkg-config executable '/usr/bin/pkg-config'
PKG_CONFIG_PATH: 
Called `/usr/bin/pkg-config --modversion libelf` -> 1

Run-time dependency libelf found: NO (tried pkgconfig)
lib/bpf/meson.build:36: WARNING: libelf is missing, rte_bpf_elf_load API will be disabled
lib/bpf/meson.build:43: WARNING: libpcap is missing, rte_bpf_convert API will be disabled
Running compile:
Working directory:  /home/master/dpdk/dpdk-stable-21.11.2/build/meson-private/tmpy81kbl8j
Command line:  cc /home/master/dpdk/dpdk-stable-21.11.2/build/meson-private/tmpy81kbl8j/testfile.c -o /home/master/dpdk/dpdk-stable-21.11.2/build/meson-private/tmpy81kbl8j/output.obj -pipe -c -D_FILE_OFFSET_BITS=64 -O0 -Wno-cast-qual -Wcast-qual 

Code:
 int i;

Compiler stdout:
 
Compiler stderr:
 
Compiler for C supports arguments -Wno-cast-qual -Wcast-qual: YES 
Running compile:
Working directory:  /home/master/dpdk/dpdk-stable-21.11.2/build/meson-private/tmpziayc9b5
Command line:  cc /home/master/dpdk/dpdk-stable-21.11.2/build/meson-private/tmpziayc9b5/testfile.c -pipe -E -P -D_FILE_OFFSET_BITS=64 -P -O0 

Code:
 
        #ifdef __has_include
         #if !__has_include("linux/userfaultfd.h")
          #error "Header 'linux/userfaultfd.h' could not be found"
         #endif
        #else
         #include <linux/userfaultfd.h>
        #endif
Compiler stdout:
 
Compiler stderr:
 
Has header "linux/userfaultfd.h" : YES 
Using cached compile:
Cached command line:  cc /tmp/tmpe51wa5mj/testfile.c -pipe -E -P -D_FILE_OFFSET_BITS=64 -P -O0 -march=native 

Code:
 
        
        #ifndef __AVX512F__
        # define __AVX512F__
        #endif
        "MESON_GET_DEFINE_DELIMITER"
__AVX512F__
Cached compiler stdout:
         "MESON_GET_DEFINE_DELIMITER"
1

Cached compiler stderr:
 
Fetching value of define "__AVX512F__" : 1 (cached)
Using cached compile:
Cached command line:  cc /tmp/tmpzokmanjf/testfile.c -pipe -E -P -D_FILE_OFFSET_BITS=64 -P -O0 -march=native 

Code:
 
        
        #ifndef __AVX512DQ__
        # define __AVX512DQ__
        #endif
        "MESON_GET_DEFINE_DELIMITER"
__AVX512DQ__
Cached compiler stdout:
         "MESON_GET_DEFINE_DELIMITER"
1

Cached compiler stderr:
 
Fetching value of define "__AVX512DQ__" : 1 (cached)
Using cached compile:
Cached command line:  cc /tmp/tmp6y_dtm33/testfile.c -pipe -E -P -D_FILE_OFFSET_BITS=64 -P -O0 -march=native 

Code:
 
        
        #ifndef __AVX512BW__
        # define __AVX512BW__
        #endif
        "MESON_GET_DEFINE_DELIMITER"
__AVX512BW__
Cached compiler stdout:
         "MESON_GET_DEFINE_DELIMITER"
1

Cached compiler stderr:
 
Fetching value of define "__AVX512BW__" : 1 (cached)
Running command: /usr/bin/python3 /home/master/dpdk/dpdk-stable-21.11.2/buildtools/list-dir-globs.py ,
--- stdout ---

--- stderr ---


Running command: /usr/bin/python3 /home/master/dpdk/dpdk-stable-21.11.2/buildtools/list-dir-globs.py ,
--- stdout ---

--- stderr ---


Running command: /usr/bin/python3 /home/master/dpdk/dpdk-stable-21.11.2/buildtools/list-dir-globs.py */*
--- stdout ---
regex/mlx5
regex/octeontx2
dma/hisilicon
dma/idxd
dma/ioat
dma/dpaa
dma/cnxk
dma/skeleton
common/qat
common/sfc_efx
common/mlx5
common/cpt
common/octeontx
common/dpaax
common/iavf
common/cnxk
common/mvep
common/octeontx2
compress/qat
compress/mlx5
compress/isal
compress/octeontx
compress/zlib
vdpa/sfc
vdpa/mlx5
vdpa/ifc
raw/ifpga
raw/ioat
raw/dpaa2_qdma
raw/cnxk_bphy
raw/ntb
raw/skeleton
raw/dpaa2_cmdif
bus/ifpga
bus/auxiliary
bus/dpaa
bus/vmbus
bus/vdev
bus/pci
bus/fslmc
baseband/fpga_5gnr_fec
baseband/turbo_sw
baseband/acc100
baseband/la12xx
baseband/null
baseband/fpga_lte_fec
net/sfc
net/vhost
net/ixgbe
net/ionic
net/cxgbe
net/octeontx_ep
net/dpaa2
net/netvsc
net/avp
net/ark
net/ice
net/bonding
net/fm10k
net/ipn3ke
net/ring
net/mlx5
net/softnic
net/qede
net/atlantic
net/hinic
net/bnx2x
net/dpaa
net/hns3
net/tap
net/mvneta
net/vmxnet3
net/nfp
net/octeontx
net/pcap
net/liquidio
net/pfe
net/enetc
net/mvpp2
net/af_packet
net/axgbe
net/iavf
net/failsafe
net/virtio
net/mlx4
net/cnxk
net/bnxt
net/enetfec
net/ngbe
net/ena
net/vdev_netvsc
net/af_xdp
net/e1000
net/igc
net/nfb
net/octeontx2
net/txgbe
net/enic
net/i40e
net/thunderx
net/kni
net/null
net/memif
crypto/ipsec_mb
crypto/ccp
crypto/qat
crypto/dpaa2_sec
crypto/mlx5
crypto/armv8
crypto/dpaa_sec
crypto/octeontx
crypto/caam_jr
crypto/bcmfs
crypto/virtio
crypto/openssl
crypto/cnxk
crypto/nitrox
crypto/mvsam
crypto/octeontx2
crypto/scheduler
crypto/null
gpu/cuda
mempool/dpaa2
mempool/ring
mempool/bucket
mempool/dpaa
mempool/octeontx
mempool/cnxk
mempool/stack
mempool/octeontx2
event/dpaa2
event/dpaa
event/dlb2
event/octeontx
event/cnxk
event/octeontx2
event/sw
event/opdl
event/skeleton
event/dsw

--- stderr ---


Running compile:
Working directory:  /home/master/dpdk/dpdk-stable-21.11.2/build/meson-private/tmp8ycf0u4t
Command line:  cc /home/master/dpdk/dpdk-stable-21.11.2/build/meson-private/tmp8ycf0u4t/testfile.c -o /home/master/dpdk/dpdk-stable-21.11.2/build/meson-private/tmp8ycf0u4t/output.obj -pipe -c -D_FILE_OFFSET_BITS=64 -O0 -Wno-format-truncation -Wformat-truncation 

Code:
 int i;

Compiler stdout:
 
Compiler stderr:
 
Compiler for C supports arguments -Wno-format-truncation -Wformat-truncation: YES 
Running compile:
Working directory:  /home/master/dpdk/dpdk-stable-21.11.2/build/meson-private/tmp5v70p0i1
Command line:  cc /home/master/dpdk/dpdk-stable-21.11.2/build/meson-private/tmp5v70p0i1/testfile.c -o /home/master/dpdk/dpdk-stable-21.11.2/build/meson-private/tmp5v70p0i1/output.obj -pipe -c -D_FILE_OFFSET_BITS=64 -O0 -Wno-cast-qual -Wcast-qual 

Code:
 int i;

Compiler stdout:
 
Compiler stderr:
 
Compiler for C supports arguments -Wno-cast-qual -Wcast-qual: YES 
Running compile:
Working directory:  /home/master/dpdk/dpdk-stable-21.11.2/build/meson-private/tmp3ib4gxg8
Command line:  cc /home/master/dpdk/dpdk-stable-21.11.2/build/meson-private/tmp3ib4gxg8/testfile.c -o /home/master/dpdk/dpdk-stable-21.11.2/build/meson-private/tmp3ib4gxg8/output.obj -pipe -c -D_FILE_OFFSET_BITS=64 -O0 -Wno-pointer-arith -Wpointer-arith 

Code:
 int i;

Compiler stdout:
 
Compiler stderr:
 
Compiler for C supports arguments -Wno-pointer-arith -Wpointer-arith: YES 
Running compile:
Working directory:  /home/master/dpdk/dpdk-stable-21.11.2/build/meson-private/tmpca61so_b
Command line:  cc /home/master/dpdk/dpdk-stable-21.11.2/build/meson-private/tmpca61so_b/testfile.c -o /home/master/dpdk/dpdk-stable-21.11.2/build/meson-private/tmpca61so_b/output.obj -pipe -c -D_FILE_OFFSET_BITS=64 -O0 -Wno-pointer-to-int-cast -Wpointer-to-int-cast 

Code:
 int i;

Compiler stdout:
 
Compiler stderr:
 
Compiler for C supports arguments -Wno-pointer-to-int-cast -Wpointer-to-int-cast: YES 
Pkg-config binary for MachineChoice.HOST is cached.
Determining dependency 'libmusdk' with pkg-config executable '/usr/bin/pkg-config'
PKG_CONFIG_PATH: 
Called `/usr/bin/pkg-config --modversion libmusdk` -> 1

Run-time dependency libmusdk found: NO (tried pkgconfig)
Running compile:
Working directory:  /home/master/dpdk/dpdk-stable-21.11.2/build/meson-private/tmps5m0pd7p
Command line:  cc /home/master/dpdk/dpdk-stable-21.11.2/build/meson-private/tmps5m0pd7p/testfile.c -o /home/master/dpdk/dpdk-stable-21.11.2/build/meson-private/tmps5m0pd7p/output.obj -pipe -c -D_FILE_OFFSET_BITS=64 -O0 -Wno-cast-qual -Wcast-qual 

Code:
 int i;

Compiler stdout:
 
Compiler stderr:
 
Compiler for C supports arguments -Wno-cast-qual -Wcast-qual: YES 
Running compile:
Working directory:  /home/master/dpdk/dpdk-stable-21.11.2/build/meson-private/tmpyoj_7di4
Command line:  cc /home/master/dpdk/dpdk-stable-21.11.2/build/meson-private/tmpyoj_7di4/testfile.c -o /home/master/dpdk/dpdk-stable-21.11.2/build/meson-private/tmpyoj_7di4/output.obj -pipe -c -D_FILE_OFFSET_BITS=64 -O0 -Wno-pointer-arith -Wpointer-arith 

Code:
 int i;

Compiler stdout:
 
Compiler stderr:
 
Compiler for C supports arguments -Wno-pointer-arith -Wpointer-arith: YES 
Running compile:
Working directory:  /home/master/dpdk/dpdk-stable-21.11.2/build/meson-private/tmpi8x3mws9
Command line:  cc /home/master/dpdk/dpdk-stable-21.11.2/build/meson-private/tmpi8x3mws9/testfile.c -o /home/master/dpdk/dpdk-stable-21.11.2/build/meson-private/tmpi8x3mws9/output.obj -pipe -c -D_FILE_OFFSET_BITS=64 -O0 -std=c11 

Code:
 int i;

Compiler stdout:
 
Compiler stderr:
 
Compiler for C supports arguments -std=c11: YES 
Running compile:
Working directory:  /home/master/dpdk/dpdk-stable-21.11.2/build/meson-private/tmp9_yhkr85
Command line:  cc /home/master/dpdk/dpdk-stable-21.11.2/build/meson-private/tmp9_yhkr85/testfile.c -o /home/master/dpdk/dpdk-stable-21.11.2/build/meson-private/tmp9_yhkr85/output.obj -pipe -c -D_FILE_OFFSET_BITS=64 -O0 -Wno-strict-prototypes -Wstrict-prototypes 

Code:
 int i;

Compiler stdout:
 
Compiler stderr:
 
Compiler for C supports arguments -Wno-strict-prototypes -Wstrict-prototypes: YES 
Running compile:
Working directory:  /home/master/dpdk/dpdk-stable-21.11.2/build/meson-private/tmpswjp0613
Command line:  cc /home/master/dpdk/dpdk-stable-21.11.2/build/meson-private/tmpswjp0613/testfile.c -o /home/master/dpdk/dpdk-stable-21.11.2/build/meson-private/tmpswjp0613/output.obj -pipe -c -D_FILE_OFFSET_BITS=64 -O0 -D_BSD_SOURCE 

Code:
 int i;

Compiler stdout:
 
Compiler stderr:
 
Compiler for C supports arguments -D_BSD_SOURCE: YES 
Running compile:
Working directory:  /home/master/dpdk/dpdk-stable-21.11.2/build/meson-private/tmpor4beu06
Command line:  cc /home/master/dpdk/dpdk-stable-21.11.2/build/meson-private/tmpor4beu06/testfile.c -o /home/master/dpdk/dpdk-stable-21.11.2/build/meson-private/tmpor4beu06/output.obj -pipe -c -D_FILE_OFFSET_BITS=64 -O0 -D_DEFAULT_SOURCE 

Code:
 int i;

Compiler stdout:
 
Compiler stderr:
 
Compiler for C supports arguments -D_DEFAULT_SOURCE: YES 
Running compile:
Working directory:  /home/master/dpdk/dpdk-stable-21.11.2/build/meson-private/tmpvd8u416_
Command line:  cc /home/master/dpdk/dpdk-stable-21.11.2/build/meson-private/tmpvd8u416_/testfile.c -o /home/master/dpdk/dpdk-stable-21.11.2/build/meson-private/tmpvd8u416_/output.obj -pipe -c -D_FILE_OFFSET_BITS=64 -O0 -D_XOPEN_SOURCE=600 

Code:
 int i;

Compiler stdout:
 
Compiler stderr:
 
Compiler for C supports arguments -D_XOPEN_SOURCE=600: YES 
Pkg-config binary for MachineChoice.HOST is cached.
Determining dependency 'libmlx5' with pkg-config executable '/usr/bin/pkg-config'
PKG_CONFIG_PATH: 
Called `/usr/bin/pkg-config --modversion libmlx5` -> 0
1.12.28.0
PKG_CONFIG_PATH: 
Called `/usr/bin/pkg-config --cflags libmlx5` -> 0
-I/usr/include/libnl3
PKG_CONFIG_PATH: 
Called `/usr/bin/pkg-config libmlx5 --libs` -> 0
-L/usr/lib/x86_64-linux-gnu -lmlx5
PKG_CONFIG_PATH: 
Called `/usr/bin/pkg-config libmlx5 --libs` -> 0
-L/usr/lib/x86_64-linux-gnu -lmlx5
Run-time dependency libmlx5 found: YES 1.12.28.0
Pkg-config binary for MachineChoice.HOST is cached.
Determining dependency 'libibverbs' with pkg-config executable '/usr/bin/pkg-config'
PKG_CONFIG_PATH: 
Called `/usr/bin/pkg-config --modversion libibverbs` -> 0
1.8.28.0
PKG_CONFIG_PATH: 
Called `/usr/bin/pkg-config --cflags libibverbs` -> 0
-I/usr/include/libnl3
PKG_CONFIG_PATH: 
Called `/usr/bin/pkg-config libibverbs --libs` -> 0
-L/usr/lib/x86_64-linux-gnu -libverbs
PKG_CONFIG_PATH: 
Called `/usr/bin/pkg-config libibverbs --libs` -> 0
-L/usr/lib/x86_64-linux-gnu -libverbs
Run-time dependency libibverbs found: YES 1.8.28.0
Running compile:
Working directory:  /home/master/dpdk/dpdk-stable-21.11.2/build/meson-private/tmpwxwittdw
Command line:  cc -I/usr/include/libnl3 /home/master/dpdk/dpdk-stable-21.11.2/build/meson-private/tmpwxwittdw/testfile.c -o /home/master/dpdk/dpdk-stable-21.11.2/build/meson-private/tmpwxwittdw/output.obj -pipe -c -D_FILE_OFFSET_BITS=64 -O0 

Code:
 
        #include <infiniband/verbs.h>
        int main(void) {
            /* If it's not defined as a macro, try to use as a symbol */
            #ifndef IBV_ACCESS_RELAXED_ORDERING 
                IBV_ACCESS_RELAXED_ORDERING ;
            #endif
            return 0;
        }
Compiler stdout:
 
Compiler stderr:
 
Header <infiniband/verbs.h> has symbol "IBV_ACCESS_RELAXED_ORDERING " with dependencies libmlx5, libibverbs: YES 
Running compile:
Working directory:  /home/master/dpdk/dpdk-stable-21.11.2/build/meson-private/tmp60s49h5p
Command line:  cc -I/usr/include/libnl3 /home/master/dpdk/dpdk-stable-21.11.2/build/meson-private/tmp60s49h5p/testfile.c -o /home/master/dpdk/dpdk-stable-21.11.2/build/meson-private/tmp60s49h5p/output.obj -pipe -c -D_FILE_OFFSET_BITS=64 -O0 

Code:
 
        #include <infiniband/mlx5dv.h>
        int main(void) {
            /* If it's not defined as a macro, try to use as a symbol */
            #ifndef MLX5DV_CQE_RES_FORMAT_CSUM_STRIDX
                MLX5DV_CQE_RES_FORMAT_CSUM_STRIDX;
            #endif
            return 0;
        }
Compiler stdout:
 
Compiler stderr:
 
Header <infiniband/mlx5dv.h> has symbol "MLX5DV_CQE_RES_FORMAT_CSUM_STRIDX" with dependencies libmlx5, libibverbs: YES 
Running compile:
Working directory:  /home/master/dpdk/dpdk-stable-21.11.2/build/meson-private/tmpgvviz4d4
Command line:  cc -I/usr/include/libnl3 /home/master/dpdk/dpdk-stable-21.11.2/build/meson-private/tmpgvviz4d4/testfile.c -o /home/master/dpdk/dpdk-stable-21.11.2/build/meson-private/tmpgvviz4d4/output.obj -pipe -c -D_FILE_OFFSET_BITS=64 -O0 

Code:
 
        #include <infiniband/mlx5dv.h>
        int main(void) {
            /* If it's not defined as a macro, try to use as a symbol */
            #ifndef MLX5DV_CONTEXT_MASK_TUNNEL_OFFLOADS
                MLX5DV_CONTEXT_MASK_TUNNEL_OFFLOADS;
            #endif
            return 0;
        }
Compiler stdout:
 
Compiler stderr:
 
Header <infiniband/mlx5dv.h> has symbol "MLX5DV_CONTEXT_MASK_TUNNEL_OFFLOADS" with dependencies libmlx5, libibverbs: YES 
Running compile:
Working directory:  /home/master/dpdk/dpdk-stable-21.11.2/build/meson-private/tmp73r1u9iv
Command line:  cc -I/usr/include/libnl3 /home/master/dpdk/dpdk-stable-21.11.2/build/meson-private/tmp73r1u9iv/testfile.c -o /home/master/dpdk/dpdk-stable-21.11.2/build/meson-private/tmp73r1u9iv/output.obj -pipe -c -D_FILE_OFFSET_BITS=64 -O0 

Code:
 
        #include <infiniband/mlx5dv.h>
        int main(void) {
            /* If it's not defined as a macro, try to use as a symbol */
            #ifndef MLX5DV_CONTEXT_FLAGS_MPW_ALLOWED
                MLX5DV_CONTEXT_FLAGS_MPW_ALLOWED;
            #endif
            return 0;
        }
Compiler stdout:
 
Compiler stderr:
 
Header <infiniband/mlx5dv.h> has symbol "MLX5DV_CONTEXT_FLAGS_MPW_ALLOWED" with dependencies libmlx5, libibverbs: YES 
Running compile:
Working directory:  /home/master/dpdk/dpdk-stable-21.11.2/build/meson-private/tmp_kek2re8
Command line:  cc -I/usr/include/libnl3 /home/master/dpdk/dpdk-stable-21.11.2/build/meson-private/tmp_kek2re8/testfile.c -o /home/master/dpdk/dpdk-stable-21.11.2/build/meson-private/tmp_kek2re8/output.obj -pipe -c -D_FILE_OFFSET_BITS=64 -O0 

Code:
 
        #include <infiniband/mlx5dv.h>
        int main(void) {
            /* If it's not defined as a macro, try to use as a symbol */
            #ifndef MLX5DV_CONTEXT_FLAGS_CQE_128B_COMP
                MLX5DV_CONTEXT_FLAGS_CQE_128B_COMP;
            #endif
            return 0;
        }
Compiler stdout:
 
Compiler stderr:
 
Header <infiniband/mlx5dv.h> has symbol "MLX5DV_CONTEXT_FLAGS_CQE_128B_COMP" with dependencies libmlx5, libibverbs: YES 
Running compile:
Working directory:  /home/master/dpdk/dpdk-stable-21.11.2/build/meson-private/tmpiya6z593
Command line:  cc -I/usr/include/libnl3 /home/master/dpdk/dpdk-stable-21.11.2/build/meson-private/tmpiya6z593/testfile.c -o /home/master/dpdk/dpdk-stable-21.11.2/build/meson-private/tmpiya6z593/output.obj -pipe -c -D_FILE_OFFSET_BITS=64 -O0 

Code:
 
        #include <infiniband/mlx5dv.h>
        int main(void) {
            /* If it's not defined as a macro, try to use as a symbol */
            #ifndef MLX5DV_CQ_INIT_ATTR_FLAGS_CQE_PAD
                MLX5DV_CQ_INIT_ATTR_FLAGS_CQE_PAD;
            #endif
            return 0;
        }
Compiler stdout:
 
Compiler stderr:
 
Header <infiniband/mlx5dv.h> has symbol "MLX5DV_CQ_INIT_ATTR_FLAGS_CQE_PAD" with dependencies libmlx5, libibverbs: YES 
Running compile:
Working directory:  /home/master/dpdk/dpdk-stable-21.11.2/build/meson-private/tmpr_fu8qye
Command line:  cc -I/usr/include/libnl3 /home/master/dpdk/dpdk-stable-21.11.2/build/meson-private/tmpr_fu8qye/testfile.c -o /home/master/dpdk/dpdk-stable-21.11.2/build/meson-private/tmpr_fu8qye/output.obj -pipe -c -D_FILE_OFFSET_BITS=64 -O0 

Code:
 
        #include <infiniband/mlx5dv.h>
        int main(void) {
            /* If it's not defined as a macro, try to use as a symbol */
            #ifndef mlx5dv_create_flow_action_packet_reformat
                mlx5dv_create_flow_action_packet_reformat;
            #endif
            return 0;
        }
Compiler stdout:
 
Compiler stderr:
 
Header <infiniband/mlx5dv.h> has symbol "mlx5dv_create_flow_action_packet_reformat" with dependencies libmlx5, libibverbs: YES 
Running compile:
Working directory:  /home/master/dpdk/dpdk-stable-21.11.2/build/meson-private/tmpjryrab8e
Command line:  cc -I/usr/include/libnl3 /home/master/dpdk/dpdk-stable-21.11.2/build/meson-private/tmpjryrab8e/testfile.c -o /home/master/dpdk/dpdk-stable-21.11.2/build/meson-private/tmpjryrab8e/output.obj -pipe -c -D_FILE_OFFSET_BITS=64 -O0 

Code:
 
        #include <infiniband/verbs.h>
        int main(void) {
            /* If it's not defined as a macro, try to use as a symbol */
            #ifndef IBV_FLOW_SPEC_MPLS
                IBV_FLOW_SPEC_MPLS;
            #endif
            return 0;
        }
Compiler stdout:
 
Compiler stderr:
 
Header <infiniband/verbs.h> has symbol "IBV_FLOW_SPEC_MPLS" with dependencies libmlx5, libibverbs: YES 
Running compile:
Working directory:  /home/master/dpdk/dpdk-stable-21.11.2/build/meson-private/tmpdn8kmyng
Command line:  cc -I/usr/include/libnl3 /home/master/dpdk/dpdk-stable-21.11.2/build/meson-private/tmpdn8kmyng/testfile.c -o /home/master/dpdk/dpdk-stable-21.11.2/build/meson-private/tmpdn8kmyng/output.obj -pipe -c -D_FILE_OFFSET_BITS=64 -O0 

Code:
 
        #include <infiniband/verbs.h>
        int main(void) {
            /* If it's not defined as a macro, try to use as a symbol */
            #ifndef IBV_WQ_FLAGS_PCI_WRITE_END_PADDING
                IBV_WQ_FLAGS_PCI_WRITE_END_PADDING;
            #endif
            return 0;
        }
Compiler stdout:
 
Compiler stderr:
 
Header <infiniband/verbs.h> has symbol "IBV_WQ_FLAGS_PCI_WRITE_END_PADDING" with dependencies libmlx5, libibverbs: YES 
Running compile:
Working directory:  /home/master/dpdk/dpdk-stable-21.11.2/build/meson-private/tmpreaw2jm5
Command line:  cc -I/usr/include/libnl3 /home/master/dpdk/dpdk-stable-21.11.2/build/meson-private/tmpreaw2jm5/testfile.c -o /home/master/dpdk/dpdk-stable-21.11.2/build/meson-private/tmpreaw2jm5/output.obj -pipe -c -D_FILE_OFFSET_BITS=64 -O0 

Code:
 
        #include <infiniband/verbs.h>
        int main(void) {
            /* If it's not defined as a macro, try to use as a symbol */
            #ifndef IBV_WQ_FLAG_RX_END_PADDING
                IBV_WQ_FLAG_RX_END_PADDING;
            #endif
            return 0;
        }
Compiler stdout:
 
Compiler stderr:
 /home/master/dpdk/dpdk-stable-21.11.2/build/meson-private/tmpreaw2jm5/testfile.c: In function 'main':
/home/master/dpdk/dpdk-stable-21.11.2/build/meson-private/tmpreaw2jm5/testfile.c:6:17: error: 'IBV_WQ_FLAG_RX_END_PADDING' undeclared (first use in this function); did you mean 'IBV_WQ_FLAGS_PCI_WRITE_END_PADDING'?
    6 |                 IBV_WQ_FLAG_RX_END_PADDING;
      |                 ^~~~~~~~~~~~~~~~~~~~~~~~~~
      |                 IBV_WQ_FLAGS_PCI_WRITE_END_PADDING
/home/master/dpdk/dpdk-stable-21.11.2/build/meson-private/tmpreaw2jm5/testfile.c:6:17: note: each undeclared identifier is reported only once for each function it appears in

Header <infiniband/verbs.h> has symbol "IBV_WQ_FLAG_RX_END_PADDING" with dependencies libmlx5, libibverbs: NO 
Running compile:
Working directory:  /home/master/dpdk/dpdk-stable-21.11.2/build/meson-private/tmpcxfdvrdy
Command line:  cc -I/usr/include/libnl3 /home/master/dpdk/dpdk-stable-21.11.2/build/meson-private/tmpcxfdvrdy/testfile.c -o /home/master/dpdk/dpdk-stable-21.11.2/build/meson-private/tmpcxfdvrdy/output.obj -pipe -c -D_FILE_OFFSET_BITS=64 -O0 

Code:
 
        #include <infiniband/mlx5dv.h>
        int main(void) {
            /* If it's not defined as a macro, try to use as a symbol */
            #ifndef mlx5dv_query_devx_port
                mlx5dv_query_devx_port;
            #endif
            return 0;
        }
Compiler stdout:
 
Compiler stderr:
 /home/master/dpdk/dpdk-stable-21.11.2/build/meson-private/tmpcxfdvrdy/testfile.c: In function 'main':
/home/master/dpdk/dpdk-stable-21.11.2/build/meson-private/tmpcxfdvrdy/testfile.c:6:17: error: 'mlx5dv_query_devx_port' undeclared (first use in this function); did you mean 'mlx5dv_query_device'?
    6 |                 mlx5dv_query_devx_port;
      |                 ^~~~~~~~~~~~~~~~~~~~~~
      |                 mlx5dv_query_device
/home/master/dpdk/dpdk-stable-21.11.2/build/meson-private/tmpcxfdvrdy/testfile.c:6:17: note: each undeclared identifier is reported only once for each function it appears in

Header <infiniband/mlx5dv.h> has symbol "mlx5dv_query_devx_port" with dependencies libmlx5, libibverbs: NO 
Running compile:
Working directory:  /home/master/dpdk/dpdk-stable-21.11.2/build/meson-private/tmpt5wh9sy8
Command line:  cc -I/usr/include/libnl3 /home/master/dpdk/dpdk-stable-21.11.2/build/meson-private/tmpt5wh9sy8/testfile.c -o /home/master/dpdk/dpdk-stable-21.11.2/build/meson-private/tmpt5wh9sy8/output.obj -pipe -c -D_FILE_OFFSET_BITS=64 -O0 

Code:
 
        #include <infiniband/mlx5dv.h>
        int main(void) {
            /* If it's not defined as a macro, try to use as a symbol */
            #ifndef mlx5dv_query_port
                mlx5dv_query_port;
            #endif
            return 0;
        }
Compiler stdout:
 
Compiler stderr:
 /home/master/dpdk/dpdk-stable-21.11.2/build/meson-private/tmpt5wh9sy8/testfile.c: In function 'main':
/home/master/dpdk/dpdk-stable-21.11.2/build/meson-private/tmpt5wh9sy8/testfile.c:6:17: error: 'mlx5dv_query_port' undeclared (first use in this function); did you mean 'ibv_query_port'?
    6 |                 mlx5dv_query_port;
      |                 ^~~~~~~~~~~~~~~~~
      |                 ibv_query_port
/home/master/dpdk/dpdk-stable-21.11.2/build/meson-private/tmpt5wh9sy8/testfile.c:6:17: note: each undeclared identifier is reported only once for each function it appears in

Header <infiniband/mlx5dv.h> has symbol "mlx5dv_query_port" with dependencies libmlx5, libibverbs: NO 
Running compile:
Working directory:  /home/master/dpdk/dpdk-stable-21.11.2/build/meson-private/tmp6iemn4oh
Command line:  cc -I/usr/include/libnl3 /home/master/dpdk/dpdk-stable-21.11.2/build/meson-private/tmp6iemn4oh/testfile.c -o /home/master/dpdk/dpdk-stable-21.11.2/build/meson-private/tmp6iemn4oh/output.obj -pipe -c -D_FILE_OFFSET_BITS=64 -O0 

Code:
 
        #include <infiniband/mlx5dv.h>
        int main(void) {
            /* If it's not defined as a macro, try to use as a symbol */
            #ifndef mlx5dv_dr_action_create_dest_ib_port
                mlx5dv_dr_action_create_dest_ib_port;
            #endif
            return 0;
        }
Compiler stdout:
 
Compiler stderr:
 /home/master/dpdk/dpdk-stable-21.11.2/build/meson-private/tmp6iemn4oh/testfile.c: In function 'main':
/home/master/dpdk/dpdk-stable-21.11.2/build/meson-private/tmp6iemn4oh/testfile.c:6:17: error: 'mlx5dv_dr_action_create_dest_ib_port' undeclared (first use in this function); did you mean 'mlx5dv_dr_action_create_dest_vport'?
    6 |                 mlx5dv_dr_action_create_dest_ib_port;
      |                 ^~~~~~~~~~~~~~~~~~~~~~~~~~~~~~~~~~~~
      |                 mlx5dv_dr_action_create_dest_vport
/home/master/dpdk/dpdk-stable-21.11.2/build/meson-private/tmp6iemn4oh/testfile.c:6:17: note: each undeclared identifier is reported only once for each function it appears in

Header <infiniband/mlx5dv.h> has symbol "mlx5dv_dr_action_create_dest_ib_port" with dependencies libmlx5, libibverbs: NO 
Running compile:
Working directory:  /home/master/dpdk/dpdk-stable-21.11.2/build/meson-private/tmpkwiwaca0
Command line:  cc -I/usr/include/libnl3 /home/master/dpdk/dpdk-stable-21.11.2/build/meson-private/tmpkwiwaca0/testfile.c -o /home/master/dpdk/dpdk-stable-21.11.2/build/meson-private/tmpkwiwaca0/output.obj -pipe -c -D_FILE_OFFSET_BITS=64 -O0 

Code:
 
        #include <infiniband/mlx5dv.h>
        int main(void) {
            /* If it's not defined as a macro, try to use as a symbol */
            #ifndef mlx5dv_devx_obj_create
                mlx5dv_devx_obj_create;
            #endif
            return 0;
        }
Compiler stdout:
 
Compiler stderr:
 
Header <infiniband/mlx5dv.h> has symbol "mlx5dv_devx_obj_create" with dependencies libmlx5, libibverbs: YES 
Running compile:
Working directory:  /home/master/dpdk/dpdk-stable-21.11.2/build/meson-private/tmpvanpq6wk
Command line:  cc -I/usr/include/libnl3 /home/master/dpdk/dpdk-stable-21.11.2/build/meson-private/tmpvanpq6wk/testfile.c -o /home/master/dpdk/dpdk-stable-21.11.2/build/meson-private/tmpvanpq6wk/output.obj -pipe -c -D_FILE_OFFSET_BITS=64 -O0 

Code:
 
        #include <infiniband/mlx5dv.h>
        int main(void) {
            /* If it's not defined as a macro, try to use as a symbol */
            #ifndef MLX5DV_FLOW_ACTION_COUNTERS_DEVX
                MLX5DV_FLOW_ACTION_COUNTERS_DEVX;
            #endif
            return 0;
        }
Compiler stdout:
 
Compiler stderr:
 
Header <infiniband/mlx5dv.h> has symbol "MLX5DV_FLOW_ACTION_COUNTERS_DEVX" with dependencies libmlx5, libibverbs: YES 
Running compile:
Working directory:  /home/master/dpdk/dpdk-stable-21.11.2/build/meson-private/tmpv7txhfo2
Command line:  cc -I/usr/include/libnl3 /home/master/dpdk/dpdk-stable-21.11.2/build/meson-private/tmpv7txhfo2/testfile.c -o /home/master/dpdk/dpdk-stable-21.11.2/build/meson-private/tmpv7txhfo2/output.obj -pipe -c -D_FILE_OFFSET_BITS=64 -O0 

Code:
 
        #include <infiniband/mlx5dv.h>
        int main(void) {
            /* If it's not defined as a macro, try to use as a symbol */
            #ifndef MLX5DV_FLOW_ACTION_DEFAULT_MISS
                MLX5DV_FLOW_ACTION_DEFAULT_MISS;
            #endif
            return 0;
        }
Compiler stdout:
 
Compiler stderr:
 /home/master/dpdk/dpdk-stable-21.11.2/build/meson-private/tmpv7txhfo2/testfile.c: In function 'main':
/home/master/dpdk/dpdk-stable-21.11.2/build/meson-private/tmpv7txhfo2/testfile.c:6:17: error: 'MLX5DV_FLOW_ACTION_DEFAULT_MISS' undeclared (first use in this function); did you mean 'MLX5DV_FLOW_ACTION_DEST_DEVX'?
    6 |                 MLX5DV_FLOW_ACTION_DEFAULT_MISS;
      |                 ^~~~~~~~~~~~~~~~~~~~~~~~~~~~~~~
      |                 MLX5DV_FLOW_ACTION_DEST_DEVX
/home/master/dpdk/dpdk-stable-21.11.2/build/meson-private/tmpv7txhfo2/testfile.c:6:17: note: each undeclared identifier is reported only once for each function it appears in

Header <infiniband/mlx5dv.h> has symbol "MLX5DV_FLOW_ACTION_DEFAULT_MISS" with dependencies libmlx5, libibverbs: NO 
Running compile:
Working directory:  /home/master/dpdk/dpdk-stable-21.11.2/build/meson-private/tmpio1v8rpv
Command line:  cc -I/usr/include/libnl3 /home/master/dpdk/dpdk-stable-21.11.2/build/meson-private/tmpio1v8rpv/testfile.c -o /home/master/dpdk/dpdk-stable-21.11.2/build/meson-private/tmpio1v8rpv/output.obj -pipe -c -D_FILE_OFFSET_BITS=64 -O0 

Code:
 
        #include <infiniband/mlx5dv.h>
        int main(void) {
            /* If it's not defined as a macro, try to use as a symbol */
            #ifndef mlx5dv_devx_obj_query_async
                mlx5dv_devx_obj_query_async;
            #endif
            return 0;
        }
Compiler stdout:
 
Compiler stderr:
 
Header <infiniband/mlx5dv.h> has symbol "mlx5dv_devx_obj_query_async" with dependencies libmlx5, libibverbs: YES 
Running compile:
Working directory:  /home/master/dpdk/dpdk-stable-21.11.2/build/meson-private/tmpc86ow2pj
Command line:  cc -I/usr/include/libnl3 /home/master/dpdk/dpdk-stable-21.11.2/build/meson-private/tmpc86ow2pj/testfile.c -o /home/master/dpdk/dpdk-stable-21.11.2/build/meson-private/tmpc86ow2pj/output.obj -pipe -c -D_FILE_OFFSET_BITS=64 -O0 

Code:
 
        #include <infiniband/mlx5dv.h>
        int main(void) {
            /* If it's not defined as a macro, try to use as a symbol */
            #ifndef mlx5dv_devx_qp_query
                mlx5dv_devx_qp_query;
            #endif
            return 0;
        }
Compiler stdout:
 
Compiler stderr:
 
Header <infiniband/mlx5dv.h> has symbol "mlx5dv_devx_qp_query" with dependencies libmlx5, libibverbs: YES 
Running compile:
Working directory:  /home/master/dpdk/dpdk-stable-21.11.2/build/meson-private/tmpnvr84dxr
Command line:  cc -I/usr/include/libnl3 /home/master/dpdk/dpdk-stable-21.11.2/build/meson-private/tmpnvr84dxr/testfile.c -o /home/master/dpdk/dpdk-stable-21.11.2/build/meson-private/tmpnvr84dxr/output.obj -pipe -c -D_FILE_OFFSET_BITS=64 -O0 

Code:
 
        #include <infiniband/mlx5dv.h>
        int main(void) {
            /* If it's not defined as a macro, try to use as a symbol */
            #ifndef mlx5dv_pp_alloc
                mlx5dv_pp_alloc;
            #endif
            return 0;
        }
Compiler stdout:
 
Compiler stderr:
 /home/master/dpdk/dpdk-stable-21.11.2/build/meson-private/tmpnvr84dxr/testfile.c: In function 'main':
/home/master/dpdk/dpdk-stable-21.11.2/build/meson-private/tmpnvr84dxr/testfile.c:6:17: error: 'mlx5dv_pp_alloc' undeclared (first use in this function)
    6 |                 mlx5dv_pp_alloc;
      |                 ^~~~~~~~~~~~~~~
/home/master/dpdk/dpdk-stable-21.11.2/build/meson-private/tmpnvr84dxr/testfile.c:6:17: note: each undeclared identifier is reported only once for each function it appears in

Header <infiniband/mlx5dv.h> has symbol "mlx5dv_pp_alloc" with dependencies libmlx5, libibverbs: NO 
Running compile:
Working directory:  /home/master/dpdk/dpdk-stable-21.11.2/build/meson-private/tmpvof1gut9
Command line:  cc -I/usr/include/libnl3 /home/master/dpdk/dpdk-stable-21.11.2/build/meson-private/tmpvof1gut9/testfile.c -o /home/master/dpdk/dpdk-stable-21.11.2/build/meson-private/tmpvof1gut9/output.obj -pipe -c -D_FILE_OFFSET_BITS=64 -O0 

Code:
 
        #include <infiniband/mlx5dv.h>
        int main(void) {
            /* If it's not defined as a macro, try to use as a symbol */
            #ifndef mlx5dv_dr_action_create_dest_devx_tir
                mlx5dv_dr_action_create_dest_devx_tir;
            #endif
            return 0;
        }
Compiler stdout:
 
Compiler stderr:
 /home/master/dpdk/dpdk-stable-21.11.2/build/meson-private/tmpvof1gut9/testfile.c: In function 'main':
/home/master/dpdk/dpdk-stable-21.11.2/build/meson-private/tmpvof1gut9/testfile.c:6:17: error: 'mlx5dv_dr_action_create_dest_devx_tir' undeclared (first use in this function); did you mean 'mlx5dv_dr_action_create_dest_ibv_qp'?
    6 |                 mlx5dv_dr_action_create_dest_devx_tir;
      |                 ^~~~~~~~~~~~~~~~~~~~~~~~~~~~~~~~~~~~~
      |                 mlx5dv_dr_action_create_dest_ibv_qp
/home/master/dpdk/dpdk-stable-21.11.2/build/meson-private/tmpvof1gut9/testfile.c:6:17: note: each undeclared identifier is reported only once for each function it appears in

Header <infiniband/mlx5dv.h> has symbol "mlx5dv_dr_action_create_dest_devx_tir" with dependencies libmlx5, libibverbs: NO 
Running compile:
Working directory:  /home/master/dpdk/dpdk-stable-21.11.2/build/meson-private/tmppkjk5_ge
Command line:  cc -I/usr/include/libnl3 /home/master/dpdk/dpdk-stable-21.11.2/build/meson-private/tmppkjk5_ge/testfile.c -o /home/master/dpdk/dpdk-stable-21.11.2/build/meson-private/tmppkjk5_ge/output.obj -pipe -c -D_FILE_OFFSET_BITS=64 -O0 

Code:
 
        #include <infiniband/mlx5dv.h>
        int main(void) {
            /* If it's not defined as a macro, try to use as a symbol */
            #ifndef mlx5dv_devx_get_event
                mlx5dv_devx_get_event;
            #endif
            return 0;
        }
Compiler stdout:
 
Compiler stderr:
 
Header <infiniband/mlx5dv.h> has symbol "mlx5dv_devx_get_event" with dependencies libmlx5, libibverbs: YES 
Running compile:
Working directory:  /home/master/dpdk/dpdk-stable-21.11.2/build/meson-private/tmpzoe_36_d
Command line:  cc -I/usr/include/libnl3 /home/master/dpdk/dpdk-stable-21.11.2/build/meson-private/tmpzoe_36_d/testfile.c -o /home/master/dpdk/dpdk-stable-21.11.2/build/meson-private/tmpzoe_36_d/output.obj -pipe -c -D_FILE_OFFSET_BITS=64 -O0 

Code:
 
        #include <infiniband/mlx5dv.h>
        int main(void) {
            /* If it's not defined as a macro, try to use as a symbol */
            #ifndef mlx5dv_dr_action_create_flow_meter
                mlx5dv_dr_action_create_flow_meter;
            #endif
            return 0;
        }
Compiler stdout:
 
Compiler stderr:
 
Header <infiniband/mlx5dv.h> has symbol "mlx5dv_dr_action_create_flow_meter" with dependencies libmlx5, libibverbs: YES 
Running compile:
Working directory:  /home/master/dpdk/dpdk-stable-21.11.2/build/meson-private/tmpwi_hffb2
Command line:  cc -I/usr/include/libnl3 /home/master/dpdk/dpdk-stable-21.11.2/build/meson-private/tmpwi_hffb2/testfile.c -o /home/master/dpdk/dpdk-stable-21.11.2/build/meson-private/tmpwi_hffb2/output.obj -pipe -c -D_FILE_OFFSET_BITS=64 -O0 

Code:
 
        #include <infiniband/mlx5dv.h>
        int main(void) {
            /* If it's not defined as a macro, try to use as a symbol */
            #ifndef MLX5_MMAP_GET_NC_PAGES_CMD
                MLX5_MMAP_GET_NC_PAGES_CMD;
            #endif
            return 0;
        }
Compiler stdout:
 
Compiler stderr:
 
Header <infiniband/mlx5dv.h> has symbol "MLX5_MMAP_GET_NC_PAGES_CMD" with dependencies libmlx5, libibverbs: YES 
Running compile:
Working directory:  /home/master/dpdk/dpdk-stable-21.11.2/build/meson-private/tmp_juny30g
Command line:  cc -I/usr/include/libnl3 /home/master/dpdk/dpdk-stable-21.11.2/build/meson-private/tmp_juny30g/testfile.c -o /home/master/dpdk/dpdk-stable-21.11.2/build/meson-private/tmp_juny30g/output.obj -pipe -c -D_FILE_OFFSET_BITS=64 -O0 

Code:
 
        #include <infiniband/mlx5dv.h>
        int main(void) {
            /* If it's not defined as a macro, try to use as a symbol */
            #ifndef MLX5DV_DR_DOMAIN_TYPE_NIC_RX
                MLX5DV_DR_DOMAIN_TYPE_NIC_RX;
            #endif
            return 0;
        }
Compiler stdout:
 
Compiler stderr:
 
Header <infiniband/mlx5dv.h> has symbol "MLX5DV_DR_DOMAIN_TYPE_NIC_RX" with dependencies libmlx5, libibverbs: YES 
Running compile:
Working directory:  /home/master/dpdk/dpdk-stable-21.11.2/build/meson-private/tmpqeg3wssp
Command line:  cc -I/usr/include/libnl3 /home/master/dpdk/dpdk-stable-21.11.2/build/meson-private/tmpqeg3wssp/testfile.c -o /home/master/dpdk/dpdk-stable-21.11.2/build/meson-private/tmpqeg3wssp/output.obj -pipe -c -D_FILE_OFFSET_BITS=64 -O0 

Code:
 
        #include <infiniband/mlx5dv.h>
        int main(void) {
            /* If it's not defined as a macro, try to use as a symbol */
            #ifndef MLX5DV_DR_DOMAIN_TYPE_FDB
                MLX5DV_DR_DOMAIN_TYPE_FDB;
            #endif
            return 0;
        }
Compiler stdout:
 
Compiler stderr:
 
Header <infiniband/mlx5dv.h> has symbol "MLX5DV_DR_DOMAIN_TYPE_FDB" with dependencies libmlx5, libibverbs: YES 
Running compile:
Working directory:  /home/master/dpdk/dpdk-stable-21.11.2/build/meson-private/tmpp6p6wpjb
Command line:  cc -I/usr/include/libnl3 /home/master/dpdk/dpdk-stable-21.11.2/build/meson-private/tmpp6p6wpjb/testfile.c -o /home/master/dpdk/dpdk-stable-21.11.2/build/meson-private/tmpp6p6wpjb/output.obj -pipe -c -D_FILE_OFFSET_BITS=64 -O0 

Code:
 
        #include <infiniband/mlx5dv.h>
        int main(void) {
            /* If it's not defined as a macro, try to use as a symbol */
            #ifndef mlx5dv_dr_action_create_push_vlan
                mlx5dv_dr_action_create_push_vlan;
            #endif
            return 0;
        }
Compiler stdout:
 
Compiler stderr:
 /home/master/dpdk/dpdk-stable-21.11.2/build/meson-private/tmpp6p6wpjb/testfile.c: In function 'main':
/home/master/dpdk/dpdk-stable-21.11.2/build/meson-private/tmpp6p6wpjb/testfile.c:6:17: error: 'mlx5dv_dr_action_create_push_vlan' undeclared (first use in this function); did you mean 'mlx5dv_dr_action_create_dest_vport'?
    6 |                 mlx5dv_dr_action_create_push_vlan;
      |                 ^~~~~~~~~~~~~~~~~~~~~~~~~~~~~~~~~
      |                 mlx5dv_dr_action_create_dest_vport
/home/master/dpdk/dpdk-stable-21.11.2/build/meson-private/tmpp6p6wpjb/testfile.c:6:17: note: each undeclared identifier is reported only once for each function it appears in

Header <infiniband/mlx5dv.h> has symbol "mlx5dv_dr_action_create_push_vlan" with dependencies libmlx5, libibverbs: NO 
Running compile:
Working directory:  /home/master/dpdk/dpdk-stable-21.11.2/build/meson-private/tmp2wf890_k
Command line:  cc -I/usr/include/libnl3 /home/master/dpdk/dpdk-stable-21.11.2/build/meson-private/tmp2wf890_k/testfile.c -o /home/master/dpdk/dpdk-stable-21.11.2/build/meson-private/tmp2wf890_k/output.obj -pipe -c -D_FILE_OFFSET_BITS=64 -O0 

Code:
 
        #include <infiniband/mlx5dv.h>
        int main(void) {
            /* If it's not defined as a macro, try to use as a symbol */
            #ifndef mlx5dv_alloc_var
                mlx5dv_alloc_var;
            #endif
            return 0;
        }
Compiler stdout:
 
Compiler stderr:
 
Header <infiniband/mlx5dv.h> has symbol "mlx5dv_alloc_var" with dependencies libmlx5, libibverbs: YES 
Running compile:
Working directory:  /home/master/dpdk/dpdk-stable-21.11.2/build/meson-private/tmpf43568jl
Command line:  cc -I/usr/include/libnl3 /home/master/dpdk/dpdk-stable-21.11.2/build/meson-private/tmpf43568jl/testfile.c -o /home/master/dpdk/dpdk-stable-21.11.2/build/meson-private/tmpf43568jl/output.obj -pipe -c -D_FILE_OFFSET_BITS=64 -O0 

Code:
 
        #include <infiniband/mlx5dv.h>
        int main(void) {
            /* If it's not defined as a macro, try to use as a symbol */
            #ifndef MLX5_OPCODE_ENHANCED_MPSW
                MLX5_OPCODE_ENHANCED_MPSW;
            #endif
            return 0;
        }
Compiler stdout:
 
Compiler stderr:
 /home/master/dpdk/dpdk-stable-21.11.2/build/meson-private/tmpf43568jl/testfile.c: In function 'main':
/home/master/dpdk/dpdk-stable-21.11.2/build/meson-private/tmpf43568jl/testfile.c:6:17: error: 'MLX5_OPCODE_ENHANCED_MPSW' undeclared (first use in this function)
    6 |                 MLX5_OPCODE_ENHANCED_MPSW;
      |                 ^~~~~~~~~~~~~~~~~~~~~~~~~
/home/master/dpdk/dpdk-stable-21.11.2/build/meson-private/tmpf43568jl/testfile.c:6:17: note: each undeclared identifier is reported only once for each function it appears in

Header <infiniband/mlx5dv.h> has symbol "MLX5_OPCODE_ENHANCED_MPSW" with dependencies libmlx5, libibverbs: NO 
Running compile:
Working directory:  /home/master/dpdk/dpdk-stable-21.11.2/build/meson-private/tmpxvsg_k0x
Command line:  cc -I/usr/include/libnl3 /home/master/dpdk/dpdk-stable-21.11.2/build/meson-private/tmpxvsg_k0x/testfile.c -o /home/master/dpdk/dpdk-stable-21.11.2/build/meson-private/tmpxvsg_k0x/output.obj -pipe -c -D_FILE_OFFSET_BITS=64 -O0 

Code:
 
        #include <infiniband/mlx5dv.h>
        int main(void) {
            /* If it's not defined as a macro, try to use as a symbol */
            #ifndef MLX5_OPCODE_SEND_EN
                MLX5_OPCODE_SEND_EN;
            #endif
            return 0;
        }
Compiler stdout:
 
Compiler stderr:
 /home/master/dpdk/dpdk-stable-21.11.2/build/meson-private/tmpxvsg_k0x/testfile.c: In function 'main':
/home/master/dpdk/dpdk-stable-21.11.2/build/meson-private/tmpxvsg_k0x/testfile.c:6:17: error: 'MLX5_OPCODE_SEND_EN' undeclared (first use in this function); did you mean 'MLX5_OPCODE_SEND_IMM'?
    6 |                 MLX5_OPCODE_SEND_EN;
      |                 ^~~~~~~~~~~~~~~~~~~
      |                 MLX5_OPCODE_SEND_IMM
/home/master/dpdk/dpdk-stable-21.11.2/build/meson-private/tmpxvsg_k0x/testfile.c:6:17: note: each undeclared identifier is reported only once for each function it appears in

Header <infiniband/mlx5dv.h> has symbol "MLX5_OPCODE_SEND_EN" with dependencies libmlx5, libibverbs: NO 
Running compile:
Working directory:  /home/master/dpdk/dpdk-stable-21.11.2/build/meson-private/tmp149wxmcq
Command line:  cc -I/usr/include/libnl3 /home/master/dpdk/dpdk-stable-21.11.2/build/meson-private/tmp149wxmcq/testfile.c -o /home/master/dpdk/dpdk-stable-21.11.2/build/meson-private/tmp149wxmcq/output.obj -pipe -c -D_FILE_OFFSET_BITS=64 -O0 

Code:
 
        #include <infiniband/mlx5dv.h>
        int main(void) {
            /* If it's not defined as a macro, try to use as a symbol */
            #ifndef MLX5_OPCODE_WAIT
                MLX5_OPCODE_WAIT;
            #endif
            return 0;
        }
Compiler stdout:
 
Compiler stderr:
 /home/master/dpdk/dpdk-stable-21.11.2/build/meson-private/tmp149wxmcq/testfile.c: In function 'main':
/home/master/dpdk/dpdk-stable-21.11.2/build/meson-private/tmp149wxmcq/testfile.c:6:17: error: 'MLX5_OPCODE_WAIT' undeclared (first use in this function); did you mean 'MLX5_OPCODE_UMR'?
    6 |                 MLX5_OPCODE_WAIT;
      |                 ^~~~~~~~~~~~~~~~
      |                 MLX5_OPCODE_UMR
/home/master/dpdk/dpdk-stable-21.11.2/build/meson-private/tmp149wxmcq/testfile.c:6:17: note: each undeclared identifier is reported only once for each function it appears in

Header <infiniband/mlx5dv.h> has symbol "MLX5_OPCODE_WAIT" with dependencies libmlx5, libibverbs: NO 
Running compile:
Working directory:  /home/master/dpdk/dpdk-stable-21.11.2/build/meson-private/tmpycgx55rc
Command line:  cc -I/usr/include/libnl3 /home/master/dpdk/dpdk-stable-21.11.2/build/meson-private/tmpycgx55rc/testfile.c -o /home/master/dpdk/dpdk-stable-21.11.2/build/meson-private/tmpycgx55rc/output.obj -pipe -c -D_FILE_OFFSET_BITS=64 -O0 

Code:
 
        #include <infiniband/mlx5dv.h>
        int main(void) {
            /* If it's not defined as a macro, try to use as a symbol */
            #ifndef MLX5_OPCODE_ACCESS_ASO
                MLX5_OPCODE_ACCESS_ASO;
            #endif
            return 0;
        }
Compiler stdout:
 
Compiler stderr:
 /home/master/dpdk/dpdk-stable-21.11.2/build/meson-private/tmpycgx55rc/testfile.c: In function 'main':
/home/master/dpdk/dpdk-stable-21.11.2/build/meson-private/tmpycgx55rc/testfile.c:6:17: error: 'MLX5_OPCODE_ACCESS_ASO' undeclared (first use in this function); did you mean 'MLX5_OPCODE_ATOMIC_CS'?
    6 |                 MLX5_OPCODE_ACCESS_ASO;
      |                 ^~~~~~~~~~~~~~~~~~~~~~
      |                 MLX5_OPCODE_ATOMIC_CS
/home/master/dpdk/dpdk-stable-21.11.2/build/meson-private/tmpycgx55rc/testfile.c:6:17: note: each undeclared identifier is reported only once for each function it appears in

Header <infiniband/mlx5dv.h> has symbol "MLX5_OPCODE_ACCESS_ASO" with dependencies libmlx5, libibverbs: NO 
Running compile:
Working directory:  /home/master/dpdk/dpdk-stable-21.11.2/build/meson-private/tmp2m1c1kwp
Command line:  cc -I/usr/include/libnl3 /home/master/dpdk/dpdk-stable-21.11.2/build/meson-private/tmp2m1c1kwp/testfile.c -o /home/master/dpdk/dpdk-stable-21.11.2/build/meson-private/tmp2m1c1kwp/output.obj -pipe -c -D_FILE_OFFSET_BITS=64 -O0 

Code:
 
        #include <linux/ethtool.h>
        int main(void) {
            /* If it's not defined as a macro, try to use as a symbol */
            #ifndef SUPPORTED_40000baseKR4_Full
                SUPPORTED_40000baseKR4_Full;
            #endif
            return 0;
        }
Compiler stdout:
 
Compiler stderr:
 
Header <linux/ethtool.h> has symbol "SUPPORTED_40000baseKR4_Full" with dependencies libmlx5, libibverbs: YES 
Running compile:
Working directory:  /home/master/dpdk/dpdk-stable-21.11.2/build/meson-private/tmpiqgk2icc
Command line:  cc -I/usr/include/libnl3 /home/master/dpdk/dpdk-stable-21.11.2/build/meson-private/tmpiqgk2icc/testfile.c -o /home/master/dpdk/dpdk-stable-21.11.2/build/meson-private/tmpiqgk2icc/output.obj -pipe -c -D_FILE_OFFSET_BITS=64 -O0 

Code:
 
        #include <linux/ethtool.h>
        int main(void) {
            /* If it's not defined as a macro, try to use as a symbol */
            #ifndef SUPPORTED_40000baseCR4_Full
                SUPPORTED_40000baseCR4_Full;
            #endif
            return 0;
        }
Compiler stdout:
 
Compiler stderr:
 
Header <linux/ethtool.h> has symbol "SUPPORTED_40000baseCR4_Full" with dependencies libmlx5, libibverbs: YES 
Running compile:
Working directory:  /home/master/dpdk/dpdk-stable-21.11.2/build/meson-private/tmpa1gf5wjg
Command line:  cc -I/usr/include/libnl3 /home/master/dpdk/dpdk-stable-21.11.2/build/meson-private/tmpa1gf5wjg/testfile.c -o /home/master/dpdk/dpdk-stable-21.11.2/build/meson-private/tmpa1gf5wjg/output.obj -pipe -c -D_FILE_OFFSET_BITS=64 -O0 

Code:
 
        #include <linux/ethtool.h>
        int main(void) {
            /* If it's not defined as a macro, try to use as a symbol */
            #ifndef SUPPORTED_40000baseSR4_Full
                SUPPORTED_40000baseSR4_Full;
            #endif
            return 0;
        }
Compiler stdout:
 
Compiler stderr:
 
Header <linux/ethtool.h> has symbol "SUPPORTED_40000baseSR4_Full" with dependencies libmlx5, libibverbs: YES 
Running compile:
Working directory:  /home/master/dpdk/dpdk-stable-21.11.2/build/meson-private/tmp8znkv7xs
Command line:  cc -I/usr/include/libnl3 /home/master/dpdk/dpdk-stable-21.11.2/build/meson-private/tmp8znkv7xs/testfile.c -o /home/master/dpdk/dpdk-stable-21.11.2/build/meson-private/tmp8znkv7xs/output.obj -pipe -c -D_FILE_OFFSET_BITS=64 -O0 

Code:
 
        #include <linux/ethtool.h>
        int main(void) {
            /* If it's not defined as a macro, try to use as a symbol */
            #ifndef SUPPORTED_40000baseLR4_Full
                SUPPORTED_40000baseLR4_Full;
            #endif
            return 0;
        }
Compiler stdout:
 
Compiler stderr:
 
Header <linux/ethtool.h> has symbol "SUPPORTED_40000baseLR4_Full" with dependencies libmlx5, libibverbs: YES 
Running compile:
Working directory:  /home/master/dpdk/dpdk-stable-21.11.2/build/meson-private/tmp89kjyh9x
Command line:  cc -I/usr/include/libnl3 /home/master/dpdk/dpdk-stable-21.11.2/build/meson-private/tmp89kjyh9x/testfile.c -o /home/master/dpdk/dpdk-stable-21.11.2/build/meson-private/tmp89kjyh9x/output.obj -pipe -c -D_FILE_OFFSET_BITS=64 -O0 

Code:
 
        #include <linux/ethtool.h>
        int main(void) {
            /* If it's not defined as a macro, try to use as a symbol */
            #ifndef SUPPORTED_56000baseKR4_Full
                SUPPORTED_56000baseKR4_Full;
            #endif
            return 0;
        }
Compiler stdout:
 
Compiler stderr:
 
Header <linux/ethtool.h> has symbol "SUPPORTED_56000baseKR4_Full" with dependencies libmlx5, libibverbs: YES 
Running compile:
Working directory:  /home/master/dpdk/dpdk-stable-21.11.2/build/meson-private/tmpa4gz5_3i
Command line:  cc -I/usr/include/libnl3 /home/master/dpdk/dpdk-stable-21.11.2/build/meson-private/tmpa4gz5_3i/testfile.c -o /home/master/dpdk/dpdk-stable-21.11.2/build/meson-private/tmpa4gz5_3i/output.obj -pipe -c -D_FILE_OFFSET_BITS=64 -O0 

Code:
 
        #include <linux/ethtool.h>
        int main(void) {
            /* If it's not defined as a macro, try to use as a symbol */
            #ifndef SUPPORTED_56000baseCR4_Full
                SUPPORTED_56000baseCR4_Full;
            #endif
            return 0;
        }
Compiler stdout:
 
Compiler stderr:
 
Header <linux/ethtool.h> has symbol "SUPPORTED_56000baseCR4_Full" with dependencies libmlx5, libibverbs: YES 
Running compile:
Working directory:  /home/master/dpdk/dpdk-stable-21.11.2/build/meson-private/tmp5jet3o31
Command line:  cc -I/usr/include/libnl3 /home/master/dpdk/dpdk-stable-21.11.2/build/meson-private/tmp5jet3o31/testfile.c -o /home/master/dpdk/dpdk-stable-21.11.2/build/meson-private/tmp5jet3o31/output.obj -pipe -c -D_FILE_OFFSET_BITS=64 -O0 

Code:
 
        #include <linux/ethtool.h>
        int main(void) {
            /* If it's not defined as a macro, try to use as a symbol */
            #ifndef SUPPORTED_56000baseSR4_Full
                SUPPORTED_56000baseSR4_Full;
            #endif
            return 0;
        }
Compiler stdout:
 
Compiler stderr:
 
Header <linux/ethtool.h> has symbol "SUPPORTED_56000baseSR4_Full" with dependencies libmlx5, libibverbs: YES 
Running compile:
Working directory:  /home/master/dpdk/dpdk-stable-21.11.2/build/meson-private/tmpqv4zztgb
Command line:  cc -I/usr/include/libnl3 /home/master/dpdk/dpdk-stable-21.11.2/build/meson-private/tmpqv4zztgb/testfile.c -o /home/master/dpdk/dpdk-stable-21.11.2/build/meson-private/tmpqv4zztgb/output.obj -pipe -c -D_FILE_OFFSET_BITS=64 -O0 

Code:
 
        #include <linux/ethtool.h>
        int main(void) {
            /* If it's not defined as a macro, try to use as a symbol */
            #ifndef SUPPORTED_56000baseLR4_Full
                SUPPORTED_56000baseLR4_Full;
            #endif
            return 0;
        }
Compiler stdout:
 
Compiler stderr:
 
Header <linux/ethtool.h> has symbol "SUPPORTED_56000baseLR4_Full" with dependencies libmlx5, libibverbs: YES 
Running compile:
Working directory:  /home/master/dpdk/dpdk-stable-21.11.2/build/meson-private/tmpqxalvm6f
Command line:  cc -I/usr/include/libnl3 /home/master/dpdk/dpdk-stable-21.11.2/build/meson-private/tmpqxalvm6f/testfile.c -o /home/master/dpdk/dpdk-stable-21.11.2/build/meson-private/tmpqxalvm6f/output.obj -pipe -c -D_FILE_OFFSET_BITS=64 -O0 

Code:
 
        #include <linux/ethtool.h>
        int main(void) {
            /* If it's not defined as a macro, try to use as a symbol */
            #ifndef ETHTOOL_LINK_MODE_25000baseCR_Full_BIT
                ETHTOOL_LINK_MODE_25000baseCR_Full_BIT;
            #endif
            return 0;
        }
Compiler stdout:
 
Compiler stderr:
 
Header <linux/ethtool.h> has symbol "ETHTOOL_LINK_MODE_25000baseCR_Full_BIT" with dependencies libmlx5, libibverbs: YES 
Running compile:
Working directory:  /home/master/dpdk/dpdk-stable-21.11.2/build/meson-private/tmpcm25dw1v
Command line:  cc -I/usr/include/libnl3 /home/master/dpdk/dpdk-stable-21.11.2/build/meson-private/tmpcm25dw1v/testfile.c -o /home/master/dpdk/dpdk-stable-21.11.2/build/meson-private/tmpcm25dw1v/output.obj -pipe -c -D_FILE_OFFSET_BITS=64 -O0 

Code:
 
        #include <linux/ethtool.h>
        int main(void) {
            /* If it's not defined as a macro, try to use as a symbol */
            #ifndef ETHTOOL_LINK_MODE_50000baseCR2_Full_BIT
                ETHTOOL_LINK_MODE_50000baseCR2_Full_BIT;
            #endif
            return 0;
        }
Compiler stdout:
 
Compiler stderr:
 
Header <linux/ethtool.h> has symbol "ETHTOOL_LINK_MODE_50000baseCR2_Full_BIT" with dependencies libmlx5, libibverbs: YES 
Running compile:
Working directory:  /home/master/dpdk/dpdk-stable-21.11.2/build/meson-private/tmpm4u_7ayc
Command line:  cc -I/usr/include/libnl3 /home/master/dpdk/dpdk-stable-21.11.2/build/meson-private/tmpm4u_7ayc/testfile.c -o /home/master/dpdk/dpdk-stable-21.11.2/build/meson-private/tmpm4u_7ayc/output.obj -pipe -c -D_FILE_OFFSET_BITS=64 -O0 

Code:
 
        #include <linux/ethtool.h>
        int main(void) {
            /* If it's not defined as a macro, try to use as a symbol */
            #ifndef ETHTOOL_LINK_MODE_100000baseKR4_Full_BIT
                ETHTOOL_LINK_MODE_100000baseKR4_Full_BIT;
            #endif
            return 0;
        }
Compiler stdout:
 
Compiler stderr:
 
Header <linux/ethtool.h> has symbol "ETHTOOL_LINK_MODE_100000baseKR4_Full_BIT" with dependencies libmlx5, libibverbs: YES 
Running compile:
Working directory:  /home/master/dpdk/dpdk-stable-21.11.2/build/meson-private/tmpihw_x4r9
Command line:  cc -I/usr/include/libnl3 /home/master/dpdk/dpdk-stable-21.11.2/build/meson-private/tmpihw_x4r9/testfile.c -o /home/master/dpdk/dpdk-stable-21.11.2/build/meson-private/tmpihw_x4r9/output.obj -pipe -c -D_FILE_OFFSET_BITS=64 -O0 

Code:
 
        #include <linux/if_link.h>
        int main(void) {
            /* If it's not defined as a macro, try to use as a symbol */
            #ifndef IFLA_NUM_VF
                IFLA_NUM_VF;
            #endif
            return 0;
        }
Compiler stdout:
 
Compiler stderr:
 
Header <linux/if_link.h> has symbol "IFLA_NUM_VF" with dependencies libmlx5, libibverbs: YES 
Running compile:
Working directory:  /home/master/dpdk/dpdk-stable-21.11.2/build/meson-private/tmplcabk0sm
Command line:  cc -I/usr/include/libnl3 /home/master/dpdk/dpdk-stable-21.11.2/build/meson-private/tmplcabk0sm/testfile.c -o /home/master/dpdk/dpdk-stable-21.11.2/build/meson-private/tmplcabk0sm/output.obj -pipe -c -D_FILE_OFFSET_BITS=64 -O0 

Code:
 
        #include <linux/if_link.h>
        int main(void) {
            /* If it's not defined as a macro, try to use as a symbol */
            #ifndef IFLA_EXT_MASK
                IFLA_EXT_MASK;
            #endif
            return 0;
        }
Compiler stdout:
 
Compiler stderr:
 
Header <linux/if_link.h> has symbol "IFLA_EXT_MASK" with dependencies libmlx5, libibverbs: YES 
Running compile:
Working directory:  /home/master/dpdk/dpdk-stable-21.11.2/build/meson-private/tmpxi83vy4x
Command line:  cc -I/usr/include/libnl3 /home/master/dpdk/dpdk-stable-21.11.2/build/meson-private/tmpxi83vy4x/testfile.c -o /home/master/dpdk/dpdk-stable-21.11.2/build/meson-private/tmpxi83vy4x/output.obj -pipe -c -D_FILE_OFFSET_BITS=64 -O0 

Code:
 
        #include <linux/if_link.h>
        int main(void) {
            /* If it's not defined as a macro, try to use as a symbol */
            #ifndef IFLA_PHYS_SWITCH_ID
                IFLA_PHYS_SWITCH_ID;
            #endif
            return 0;
        }
Compiler stdout:
 
Compiler stderr:
 
Header <linux/if_link.h> has symbol "IFLA_PHYS_SWITCH_ID" with dependencies libmlx5, libibverbs: YES 
Running compile:
Working directory:  /home/master/dpdk/dpdk-stable-21.11.2/build/meson-private/tmpowojzlbo
Command line:  cc -I/usr/include/libnl3 /home/master/dpdk/dpdk-stable-21.11.2/build/meson-private/tmpowojzlbo/testfile.c -o /home/master/dpdk/dpdk-stable-21.11.2/build/meson-private/tmpowojzlbo/output.obj -pipe -c -D_FILE_OFFSET_BITS=64 -O0 

Code:
 
        #include <linux/if_link.h>
        int main(void) {
            /* If it's not defined as a macro, try to use as a symbol */
            #ifndef IFLA_PHYS_PORT_NAME
                IFLA_PHYS_PORT_NAME;
            #endif
            return 0;
        }
Compiler stdout:
 
Compiler stderr:
 
Header <linux/if_link.h> has symbol "IFLA_PHYS_PORT_NAME" with dependencies libmlx5, libibverbs: YES 
Running compile:
Working directory:  /home/master/dpdk/dpdk-stable-21.11.2/build/meson-private/tmprrvwd4tp
Command line:  cc -I/usr/include/libnl3 /home/master/dpdk/dpdk-stable-21.11.2/build/meson-private/tmprrvwd4tp/testfile.c -o /home/master/dpdk/dpdk-stable-21.11.2/build/meson-private/tmprrvwd4tp/output.obj -pipe -c -D_FILE_OFFSET_BITS=64 -O0 

Code:
 
        #include <rdma/rdma_netlink.h>
        int main(void) {
            /* If it's not defined as a macro, try to use as a symbol */
            #ifndef RDMA_NL_NLDEV
                RDMA_NL_NLDEV;
            #endif
            return 0;
        }
Compiler stdout:
 
Compiler stderr:
 
Header <rdma/rdma_netlink.h> has symbol "RDMA_NL_NLDEV" with dependencies libmlx5, libibverbs: YES 
Running compile:
Working directory:  /home/master/dpdk/dpdk-stable-21.11.2/build/meson-private/tmp77celk7x
Command line:  cc -I/usr/include/libnl3 /home/master/dpdk/dpdk-stable-21.11.2/build/meson-private/tmp77celk7x/testfile.c -o /home/master/dpdk/dpdk-stable-21.11.2/build/meson-private/tmp77celk7x/output.obj -pipe -c -D_FILE_OFFSET_BITS=64 -O0 

Code:
 
        #include <rdma/rdma_netlink.h>
        int main(void) {
            /* If it's not defined as a macro, try to use as a symbol */
            #ifndef RDMA_NLDEV_CMD_GET
                RDMA_NLDEV_CMD_GET;
            #endif
            return 0;
        }
Compiler stdout:
 
Compiler stderr:
 
Header <rdma/rdma_netlink.h> has symbol "RDMA_NLDEV_CMD_GET" with dependencies libmlx5, libibverbs: YES 
Running compile:
Working directory:  /home/master/dpdk/dpdk-stable-21.11.2/build/meson-private/tmptjo5ltgl
Command line:  cc -I/usr/include/libnl3 /home/master/dpdk/dpdk-stable-21.11.2/build/meson-private/tmptjo5ltgl/testfile.c -o /home/master/dpdk/dpdk-stable-21.11.2/build/meson-private/tmptjo5ltgl/output.obj -pipe -c -D_FILE_OFFSET_BITS=64 -O0 

Code:
 
        #include <rdma/rdma_netlink.h>
        int main(void) {
            /* If it's not defined as a macro, try to use as a symbol */
            #ifndef RDMA_NLDEV_CMD_PORT_GET
                RDMA_NLDEV_CMD_PORT_GET;
            #endif
            return 0;
        }
Compiler stdout:
 
Compiler stderr:
 
Header <rdma/rdma_netlink.h> has symbol "RDMA_NLDEV_CMD_PORT_GET" with dependencies libmlx5, libibverbs: YES 
Running compile:
Working directory:  /home/master/dpdk/dpdk-stable-21.11.2/build/meson-private/tmp1564x0k6
Command line:  cc -I/usr/include/libnl3 /home/master/dpdk/dpdk-stable-21.11.2/build/meson-private/tmp1564x0k6/testfile.c -o /home/master/dpdk/dpdk-stable-21.11.2/build/meson-private/tmp1564x0k6/output.obj -pipe -c -D_FILE_OFFSET_BITS=64 -O0 

Code:
 
        #include <rdma/rdma_netlink.h>
        int main(void) {
            /* If it's not defined as a macro, try to use as a symbol */
            #ifndef RDMA_NLDEV_ATTR_DEV_INDEX
                RDMA_NLDEV_ATTR_DEV_INDEX;
            #endif
            return 0;
        }
Compiler stdout:
 
Compiler stderr:
 
Header <rdma/rdma_netlink.h> has symbol "RDMA_NLDEV_ATTR_DEV_INDEX" with dependencies libmlx5, libibverbs: YES 
Running compile:
Working directory:  /home/master/dpdk/dpdk-stable-21.11.2/build/meson-private/tmpy31hnpn3
Command line:  cc -I/usr/include/libnl3 /home/master/dpdk/dpdk-stable-21.11.2/build/meson-private/tmpy31hnpn3/testfile.c -o /home/master/dpdk/dpdk-stable-21.11.2/build/meson-private/tmpy31hnpn3/output.obj -pipe -c -D_FILE_OFFSET_BITS=64 -O0 

Code:
 
        #include <rdma/rdma_netlink.h>
        int main(void) {
            /* If it's not defined as a macro, try to use as a symbol */
            #ifndef RDMA_NLDEV_ATTR_DEV_NAME
                RDMA_NLDEV_ATTR_DEV_NAME;
            #endif
            return 0;
        }
Compiler stdout:
 
Compiler stderr:
 
Header <rdma/rdma_netlink.h> has symbol "RDMA_NLDEV_ATTR_DEV_NAME" with dependencies libmlx5, libibverbs: YES 
Running compile:
Working directory:  /home/master/dpdk/dpdk-stable-21.11.2/build/meson-private/tmp_5cb3ab3
Command line:  cc -I/usr/include/libnl3 /home/master/dpdk/dpdk-stable-21.11.2/build/meson-private/tmp_5cb3ab3/testfile.c -o /home/master/dpdk/dpdk-stable-21.11.2/build/meson-private/tmp_5cb3ab3/output.obj -pipe -c -D_FILE_OFFSET_BITS=64 -O0 

Code:
 
        #include <rdma/rdma_netlink.h>
        int main(void) {
            /* If it's not defined as a macro, try to use as a symbol */
            #ifndef RDMA_NLDEV_ATTR_PORT_INDEX
                RDMA_NLDEV_ATTR_PORT_INDEX;
            #endif
            return 0;
        }
Compiler stdout:
 
Compiler stderr:
 
Header <rdma/rdma_netlink.h> has symbol "RDMA_NLDEV_ATTR_PORT_INDEX" with dependencies libmlx5, libibverbs: YES 
Running compile:
Working directory:  /home/master/dpdk/dpdk-stable-21.11.2/build/meson-private/tmp3b363h89
Command line:  cc -I/usr/include/libnl3 /home/master/dpdk/dpdk-stable-21.11.2/build/meson-private/tmp3b363h89/testfile.c -o /home/master/dpdk/dpdk-stable-21.11.2/build/meson-private/tmp3b363h89/output.obj -pipe -c -D_FILE_OFFSET_BITS=64 -O0 

Code:
 
        #include <rdma/rdma_netlink.h>
        int main(void) {
            /* If it's not defined as a macro, try to use as a symbol */
            #ifndef RDMA_NLDEV_ATTR_PORT_STATE
                RDMA_NLDEV_ATTR_PORT_STATE;
            #endif
            return 0;
        }
Compiler stdout:
 
Compiler stderr:
 
Header <rdma/rdma_netlink.h> has symbol "RDMA_NLDEV_ATTR_PORT_STATE" with dependencies libmlx5, libibverbs: YES 
Running compile:
Working directory:  /home/master/dpdk/dpdk-stable-21.11.2/build/meson-private/tmpg49wiwig
Command line:  cc -I/usr/include/libnl3 /home/master/dpdk/dpdk-stable-21.11.2/build/meson-private/tmpg49wiwig/testfile.c -o /home/master/dpdk/dpdk-stable-21.11.2/build/meson-private/tmpg49wiwig/output.obj -pipe -c -D_FILE_OFFSET_BITS=64 -O0 

Code:
 
        #include <rdma/rdma_netlink.h>
        int main(void) {
            /* If it's not defined as a macro, try to use as a symbol */
            #ifndef RDMA_NLDEV_ATTR_NDEV_INDEX
                RDMA_NLDEV_ATTR_NDEV_INDEX;
            #endif
            return 0;
        }
Compiler stdout:
 
Compiler stderr:
 
Header <rdma/rdma_netlink.h> has symbol "RDMA_NLDEV_ATTR_NDEV_INDEX" with dependencies libmlx5, libibverbs: YES 
Running compile:
Working directory:  /home/master/dpdk/dpdk-stable-21.11.2/build/meson-private/tmpuq3sgt75
Command line:  cc -I/usr/include/libnl3 /home/master/dpdk/dpdk-stable-21.11.2/build/meson-private/tmpuq3sgt75/testfile.c -o /home/master/dpdk/dpdk-stable-21.11.2/build/meson-private/tmpuq3sgt75/output.obj -pipe -c -D_FILE_OFFSET_BITS=64 -O0 

Code:
 
        #include <infiniband/mlx5dv.h>
        int main(void) {
            /* If it's not defined as a macro, try to use as a symbol */
            #ifndef mlx5dv_dump_dr_domain
                mlx5dv_dump_dr_domain;
            #endif
            return 0;
        }
Compiler stdout:
 
Compiler stderr:
 
Header <infiniband/mlx5dv.h> has symbol "mlx5dv_dump_dr_domain" with dependencies libmlx5, libibverbs: YES 
Running compile:
Working directory:  /home/master/dpdk/dpdk-stable-21.11.2/build/meson-private/tmpu7t5d8u3
Command line:  cc -I/usr/include/libnl3 /home/master/dpdk/dpdk-stable-21.11.2/build/meson-private/tmpu7t5d8u3/testfile.c -o /home/master/dpdk/dpdk-stable-21.11.2/build/meson-private/tmpu7t5d8u3/output.obj -pipe -c -D_FILE_OFFSET_BITS=64 -O0 

Code:
 
        #include <infiniband/mlx5dv.h>
        int main(void) {
            /* If it's not defined as a macro, try to use as a symbol */
            #ifndef mlx5dv_dr_action_create_flow_sampler
                mlx5dv_dr_action_create_flow_sampler;
            #endif
            return 0;
        }
Compiler stdout:
 
Compiler stderr:
 /home/master/dpdk/dpdk-stable-21.11.2/build/meson-private/tmpu7t5d8u3/testfile.c: In function 'main':
/home/master/dpdk/dpdk-stable-21.11.2/build/meson-private/tmpu7t5d8u3/testfile.c:6:17: error: 'mlx5dv_dr_action_create_flow_sampler' undeclared (first use in this function); did you mean 'mlx5dv_dr_action_create_flow_meter'?
    6 |                 mlx5dv_dr_action_create_flow_sampler;
      |                 ^~~~~~~~~~~~~~~~~~~~~~~~~~~~~~~~~~~~
      |                 mlx5dv_dr_action_create_flow_meter
/home/master/dpdk/dpdk-stable-21.11.2/build/meson-private/tmpu7t5d8u3/testfile.c:6:17: note: each undeclared identifier is reported only once for each function it appears in

Header <infiniband/mlx5dv.h> has symbol "mlx5dv_dr_action_create_flow_sampler" with dependencies libmlx5, libibverbs: NO 
Running compile:
Working directory:  /home/master/dpdk/dpdk-stable-21.11.2/build/meson-private/tmpe5b1zt6_
Command line:  cc -I/usr/include/libnl3 /home/master/dpdk/dpdk-stable-21.11.2/build/meson-private/tmpe5b1zt6_/testfile.c -o /home/master/dpdk/dpdk-stable-21.11.2/build/meson-private/tmpe5b1zt6_/output.obj -pipe -c -D_FILE_OFFSET_BITS=64 -O0 

Code:
 
        #include <infiniband/mlx5dv.h>
        int main(void) {
            /* If it's not defined as a macro, try to use as a symbol */
            #ifndef mlx5dv_dr_domain_set_reclaim_device_memory
                mlx5dv_dr_domain_set_reclaim_device_memory;
            #endif
            return 0;
        }
Compiler stdout:
 
Compiler stderr:
 /home/master/dpdk/dpdk-stable-21.11.2/build/meson-private/tmpe5b1zt6_/testfile.c: In function 'main':
/home/master/dpdk/dpdk-stable-21.11.2/build/meson-private/tmpe5b1zt6_/testfile.c:6:17: error: 'mlx5dv_dr_domain_set_reclaim_device_memory' undeclared (first use in this function)
    6 |                 mlx5dv_dr_domain_set_reclaim_device_memory;
      |                 ^~~~~~~~~~~~~~~~~~~~~~~~~~~~~~~~~~~~~~~~~~
/home/master/dpdk/dpdk-stable-21.11.2/build/meson-private/tmpe5b1zt6_/testfile.c:6:17: note: each undeclared identifier is reported only once for each function it appears in

Header <infiniband/mlx5dv.h> has symbol "mlx5dv_dr_domain_set_reclaim_device_memory" with dependencies libmlx5, libibverbs: NO 
Running compile:
Working directory:  /home/master/dpdk/dpdk-stable-21.11.2/build/meson-private/tmpmxsux610
Command line:  cc -I/usr/include/libnl3 /home/master/dpdk/dpdk-stable-21.11.2/build/meson-private/tmpmxsux610/testfile.c -o /home/master/dpdk/dpdk-stable-21.11.2/build/meson-private/tmpmxsux610/output.obj -pipe -c -D_FILE_OFFSET_BITS=64 -O0 

Code:
 
        #include <infiniband/mlx5dv.h>
        int main(void) {
            /* If it's not defined as a macro, try to use as a symbol */
            #ifndef mlx5dv_dr_action_create_dest_array
                mlx5dv_dr_action_create_dest_array;
            #endif
            return 0;
        }
Compiler stdout:
 
Compiler stderr:
 /home/master/dpdk/dpdk-stable-21.11.2/build/meson-private/tmpmxsux610/testfile.c: In function 'main':
/home/master/dpdk/dpdk-stable-21.11.2/build/meson-private/tmpmxsux610/testfile.c:6:17: error: 'mlx5dv_dr_action_create_dest_array' undeclared (first use in this function); did you mean 'mlx5dv_dr_action_create_dest_vport'?
    6 |                 mlx5dv_dr_action_create_dest_array;
      |                 ^~~~~~~~~~~~~~~~~~~~~~~~~~~~~~~~~~
      |                 mlx5dv_dr_action_create_dest_vport
/home/master/dpdk/dpdk-stable-21.11.2/build/meson-private/tmpmxsux610/testfile.c:6:17: note: each undeclared identifier is reported only once for each function it appears in

Header <infiniband/mlx5dv.h> has symbol "mlx5dv_dr_action_create_dest_array" with dependencies libmlx5, libibverbs: NO 
Running compile:
Working directory:  /home/master/dpdk/dpdk-stable-21.11.2/build/meson-private/tmpqdsf5uvp
Command line:  cc -I/usr/include/libnl3 /home/master/dpdk/dpdk-stable-21.11.2/build/meson-private/tmpqdsf5uvp/testfile.c -o /home/master/dpdk/dpdk-stable-21.11.2/build/meson-private/tmpqdsf5uvp/output.obj -pipe -c -D_FILE_OFFSET_BITS=64 -O0 

Code:
 
        #include <linux/devlink.h>
        int main(void) {
            /* If it's not defined as a macro, try to use as a symbol */
            #ifndef DEVLINK_GENL_NAME
                DEVLINK_GENL_NAME;
            #endif
            return 0;
        }
Compiler stdout:
 
Compiler stderr:
 
Header <linux/devlink.h> has symbol "DEVLINK_GENL_NAME" with dependencies libmlx5, libibverbs: YES 
Running compile:
Working directory:  /home/master/dpdk/dpdk-stable-21.11.2/build/meson-private/tmp_0dpu6u1
Command line:  cc -I/usr/include/libnl3 /home/master/dpdk/dpdk-stable-21.11.2/build/meson-private/tmp_0dpu6u1/testfile.c -o /home/master/dpdk/dpdk-stable-21.11.2/build/meson-private/tmp_0dpu6u1/output.obj -pipe -c -D_FILE_OFFSET_BITS=64 -O0 

Code:
 
        #include <infiniband/mlx5dv.h>
        int main(void) {
            /* If it's not defined as a macro, try to use as a symbol */
            #ifndef mlx5dv_dr_action_create_aso
                mlx5dv_dr_action_create_aso;
            #endif
            return 0;
        }
Compiler stdout:
 
Compiler stderr:
 /home/master/dpdk/dpdk-stable-21.11.2/build/meson-private/tmp_0dpu6u1/testfile.c: In function 'main':
/home/master/dpdk/dpdk-stable-21.11.2/build/meson-private/tmp_0dpu6u1/testfile.c:6:17: error: 'mlx5dv_dr_action_create_aso' undeclared (first use in this function); did you mean 'mlx5dv_dr_action_create_tag'?
    6 |                 mlx5dv_dr_action_create_aso;
      |                 ^~~~~~~~~~~~~~~~~~~~~~~~~~~
      |                 mlx5dv_dr_action_create_tag
/home/master/dpdk/dpdk-stable-21.11.2/build/meson-private/tmp_0dpu6u1/testfile.c:6:17: note: each undeclared identifier is reported only once for each function it appears in

Header <infiniband/mlx5dv.h> has symbol "mlx5dv_dr_action_create_aso" with dependencies libmlx5, libibverbs: NO 
Running compile:
Working directory:  /home/master/dpdk/dpdk-stable-21.11.2/build/meson-private/tmpfs1fw529
Command line:  cc -I/usr/include/libnl3 /home/master/dpdk/dpdk-stable-21.11.2/build/meson-private/tmpfs1fw529/testfile.c -o /home/master/dpdk/dpdk-stable-21.11.2/build/meson-private/tmpfs1fw529/output.obj -pipe -c -D_FILE_OFFSET_BITS=64 -O0 

Code:
 
        #include <infiniband/verbs.h>
        int main(void) {
            /* If it's not defined as a macro, try to use as a symbol */
            #ifndef INFINIBAND_VERBS_H
                INFINIBAND_VERBS_H;
            #endif
            return 0;
        }
Compiler stdout:
 
Compiler stderr:
 
Header <infiniband/verbs.h> has symbol "INFINIBAND_VERBS_H" with dependencies libmlx5, libibverbs: YES 
Running compile:
Working directory:  /home/master/dpdk/dpdk-stable-21.11.2/build/meson-private/tmph98inl38
Command line:  cc -I/usr/include/libnl3 /home/master/dpdk/dpdk-stable-21.11.2/build/meson-private/tmph98inl38/testfile.c -o /home/master/dpdk/dpdk-stable-21.11.2/build/meson-private/tmph98inl38/output.obj -pipe -c -D_FILE_OFFSET_BITS=64 -O0 

Code:
 
        #include <infiniband/mlx5dv.h>
        int main(void) {
            /* If it's not defined as a macro, try to use as a symbol */
            #ifndef MLX5_WQE_UMR_CTRL_FLAG_INLINE
                MLX5_WQE_UMR_CTRL_FLAG_INLINE;
            #endif
            return 0;
        }
Compiler stdout:
 
Compiler stderr:
 
Header <infiniband/mlx5dv.h> has symbol "MLX5_WQE_UMR_CTRL_FLAG_INLINE" with dependencies libmlx5, libibverbs: YES 
Running compile:
Working directory:  /home/master/dpdk/dpdk-stable-21.11.2/build/meson-private/tmpf9z07noa
Command line:  cc -I/usr/include/libnl3 /home/master/dpdk/dpdk-stable-21.11.2/build/meson-private/tmpf9z07noa/testfile.c -o /home/master/dpdk/dpdk-stable-21.11.2/build/meson-private/tmpf9z07noa/output.obj -pipe -c -D_FILE_OFFSET_BITS=64 -O0 

Code:
 
        #include <infiniband/mlx5dv.h>
        int main(void) {
            /* If it's not defined as a macro, try to use as a symbol */
            #ifndef mlx5dv_dump_dr_rule
                mlx5dv_dump_dr_rule;
            #endif
            return 0;
        }
Compiler stdout:
 
Compiler stderr:
 
Header <infiniband/mlx5dv.h> has symbol "mlx5dv_dump_dr_rule" with dependencies libmlx5, libibverbs: YES 
Running compile:
Working directory:  /home/master/dpdk/dpdk-stable-21.11.2/build/meson-private/tmpgoqb_qok
Command line:  cc -I/usr/include/libnl3 /home/master/dpdk/dpdk-stable-21.11.2/build/meson-private/tmpgoqb_qok/testfile.c -o /home/master/dpdk/dpdk-stable-21.11.2/build/meson-private/tmpgoqb_qok/output.obj -pipe -c -D_FILE_OFFSET_BITS=64 -O0 

Code:
 
        #include <infiniband/mlx5dv.h>
        int main(void) {
            /* If it's not defined as a macro, try to use as a symbol */
            #ifndef MLX5DV_DR_ACTION_FLAGS_ASO_CT_DIRECTION_INITIATOR
                MLX5DV_DR_ACTION_FLAGS_ASO_CT_DIRECTION_INITIATOR;
            #endif
            return 0;
        }
Compiler stdout:
 
Compiler stderr:
 /home/master/dpdk/dpdk-stable-21.11.2/build/meson-private/tmpgoqb_qok/testfile.c: In function 'main':
/home/master/dpdk/dpdk-stable-21.11.2/build/meson-private/tmpgoqb_qok/testfile.c:6:17: error: 'MLX5DV_DR_ACTION_FLAGS_ASO_CT_DIRECTION_INITIATOR' undeclared (first use in this function)
    6 |                 MLX5DV_DR_ACTION_FLAGS_ASO_CT_DIRECTION_INITIATOR;
      |                 ^~~~~~~~~~~~~~~~~~~~~~~~~~~~~~~~~~~~~~~~~~~~~~~~~
/home/master/dpdk/dpdk-stable-21.11.2/build/meson-private/tmpgoqb_qok/testfile.c:6:17: note: each undeclared identifier is reported only once for each function it appears in

Header <infiniband/mlx5dv.h> has symbol "MLX5DV_DR_ACTION_FLAGS_ASO_CT_DIRECTION_INITIATOR" with dependencies libmlx5, libibverbs: NO 
Running compile:
Working directory:  /home/master/dpdk/dpdk-stable-21.11.2/build/meson-private/tmpzxs14fzf
Command line:  cc -I/usr/include/libnl3 /home/master/dpdk/dpdk-stable-21.11.2/build/meson-private/tmpzxs14fzf/testfile.c -o /home/master/dpdk/dpdk-stable-21.11.2/build/meson-private/tmpzxs14fzf/output.obj -pipe -c -D_FILE_OFFSET_BITS=64 -O0 

Code:
 
        #include <infiniband/mlx5dv.h>
        int main(void) {
            /* If it's not defined as a macro, try to use as a symbol */
            #ifndef mlx5dv_dr_domain_allow_duplicate_rules
                mlx5dv_dr_domain_allow_duplicate_rules;
            #endif
            return 0;
        }
Compiler stdout:
 
Compiler stderr:
 /home/master/dpdk/dpdk-stable-21.11.2/build/meson-private/tmpzxs14fzf/testfile.c: In function 'main':
/home/master/dpdk/dpdk-stable-21.11.2/build/meson-private/tmpzxs14fzf/testfile.c:6:17: error: 'mlx5dv_dr_domain_allow_duplicate_rules' undeclared (first use in this function)
    6 |                 mlx5dv_dr_domain_allow_duplicate_rules;
      |                 ^~~~~~~~~~~~~~~~~~~~~~~~~~~~~~~~~~~~~~
/home/master/dpdk/dpdk-stable-21.11.2/build/meson-private/tmpzxs14fzf/testfile.c:6:17: note: each undeclared identifier is reported only once for each function it appears in

Header <infiniband/mlx5dv.h> has symbol "mlx5dv_dr_domain_allow_duplicate_rules" with dependencies libmlx5, libibverbs: NO 
Running compile:
Working directory:  /home/master/dpdk/dpdk-stable-21.11.2/build/meson-private/tmpfa40df45
Command line:  cc -I/usr/include/libnl3 /home/master/dpdk/dpdk-stable-21.11.2/build/meson-private/tmpfa40df45/testfile.c -o /home/master/dpdk/dpdk-stable-21.11.2/build/meson-private/tmpfa40df45/output.obj -pipe -c -D_FILE_OFFSET_BITS=64 -O0 

Code:
 
        #include <infiniband/verbs.h>
        int main(void) {
            /* If it's not defined as a macro, try to use as a symbol */
            #ifndef ibv_reg_mr_iova
                ibv_reg_mr_iova;
            #endif
            return 0;
        }
Compiler stdout:
 
Compiler stderr:
 
Header <infiniband/verbs.h> has symbol "ibv_reg_mr_iova" with dependencies libmlx5, libibverbs: YES 
Running compile:
Working directory:  /home/master/dpdk/dpdk-stable-21.11.2/build/meson-private/tmpjajp4n1w
Command line:  cc -I/usr/include/libnl3 /home/master/dpdk/dpdk-stable-21.11.2/build/meson-private/tmpjajp4n1w/testfile.c -o /home/master/dpdk/dpdk-stable-21.11.2/build/meson-private/tmpjajp4n1w/output.obj -pipe -c -D_FILE_OFFSET_BITS=64 -O0 

Code:
 #include <infiniband/mlx5dv.h>
        void bar(void) {
            struct mlx5dv_sw_parsing_caps foo;
            foo.sw_parsing_offloads;

        };
Compiler stdout:
 
Compiler stderr:
 
Checking whether type "struct mlx5dv_sw_parsing_caps" has member "sw_parsing_offloads" with dependencies libmlx5, libibverbs: YES 
Running compile:
Working directory:  /home/master/dpdk/dpdk-stable-21.11.2/build/meson-private/tmpik32wfgy
Command line:  cc -I/usr/include/libnl3 /home/master/dpdk/dpdk-stable-21.11.2/build/meson-private/tmpik32wfgy/testfile.c -o /home/master/dpdk/dpdk-stable-21.11.2/build/meson-private/tmpik32wfgy/output.obj -pipe -c -D_FILE_OFFSET_BITS=64 -O0 

Code:
 #include <infiniband/verbs.h>
        void bar(void) {
            struct ibv_counter_set_init_attr foo;
            foo.counter_set_id;

        };
Compiler stdout:
 
Compiler stderr:
 /home/master/dpdk/dpdk-stable-21.11.2/build/meson-private/tmpik32wfgy/testfile.c: In function 'bar':
/home/master/dpdk/dpdk-stable-21.11.2/build/meson-private/tmpik32wfgy/testfile.c:3:46: error: storage size of 'foo' isn't known
    3 |             struct ibv_counter_set_init_attr foo;
      |                                              ^~~

Checking whether type "struct ibv_counter_set_init_attr" has member "counter_set_id" with dependencies libmlx5, libibverbs: NO 
Running compile:
Working directory:  /home/master/dpdk/dpdk-stable-21.11.2/build/meson-private/tmpszerjst4
Command line:  cc -I/usr/include/libnl3 /home/master/dpdk/dpdk-stable-21.11.2/build/meson-private/tmpszerjst4/testfile.c -o /home/master/dpdk/dpdk-stable-21.11.2/build/meson-private/tmpszerjst4/output.obj -pipe -c -D_FILE_OFFSET_BITS=64 -O0 

Code:
 #include <infiniband/verbs.h>
        void bar(void) {
            struct ibv_counters_init_attr foo;
            foo.comp_mask;

        };
Compiler stdout:
 
Compiler stderr:
 
Checking whether type "struct ibv_counters_init_attr" has member "comp_mask" with dependencies libmlx5, libibverbs: YES 
Running compile:
Working directory:  /home/master/dpdk/dpdk-stable-21.11.2/build/meson-private/tmp4vcwmlej
Command line:  cc -I/usr/include/libnl3 /home/master/dpdk/dpdk-stable-21.11.2/build/meson-private/tmp4vcwmlej/testfile.c -o /home/master/dpdk/dpdk-stable-21.11.2/build/meson-private/tmp4vcwmlej/output.obj -pipe -c -D_FILE_OFFSET_BITS=64 -O0 

Code:
 #include <infiniband/mlx5dv.h>
        void bar(void) {
            struct mlx5dv_devx_uar foo;
            foo.mmap_off;

        };
Compiler stdout:
 
Compiler stderr:
 
Checking whether type "struct mlx5dv_devx_uar" has member "mmap_off" with dependencies libmlx5, libibverbs: YES 
Configuring mlx5_autoconf.h using configuration
Pkg-config binary for MachineChoice.HOST is cached.
Determining dependency 'libcrypto' with pkg-config executable '/usr/bin/pkg-config'
PKG_CONFIG_PATH: 
Called `/usr/bin/pkg-config --modversion libcrypto` -> 0
1.1.1f
PKG_CONFIG_PATH: 
Called `/usr/bin/pkg-config --cflags libcrypto` -> 0

PKG_CONFIG_PATH: 
Called `/usr/bin/pkg-config libcrypto --libs` -> 0
-L/usr/lib/x86_64-linux-gnu -lcrypto
PKG_CONFIG_PATH: 
Called `/usr/bin/pkg-config libcrypto --libs` -> 0
-L/usr/lib/x86_64-linux-gnu -lcrypto
Run-time dependency libcrypto found: YES 1.1.1f
Running compile:
Working directory:  /home/master/dpdk/dpdk-stable-21.11.2/build/meson-private/tmpgu453odz
Command line:  cc /home/master/dpdk/dpdk-stable-21.11.2/build/meson-private/tmpgu453odz/testfile.c -o /home/master/dpdk/dpdk-stable-21.11.2/build/meson-private/tmpgu453odz/output.obj -pipe -c -D_FILE_OFFSET_BITS=64 -O0 -Wdisabled-optimization 

Code:
 int i;

Compiler stdout:
 
Compiler stderr:
 
Compiler for C supports arguments -Wdisabled-optimization: YES 
Running compile:
Working directory:  /home/master/dpdk/dpdk-stable-21.11.2/build/meson-private/tmph_z_ofgg
Command line:  cc /home/master/dpdk/dpdk-stable-21.11.2/build/meson-private/tmph_z_ofgg/testfile.c -o /home/master/dpdk/dpdk-stable-21.11.2/build/meson-private/tmph_z_ofgg/output.obj -pipe -c -D_FILE_OFFSET_BITS=64 -O0 -Waggregate-return 

Code:
 int i;

Compiler stdout:
 
Compiler stderr:
 
Compiler for C supports arguments -Waggregate-return: YES 
Running compile:
Working directory:  /home/master/dpdk/dpdk-stable-21.11.2/build/meson-private/tmppokmnpms
Command line:  cc /home/master/dpdk/dpdk-stable-21.11.2/build/meson-private/tmppokmnpms/testfile.c -o /home/master/dpdk/dpdk-stable-21.11.2/build/meson-private/tmppokmnpms/output.obj -pipe -c -D_FILE_OFFSET_BITS=64 -O0 -Wbad-function-cast 

Code:
 int i;

Compiler stdout:
 
Compiler stderr:
 
Compiler for C supports arguments -Wbad-function-cast: YES 
Running compile:
Working directory:  /home/master/dpdk/dpdk-stable-21.11.2/build/meson-private/tmp5kxfch9l
Command line:  cc /home/master/dpdk/dpdk-stable-21.11.2/build/meson-private/tmp5kxfch9l/testfile.c -o /home/master/dpdk/dpdk-stable-21.11.2/build/meson-private/tmp5kxfch9l/output.obj -pipe -c -D_FILE_OFFSET_BITS=64 -O0 -Wno-sign-compare -Wsign-compare 

Code:
 int i;

Compiler stdout:
 
Compiler stderr:
 
Compiler for C supports arguments -Wno-sign-compare -Wsign-compare: YES 
Running compile:
Working directory:  /home/master/dpdk/dpdk-stable-21.11.2/build/meson-private/tmpidg1mv3w
Command line:  cc /home/master/dpdk/dpdk-stable-21.11.2/build/meson-private/tmpidg1mv3w/testfile.c -o /home/master/dpdk/dpdk-stable-21.11.2/build/meson-private/tmpidg1mv3w/output.obj -pipe -c -D_FILE_OFFSET_BITS=64 -O0 -Wno-unused-parameter -Wunused-parameter 

Code:
 int i;

Compiler stdout:
 
Compiler stderr:
 
Compiler for C supports arguments -Wno-unused-parameter -Wunused-parameter: YES 
Running compile:
Working directory:  /home/master/dpdk/dpdk-stable-21.11.2/build/meson-private/tmpkydnkzza
Command line:  cc /home/master/dpdk/dpdk-stable-21.11.2/build/meson-private/tmpkydnkzza/testfile.c -o /home/master/dpdk/dpdk-stable-21.11.2/build/meson-private/tmpkydnkzza/output.obj -pipe -c -D_FILE_OFFSET_BITS=64 -O0 -Wno-unused-variable -Wunused-variable 

Code:
 int i;

Compiler stdout:
 
Compiler stderr:
 
Compiler for C supports arguments -Wno-unused-variable -Wunused-variable: YES 
Running compile:
Working directory:  /home/master/dpdk/dpdk-stable-21.11.2/build/meson-private/tmpvd3z3t25
Command line:  cc /home/master/dpdk/dpdk-stable-21.11.2/build/meson-private/tmpvd3z3t25/testfile.c -o /home/master/dpdk/dpdk-stable-21.11.2/build/meson-private/tmpvd3z3t25/output.obj -pipe -c -D_FILE_OFFSET_BITS=64 -O0 -Wno-empty-body -Wempty-body 

Code:
 int i;

Compiler stdout:
 
Compiler stderr:
 
Compiler for C supports arguments -Wno-empty-body -Wempty-body: YES 
Running compile:
Working directory:  /home/master/dpdk/dpdk-stable-21.11.2/build/meson-private/tmp_samils2
Command line:  cc /home/master/dpdk/dpdk-stable-21.11.2/build/meson-private/tmp_samils2/testfile.c -o /home/master/dpdk/dpdk-stable-21.11.2/build/meson-private/tmp_samils2/output.obj -pipe -c -D_FILE_OFFSET_BITS=64 -O0 -Wno-unused-but-set-variable -Wunused-but-set-variable 

Code:
 int i;

Compiler stdout:
 
Compiler stderr:
 
Compiler for C supports arguments -Wno-unused-but-set-variable -Wunused-but-set-variable: YES 
Running compile:
Working directory:  /home/master/dpdk/dpdk-stable-21.11.2/build/meson-private/tmpad1bdvfn
Command line:  cc /home/master/dpdk/dpdk-stable-21.11.2/build/meson-private/tmpad1bdvfn/testfile.c -o /home/master/dpdk/dpdk-stable-21.11.2/build/meson-private/tmpad1bdvfn/output.obj -pipe -c -D_FILE_OFFSET_BITS=64 -O0 -Wno-pointer-arith -Wpointer-arith 

Code:
 int i;

Compiler stdout:
 
Compiler stderr:
 
Compiler for C supports arguments -Wno-pointer-arith -Wpointer-arith: YES 
Running compile:
Working directory:  /home/master/dpdk/dpdk-stable-21.11.2/build/meson-private/tmpl5ygh6a3
Command line:  cc /home/master/dpdk/dpdk-stable-21.11.2/build/meson-private/tmpl5ygh6a3/testfile.c -o /home/master/dpdk/dpdk-stable-21.11.2/build/meson-private/tmpl5ygh6a3/output.obj -pipe -c -D_FILE_OFFSET_BITS=64 -O0 -march=native 

Code:
 
#include <x86intrin.h>
__attribute__((target("avx2")))
__m256i fn(void *x) { return _mm256_loadu_si256(x); }

Compiler stdout:
 
Compiler stderr:
 
Pkg-config binary for MachineChoice.HOST is cached.
Determining dependency 'libxdp' with pkg-config executable '/usr/bin/pkg-config'
PKG_CONFIG_PATH: 
Called `/usr/bin/pkg-config --modversion libxdp` -> 1

Run-time dependency libxdp found: NO (tried pkgconfig)
Pkg-config binary for MachineChoice.HOST is cached.
Determining dependency 'libbpf' with pkg-config executable '/usr/bin/pkg-config'
PKG_CONFIG_PATH: 
Called `/usr/bin/pkg-config --modversion libbpf` -> 1

Run-time dependency libbpf found: NO (tried pkgconfig)
Running compile:
Working directory:  /home/master/dpdk/dpdk-stable-21.11.2/build/meson-private/tmprnnsb1br
Command line:  cc /home/master/dpdk/dpdk-stable-21.11.2/build/meson-private/tmprnnsb1br/testfile.c -o /home/master/dpdk/dpdk-stable-21.11.2/build/meson-private/tmprnnsb1br/output.exe -pipe -D_FILE_OFFSET_BITS=64 -O0 -Wl,--start-group -lbpf -Wl,--end-group -Wl,--allow-shlib-undefined 

Code:
 int main(void) { return 0; }
Compiler stdout:
 
Compiler stderr:
 /usr/bin/ld: cannot find -lbpf
collect2: error: ld returned 1 exit status

Library bpf found: NO
Running compile:
Working directory:  /home/master/dpdk/dpdk-stable-21.11.2/build/meson-private/tmpl28ppdys
Command line:  cc /home/master/dpdk/dpdk-stable-21.11.2/build/meson-private/tmpl28ppdys/testfile.c -pipe -E -P -D_FILE_OFFSET_BITS=64 -P -O0 

Code:
 
        #ifdef __has_include
         #if !__has_include("linux/if_xdp.h")
          #error "Header 'linux/if_xdp.h' could not be found"
         #endif
        #else
         #include <linux/if_xdp.h>
        #endif
Compiler stdout:
 
Compiler stderr:
 
Has header "linux/if_xdp.h" : YES 
Pkg-config binary for MachineChoice.HOST is cached.
Determining dependency 'zlib' with pkg-config executable '/usr/bin/pkg-config'
PKG_CONFIG_PATH: 
Called `/usr/bin/pkg-config --modversion zlib` -> 0
1.2.11
PKG_CONFIG_PATH: 
Called `/usr/bin/pkg-config --cflags zlib` -> 0

PKG_CONFIG_PATH: 
Called `/usr/bin/pkg-config zlib --libs` -> 0
-L/usr/lib/x86_64-linux-gnu -lz
PKG_CONFIG_PATH: 
Called `/usr/bin/pkg-config zlib --libs` -> 0
-L/usr/lib/x86_64-linux-gnu -lz
Run-time dependency zlib found: YES 1.2.11
Running compile:
Working directory:  /home/master/dpdk/dpdk-stable-21.11.2/build/meson-private/tmpgh_afkac
Command line:  cc /home/master/dpdk/dpdk-stable-21.11.2/build/meson-private/tmpgh_afkac/testfile.c -o /home/master/dpdk/dpdk-stable-21.11.2/build/meson-private/tmpgh_afkac/output.obj -pipe -c -D_FILE_OFFSET_BITS=64 -O0 -DSUPPORT_CFA_HW_ALL=1 

Code:
 int i;

Compiler stdout:
 
Compiler stderr:
 
Compiler for C supports arguments -DSUPPORT_CFA_HW_ALL=1: YES 
Using cached compile:
Cached command line:  cc /tmp/tmpt15ok3i1/testfile.c -pipe -E -P -D_FILE_OFFSET_BITS=64 -P -O0 -march=native 

Code:
 
        
        #ifndef __AVX2__
        # define __AVX2__
        #endif
        "MESON_GET_DEFINE_DELIMITER"
__AVX2__
Cached compiler stdout:
         "MESON_GET_DEFINE_DELIMITER"
1

Cached compiler stderr:
 
Fetching value of define "__AVX2__" : 1 (cached)
Running compile:
Working directory:  /home/master/dpdk/dpdk-stable-21.11.2/build/meson-private/tmp4w98wpm1
Command line:  cc /home/master/dpdk/dpdk-stable-21.11.2/build/meson-private/tmp4w98wpm1/testfile.c -o /home/master/dpdk/dpdk-stable-21.11.2/build/meson-private/tmp4w98wpm1/output.obj -pipe -c -D_FILE_OFFSET_BITS=64 -O0 -flax-vector-conversions 

Code:
 int i;

Compiler stdout:
 
Compiler stderr:
 
Compiler for C supports arguments -flax-vector-conversions: YES 
Running compile:
Working directory:  /home/master/dpdk/dpdk-stable-21.11.2/build/meson-private/tmpo27h61t2
Command line:  cc /home/master/dpdk/dpdk-stable-21.11.2/build/meson-private/tmpo27h61t2/testfile.c -o /home/master/dpdk/dpdk-stable-21.11.2/build/meson-private/tmpo27h61t2/output.obj -pipe -c -D_FILE_OFFSET_BITS=64 -O0 -Wno-strict-aliasing -Wstrict-aliasing 

Code:
 int i;

Compiler stdout:
 
Compiler stderr:
 
Compiler for C supports arguments -Wno-strict-aliasing -Wstrict-aliasing: YES 
Running compile:
Working directory:  /home/master/dpdk/dpdk-stable-21.11.2/build/meson-private/tmpew8kdjhu
Command line:  cc /home/master/dpdk/dpdk-stable-21.11.2/build/meson-private/tmpew8kdjhu/testfile.c -o /home/master/dpdk/dpdk-stable-21.11.2/build/meson-private/tmpew8kdjhu/output.obj -pipe -c -D_FILE_OFFSET_BITS=64 -O0 -Wno-pointer-arith -Wpointer-arith 

Code:
 int i;

Compiler stdout:
 
Compiler stderr:
 
Compiler for C supports arguments -Wno-pointer-arith -Wpointer-arith: YES 
Running compile:
Working directory:  /home/master/dpdk/dpdk-stable-21.11.2/build/meson-private/tmpvokxt7cj
Command line:  cc /home/master/dpdk/dpdk-stable-21.11.2/build/meson-private/tmpvokxt7cj/testfile.c -o /home/master/dpdk/dpdk-stable-21.11.2/build/meson-private/tmpvokxt7cj/output.obj -pipe -c -D_FILE_OFFSET_BITS=64 -O0 -Wno-uninitialized -Wuninitialized 

Code:
 int i;

Compiler stdout:
 
Compiler stderr:
 
Compiler for C supports arguments -Wno-uninitialized -Wuninitialized: YES 
Running compile:
Working directory:  /home/master/dpdk/dpdk-stable-21.11.2/build/meson-private/tmpso5xqidd
Command line:  cc /home/master/dpdk/dpdk-stable-21.11.2/build/meson-private/tmpso5xqidd/testfile.c -o /home/master/dpdk/dpdk-stable-21.11.2/build/meson-private/tmpso5xqidd/output.obj -pipe -c -D_FILE_OFFSET_BITS=64 -O0 -Wno-unused-parameter -Wunused-parameter 

Code:
 int i;

Compiler stdout:
 
Compiler stderr:
 
Compiler for C supports arguments -Wno-unused-parameter -Wunused-parameter: YES 
Running compile:
Working directory:  /home/master/dpdk/dpdk-stable-21.11.2/build/meson-private/tmp6mj_21sj
Command line:  cc /home/master/dpdk/dpdk-stable-21.11.2/build/meson-private/tmp6mj_21sj/testfile.c -o /home/master/dpdk/dpdk-stable-21.11.2/build/meson-private/tmp6mj_21sj/output.obj -pipe -c -D_FILE_OFFSET_BITS=64 -O0 -Wno-unused-variable -Wunused-variable 

Code:
 int i;

Compiler stdout:
 
Compiler stderr:
 
Compiler for C supports arguments -Wno-unused-variable -Wunused-variable: YES 
Running compile:
Working directory:  /home/master/dpdk/dpdk-stable-21.11.2/build/meson-private/tmp1fu3y_0l
Command line:  cc /home/master/dpdk/dpdk-stable-21.11.2/build/meson-private/tmp1fu3y_0l/testfile.c -o /home/master/dpdk/dpdk-stable-21.11.2/build/meson-private/tmp1fu3y_0l/output.obj -pipe -c -D_FILE_OFFSET_BITS=64 -O0 -Wno-misleading-indentation -Wmisleading-indentation 

Code:
 int i;

Compiler stdout:
 
Compiler stderr:
 
Compiler for C supports arguments -Wno-misleading-indentation -Wmisleading-indentation: YES 
Running compile:
Working directory:  /home/master/dpdk/dpdk-stable-21.11.2/build/meson-private/tmph0y0k5ua
Command line:  cc /home/master/dpdk/dpdk-stable-21.11.2/build/meson-private/tmph0y0k5ua/testfile.c -o /home/master/dpdk/dpdk-stable-21.11.2/build/meson-private/tmph0y0k5ua/output.obj -pipe -c -D_FILE_OFFSET_BITS=64 -O0 -Wno-implicit-fallthrough -Wimplicit-fallthrough 

Code:
 int i;

Compiler stdout:
 
Compiler stderr:
 
Compiler for C supports arguments -Wno-implicit-fallthrough -Wimplicit-fallthrough: YES 
Using cached compile:
Cached command line:  cc /tmp/tmpt15ok3i1/testfile.c -pipe -E -P -D_FILE_OFFSET_BITS=64 -P -O0 -march=native 

Code:
 
        
        #ifndef __AVX2__
        # define __AVX2__
        #endif
        "MESON_GET_DEFINE_DELIMITER"
__AVX2__
Cached compiler stdout:
         "MESON_GET_DEFINE_DELIMITER"
1

Cached compiler stderr:
 
Fetching value of define "__AVX2__" : 1 (cached)
Running compile:
Working directory:  /home/master/dpdk/dpdk-stable-21.11.2/build/meson-private/tmp_gxerzmf
Command line:  cc /home/master/dpdk/dpdk-stable-21.11.2/build/meson-private/tmp_gxerzmf/testfile.c -o /home/master/dpdk/dpdk-stable-21.11.2/build/meson-private/tmp_gxerzmf/output.obj -pipe -c -D_FILE_OFFSET_BITS=64 -O0 -Wno-unused-parameter -Wunused-parameter 

Code:
 int i;

Compiler stdout:
 
Compiler stderr:
 
Compiler for C supports arguments -Wno-unused-parameter -Wunused-parameter: YES 
Running compile:
Working directory:  /home/master/dpdk/dpdk-stable-21.11.2/build/meson-private/tmpkbbtjjsv
Command line:  cc /home/master/dpdk/dpdk-stable-21.11.2/build/meson-private/tmpkbbtjjsv/testfile.c -o /home/master/dpdk/dpdk-stable-21.11.2/build/meson-private/tmpkbbtjjsv/output.obj -pipe -c -D_FILE_OFFSET_BITS=64 -O0 -Wno-unused-value -Wunused-value 

Code:
 int i;

Compiler stdout:
 
Compiler stderr:
 
Compiler for C supports arguments -Wno-unused-value -Wunused-value: YES 
Running compile:
Working directory:  /home/master/dpdk/dpdk-stable-21.11.2/build/meson-private/tmpdtwta6dx
Command line:  cc /home/master/dpdk/dpdk-stable-21.11.2/build/meson-private/tmpdtwta6dx/testfile.c -o /home/master/dpdk/dpdk-stable-21.11.2/build/meson-private/tmpdtwta6dx/output.obj -pipe -c -D_FILE_OFFSET_BITS=64 -O0 -Wno-strict-aliasing -Wstrict-aliasing 

Code:
 int i;

Compiler stdout:
 
Compiler stderr:
 
Compiler for C supports arguments -Wno-strict-aliasing -Wstrict-aliasing: YES 
Running compile:
Working directory:  /home/master/dpdk/dpdk-stable-21.11.2/build/meson-private/tmpq7sin8k0
Command line:  cc /home/master/dpdk/dpdk-stable-21.11.2/build/meson-private/tmpq7sin8k0/testfile.c -o /home/master/dpdk/dpdk-stable-21.11.2/build/meson-private/tmpq7sin8k0/output.obj -pipe -c -D_FILE_OFFSET_BITS=64 -O0 -Wno-format-extra-args -Wformat-extra-args 

Code:
 int i;

Compiler stdout:
 
Compiler stderr:
 
Compiler for C supports arguments -Wno-format-extra-args -Wformat-extra-args: YES 
Running compile:
Working directory:  /home/master/dpdk/dpdk-stable-21.11.2/build/meson-private/tmpceznlv92
Command line:  cc /home/master/dpdk/dpdk-stable-21.11.2/build/meson-private/tmpceznlv92/testfile.c -o /home/master/dpdk/dpdk-stable-21.11.2/build/meson-private/tmpceznlv92/output.obj -pipe -c -D_FILE_OFFSET_BITS=64 -O0 -Wno-unused-variable -Wunused-variable 

Code:
 int i;

Compiler stdout:
 
Compiler stderr:
 
Compiler for C supports arguments -Wno-unused-variable -Wunused-variable: YES 
Running compile:
Working directory:  /home/master/dpdk/dpdk-stable-21.11.2/build/meson-private/tmpr410ca7j
Command line:  cc /home/master/dpdk/dpdk-stable-21.11.2/build/meson-private/tmpr410ca7j/testfile.c -o /home/master/dpdk/dpdk-stable-21.11.2/build/meson-private/tmpr410ca7j/output.obj -pipe -c -D_FILE_OFFSET_BITS=64 -O0 -Wno-implicit-fallthrough -Wimplicit-fallthrough 

Code:
 int i;

Compiler stdout:
 
Compiler stderr:
 
Compiler for C supports arguments -Wno-implicit-fallthrough -Wimplicit-fallthrough: YES 
Running compile:
Working directory:  /home/master/dpdk/dpdk-stable-21.11.2/build/meson-private/tmpf5ou_22j
Command line:  cc /home/master/dpdk/dpdk-stable-21.11.2/build/meson-private/tmpf5ou_22j/testfile.c -o /home/master/dpdk/dpdk-stable-21.11.2/build/meson-private/tmpf5ou_22j/output.obj -pipe -c -D_FILE_OFFSET_BITS=64 -O0 -Wno-sign-compare -Wsign-compare 

Code:
 int i;

Compiler stdout:
 
Compiler stderr:
 
Compiler for C supports arguments -Wno-sign-compare -Wsign-compare: YES 
Running compile:
Working directory:  /home/master/dpdk/dpdk-stable-21.11.2/build/meson-private/tmp91hak_g0
Command line:  cc /home/master/dpdk/dpdk-stable-21.11.2/build/meson-private/tmp91hak_g0/testfile.c -o /home/master/dpdk/dpdk-stable-21.11.2/build/meson-private/tmp91hak_g0/output.obj -pipe -c -D_FILE_OFFSET_BITS=64 -O0 -Wno-unused-value -Wunused-value 

Code:
 int i;

Compiler stdout:
 
Compiler stderr:
 
Compiler for C supports arguments -Wno-unused-value -Wunused-value: YES 
Running compile:
Working directory:  /home/master/dpdk/dpdk-stable-21.11.2/build/meson-private/tmpjgf27dja
Command line:  cc /home/master/dpdk/dpdk-stable-21.11.2/build/meson-private/tmpjgf27dja/testfile.c -o /home/master/dpdk/dpdk-stable-21.11.2/build/meson-private/tmpjgf27dja/output.obj -pipe -c -D_FILE_OFFSET_BITS=64 -O0 -Wno-format -Wformat 

Code:
 int i;

Compiler stdout:
 
Compiler stderr:
 
Compiler for C supports arguments -Wno-format -Wformat: YES 
Running compile:
Working directory:  /home/master/dpdk/dpdk-stable-21.11.2/build/meson-private/tmpzyyzkhxz
Command line:  cc /home/master/dpdk/dpdk-stable-21.11.2/build/meson-private/tmpzyyzkhxz/testfile.c -o /home/master/dpdk/dpdk-stable-21.11.2/build/meson-private/tmpzyyzkhxz/output.obj -pipe -c -D_FILE_OFFSET_BITS=64 -O0 -Wno-format-security -Wformat-security 

Code:
 int i;

Compiler stdout:
 
Compiler stderr:
 
Compiler for C supports arguments -Wno-format-security -Wformat-security: YES 
Running compile:
Working directory:  /home/master/dpdk/dpdk-stable-21.11.2/build/meson-private/tmpzs2vy8jy
Command line:  cc /home/master/dpdk/dpdk-stable-21.11.2/build/meson-private/tmpzs2vy8jy/testfile.c -o /home/master/dpdk/dpdk-stable-21.11.2/build/meson-private/tmpzs2vy8jy/output.obj -pipe -c -D_FILE_OFFSET_BITS=64 -O0 -Wno-format-nonliteral -Wformat-nonliteral 

Code:
 int i;

Compiler stdout:
 
Compiler stderr:
 
Compiler for C supports arguments -Wno-format-nonliteral -Wformat-nonliteral: YES 
Running compile:
Working directory:  /home/master/dpdk/dpdk-stable-21.11.2/build/meson-private/tmpyryk_pua
Command line:  cc /home/master/dpdk/dpdk-stable-21.11.2/build/meson-private/tmpyryk_pua/testfile.c -o /home/master/dpdk/dpdk-stable-21.11.2/build/meson-private/tmpyryk_pua/output.obj -pipe -c -D_FILE_OFFSET_BITS=64 -O0 -Wno-strict-aliasing -Wstrict-aliasing 

Code:
 int i;

Compiler stdout:
 
Compiler stderr:
 
Compiler for C supports arguments -Wno-strict-aliasing -Wstrict-aliasing: YES 
Running compile:
Working directory:  /home/master/dpdk/dpdk-stable-21.11.2/build/meson-private/tmp16sffkft
Command line:  cc /home/master/dpdk/dpdk-stable-21.11.2/build/meson-private/tmp16sffkft/testfile.c -o /home/master/dpdk/dpdk-stable-21.11.2/build/meson-private/tmp16sffkft/output.obj -pipe -c -D_FILE_OFFSET_BITS=64 -O0 -Wno-unused-but-set-variable -Wunused-but-set-variable 

Code:
 int i;

Compiler stdout:
 
Compiler stderr:
 
Compiler for C supports arguments -Wno-unused-but-set-variable -Wunused-but-set-variable: YES 
Running compile:
Working directory:  /home/master/dpdk/dpdk-stable-21.11.2/build/meson-private/tmp41iu6cfx
Command line:  cc /home/master/dpdk/dpdk-stable-21.11.2/build/meson-private/tmp41iu6cfx/testfile.c -o /home/master/dpdk/dpdk-stable-21.11.2/build/meson-private/tmp41iu6cfx/output.obj -pipe -c -D_FILE_OFFSET_BITS=64 -O0 -Wno-unused-parameter -Wunused-parameter 

Code:
 int i;

Compiler stdout:
 
Compiler stderr:
 
Compiler for C supports arguments -Wno-unused-parameter -Wunused-parameter: YES 
Using cached compile:
Cached command line:  cc /tmp/tmpt15ok3i1/testfile.c -pipe -E -P -D_FILE_OFFSET_BITS=64 -P -O0 -march=native 

Code:
 
        
        #ifndef __AVX2__
        # define __AVX2__
        #endif
        "MESON_GET_DEFINE_DELIMITER"
__AVX2__
Cached compiler stdout:
         "MESON_GET_DEFINE_DELIMITER"
1

Cached compiler stderr:
 
Fetching value of define "__AVX2__" : 1 (cached)
Using cached compile:
Cached command line:  cc /tmp/tmpe51wa5mj/testfile.c -pipe -E -P -D_FILE_OFFSET_BITS=64 -P -O0 -march=native 

Code:
 
        
        #ifndef __AVX512F__
        # define __AVX512F__
        #endif
        "MESON_GET_DEFINE_DELIMITER"
__AVX512F__
Cached compiler stdout:
         "MESON_GET_DEFINE_DELIMITER"
1

Cached compiler stderr:
 
Fetching value of define "__AVX512F__" : 1 (cached)
Using cached compile:
Cached command line:  cc /tmp/tmp6y_dtm33/testfile.c -pipe -E -P -D_FILE_OFFSET_BITS=64 -P -O0 -march=native 

Code:
 
        
        #ifndef __AVX512BW__
        # define __AVX512BW__
        #endif
        "MESON_GET_DEFINE_DELIMITER"
__AVX512BW__
Cached compiler stdout:
         "MESON_GET_DEFINE_DELIMITER"
1

Cached compiler stderr:
 
Fetching value of define "__AVX512BW__" : 1 (cached)
Running compile:
Working directory:  /home/master/dpdk/dpdk-stable-21.11.2/build/meson-private/tmprljnqgnz
Command line:  cc /home/master/dpdk/dpdk-stable-21.11.2/build/meson-private/tmprljnqgnz/testfile.c -o /home/master/dpdk/dpdk-stable-21.11.2/build/meson-private/tmprljnqgnz/output.obj -pipe -c -D_FILE_OFFSET_BITS=64 -O0 -mavx512f 

Code:
 int i;

Compiler stdout:
 
Compiler stderr:
 
Compiler for C supports arguments -mavx512f: YES 
Running compile:
Working directory:  /home/master/dpdk/dpdk-stable-21.11.2/build/meson-private/tmpmd53kxk9
Command line:  cc /home/master/dpdk/dpdk-stable-21.11.2/build/meson-private/tmpmd53kxk9/testfile.c -o /home/master/dpdk/dpdk-stable-21.11.2/build/meson-private/tmpmd53kxk9/output.obj -pipe -c -D_FILE_OFFSET_BITS=64 -O0 -mavx512bw 

Code:
 int i;

Compiler stdout:
 
Compiler stderr:
 
Compiler for C supports arguments -mavx512bw: YES 
Running compile:
Working directory:  /home/master/dpdk/dpdk-stable-21.11.2/build/meson-private/tmp395kpxny
Command line:  cc /home/master/dpdk/dpdk-stable-21.11.2/build/meson-private/tmp395kpxny/testfile.c -o /home/master/dpdk/dpdk-stable-21.11.2/build/meson-private/tmp395kpxny/output.obj -pipe -c -D_FILE_OFFSET_BITS=64 -O0 -march=skylake-avx512 

Code:
 int i;

Compiler stdout:
 
Compiler stderr:
 
Compiler for C supports arguments -march=skylake-avx512: YES 
Using cached compile:
Cached command line:  cc /tmp/tmpt15ok3i1/testfile.c -pipe -E -P -D_FILE_OFFSET_BITS=64 -P -O0 -march=native 

Code:
 
        
        #ifndef __AVX2__
        # define __AVX2__
        #endif
        "MESON_GET_DEFINE_DELIMITER"
__AVX2__
Cached compiler stdout:
         "MESON_GET_DEFINE_DELIMITER"
1

Cached compiler stderr:
 
Fetching value of define "__AVX2__" : 1 (cached)
Using cached compile:
Cached command line:  cc /tmp/tmpe51wa5mj/testfile.c -pipe -E -P -D_FILE_OFFSET_BITS=64 -P -O0 -march=native 

Code:
 
        
        #ifndef __AVX512F__
        # define __AVX512F__
        #endif
        "MESON_GET_DEFINE_DELIMITER"
__AVX512F__
Cached compiler stdout:
         "MESON_GET_DEFINE_DELIMITER"
1

Cached compiler stderr:
 
Fetching value of define "__AVX512F__" : 1 (cached)
Using cached compile:
Cached command line:  cc /tmp/tmp6y_dtm33/testfile.c -pipe -E -P -D_FILE_OFFSET_BITS=64 -P -O0 -march=native 

Code:
 
        
        #ifndef __AVX512BW__
        # define __AVX512BW__
        #endif
        "MESON_GET_DEFINE_DELIMITER"
__AVX512BW__
Cached compiler stdout:
         "MESON_GET_DEFINE_DELIMITER"
1

Cached compiler stderr:
 
Fetching value of define "__AVX512BW__" : 1 (cached)
Running compile:
Working directory:  /home/master/dpdk/dpdk-stable-21.11.2/build/meson-private/tmp70pohwcg
Command line:  cc /home/master/dpdk/dpdk-stable-21.11.2/build/meson-private/tmp70pohwcg/testfile.c -o /home/master/dpdk/dpdk-stable-21.11.2/build/meson-private/tmp70pohwcg/output.obj -pipe -c -D_FILE_OFFSET_BITS=64 -O0 -mavx512f 

Code:
 int i;

Compiler stdout:
 
Compiler stderr:
 
Compiler for C supports arguments -mavx512f: YES 
Running compile:
Working directory:  /home/master/dpdk/dpdk-stable-21.11.2/build/meson-private/tmphb_l9zg0
Command line:  cc /home/master/dpdk/dpdk-stable-21.11.2/build/meson-private/tmphb_l9zg0/testfile.c -o /home/master/dpdk/dpdk-stable-21.11.2/build/meson-private/tmphb_l9zg0/output.obj -pipe -c -D_FILE_OFFSET_BITS=64 -O0 -mavx512bw 

Code:
 int i;

Compiler stdout:
 
Compiler stderr:
 
Compiler for C supports arguments -mavx512bw: YES 
Running compile:
Working directory:  /home/master/dpdk/dpdk-stable-21.11.2/build/meson-private/tmps9xrwfk2
Command line:  cc /home/master/dpdk/dpdk-stable-21.11.2/build/meson-private/tmps9xrwfk2/testfile.c -o /home/master/dpdk/dpdk-stable-21.11.2/build/meson-private/tmps9xrwfk2/output.obj -pipe -c -D_FILE_OFFSET_BITS=64 -O0 -march=skylake-avx512 

Code:
 int i;

Compiler stdout:
 
Compiler stderr:
 
Compiler for C supports arguments -march=skylake-avx512: YES 
Running compile:
Working directory:  /home/master/dpdk/dpdk-stable-21.11.2/build/meson-private/tmpq4dcgzkz
Command line:  cc /home/master/dpdk/dpdk-stable-21.11.2/build/meson-private/tmpq4dcgzkz/testfile.c -o /home/master/dpdk/dpdk-stable-21.11.2/build/meson-private/tmpq4dcgzkz/output.obj -pipe -c -D_FILE_OFFSET_BITS=64 -O0 -Wno-unused-value -Wunused-value 

Code:
 int i;

Compiler stdout:
 
Compiler stderr:
 
Compiler for C supports arguments -Wno-unused-value -Wunused-value: YES 
Running compile:
Working directory:  /home/master/dpdk/dpdk-stable-21.11.2/build/meson-private/tmpxt9yl_k_
Command line:  cc /home/master/dpdk/dpdk-stable-21.11.2/build/meson-private/tmpxt9yl_k_/testfile.c -o /home/master/dpdk/dpdk-stable-21.11.2/build/meson-private/tmpxt9yl_k_/output.obj -pipe -c -D_FILE_OFFSET_BITS=64 -O0 -Wno-unused-but-set-variable -Wunused-but-set-variable 

Code:
 int i;

Compiler stdout:
 
Compiler stderr:
 
Compiler for C supports arguments -Wno-unused-but-set-variable -Wunused-but-set-variable: YES 
Running compile:
Working directory:  /home/master/dpdk/dpdk-stable-21.11.2/build/meson-private/tmpqtfw4c3q
Command line:  cc /home/master/dpdk/dpdk-stable-21.11.2/build/meson-private/tmpqtfw4c3q/testfile.c -o /home/master/dpdk/dpdk-stable-21.11.2/build/meson-private/tmpqtfw4c3q/output.obj -pipe -c -D_FILE_OFFSET_BITS=64 -O0 -Wno-unused-variable -Wunused-variable 

Code:
 int i;

Compiler stdout:
 
Compiler stderr:
 
Compiler for C supports arguments -Wno-unused-variable -Wunused-variable: YES 
Running compile:
Working directory:  /home/master/dpdk/dpdk-stable-21.11.2/build/meson-private/tmplum1vi1l
Command line:  cc /home/master/dpdk/dpdk-stable-21.11.2/build/meson-private/tmplum1vi1l/testfile.c -o /home/master/dpdk/dpdk-stable-21.11.2/build/meson-private/tmplum1vi1l/output.obj -pipe -c -D_FILE_OFFSET_BITS=64 -O0 -Wno-unused-parameter -Wunused-parameter 

Code:
 int i;

Compiler stdout:
 
Compiler stderr:
 
Compiler for C supports arguments -Wno-unused-parameter -Wunused-parameter: YES 
Using cached compile:
Cached command line:  cc /tmp/tmpt15ok3i1/testfile.c -pipe -E -P -D_FILE_OFFSET_BITS=64 -P -O0 -march=native 

Code:
 
        
        #ifndef __AVX2__
        # define __AVX2__
        #endif
        "MESON_GET_DEFINE_DELIMITER"
__AVX2__
Cached compiler stdout:
         "MESON_GET_DEFINE_DELIMITER"
1

Cached compiler stderr:
 
Fetching value of define "__AVX2__" : 1 (cached)
Using cached compile:
Cached command line:  cc /tmp/tmpe51wa5mj/testfile.c -pipe -E -P -D_FILE_OFFSET_BITS=64 -P -O0 -march=native 

Code:
 
        
        #ifndef __AVX512F__
        # define __AVX512F__
        #endif
        "MESON_GET_DEFINE_DELIMITER"
__AVX512F__
Cached compiler stdout:
         "MESON_GET_DEFINE_DELIMITER"
1

Cached compiler stderr:
 
Fetching value of define "__AVX512F__" : 1 (cached)
Using cached compile:
Cached command line:  cc /tmp/tmp6y_dtm33/testfile.c -pipe -E -P -D_FILE_OFFSET_BITS=64 -P -O0 -march=native 

Code:
 
        
        #ifndef __AVX512BW__
        # define __AVX512BW__
        #endif
        "MESON_GET_DEFINE_DELIMITER"
__AVX512BW__
Cached compiler stdout:
         "MESON_GET_DEFINE_DELIMITER"
1

Cached compiler stderr:
 
Fetching value of define "__AVX512BW__" : 1 (cached)
Running compile:
Working directory:  /home/master/dpdk/dpdk-stable-21.11.2/build/meson-private/tmpnmqbhbtn
Command line:  cc /home/master/dpdk/dpdk-stable-21.11.2/build/meson-private/tmpnmqbhbtn/testfile.c -o /home/master/dpdk/dpdk-stable-21.11.2/build/meson-private/tmpnmqbhbtn/output.obj -pipe -c -D_FILE_OFFSET_BITS=64 -O0 -mavx512f 

Code:
 int i;

Compiler stdout:
 
Compiler stderr:
 
Compiler for C supports arguments -mavx512f: YES 
Running compile:
Working directory:  /home/master/dpdk/dpdk-stable-21.11.2/build/meson-private/tmpph77ixxj
Command line:  cc /home/master/dpdk/dpdk-stable-21.11.2/build/meson-private/tmpph77ixxj/testfile.c -o /home/master/dpdk/dpdk-stable-21.11.2/build/meson-private/tmpph77ixxj/output.obj -pipe -c -D_FILE_OFFSET_BITS=64 -O0 -mavx512bw 

Code:
 int i;

Compiler stdout:
 
Compiler stderr:
 
Compiler for C supports arguments -mavx512bw: YES 
Running compile:
Working directory:  /home/master/dpdk/dpdk-stable-21.11.2/build/meson-private/tmpgfpasjur
Command line:  cc /home/master/dpdk/dpdk-stable-21.11.2/build/meson-private/tmpgfpasjur/testfile.c -o /home/master/dpdk/dpdk-stable-21.11.2/build/meson-private/tmpgfpasjur/output.obj -pipe -c -D_FILE_OFFSET_BITS=64 -O0 -march=skylake-avx512 

Code:
 int i;

Compiler stdout:
 
Compiler stderr:
 
Compiler for C supports arguments -march=skylake-avx512: YES 
Running compile:
Working directory:  /home/master/dpdk/dpdk-stable-21.11.2/build/meson-private/tmpon6nwhif
Command line:  cc /home/master/dpdk/dpdk-stable-21.11.2/build/meson-private/tmpon6nwhif/testfile.c -o /home/master/dpdk/dpdk-stable-21.11.2/build/meson-private/tmpon6nwhif/output.obj -pipe -c -D_FILE_OFFSET_BITS=64 -O0 -Wno-unused-value -Wunused-value 

Code:
 int i;

Compiler stdout:
 
Compiler stderr:
 
Compiler for C supports arguments -Wno-unused-value -Wunused-value: YES 
Running compile:
Working directory:  /home/master/dpdk/dpdk-stable-21.11.2/build/meson-private/tmpbs0jse2t
Command line:  cc /home/master/dpdk/dpdk-stable-21.11.2/build/meson-private/tmpbs0jse2t/testfile.c -o /home/master/dpdk/dpdk-stable-21.11.2/build/meson-private/tmpbs0jse2t/output.obj -pipe -c -D_FILE_OFFSET_BITS=64 -O0 -Wno-unused-but-set-variable -Wunused-but-set-variable 

Code:
 int i;

Compiler stdout:
 
Compiler stderr:
 
Compiler for C supports arguments -Wno-unused-but-set-variable -Wunused-but-set-variable: YES 
Running compile:
Working directory:  /home/master/dpdk/dpdk-stable-21.11.2/build/meson-private/tmpv3cquxap
Command line:  cc /home/master/dpdk/dpdk-stable-21.11.2/build/meson-private/tmpv3cquxap/testfile.c -o /home/master/dpdk/dpdk-stable-21.11.2/build/meson-private/tmpv3cquxap/output.obj -pipe -c -D_FILE_OFFSET_BITS=64 -O0 -Wno-unused-parameter -Wunused-parameter 

Code:
 int i;

Compiler stdout:
 
Compiler stderr:
 
Compiler for C supports arguments -Wno-unused-parameter -Wunused-parameter: YES 
Pkg-config binary for MachineChoice.HOST is cached.
Determining dependency 'libmlx4' with pkg-config executable '/usr/bin/pkg-config'
PKG_CONFIG_PATH: 
Called `/usr/bin/pkg-config --modversion libmlx4` -> 0
1.0.28.0
PKG_CONFIG_PATH: 
Called `/usr/bin/pkg-config --cflags libmlx4` -> 0
-I/usr/include/libnl3
PKG_CONFIG_PATH: 
Called `/usr/bin/pkg-config libmlx4 --libs` -> 0
-L/usr/lib/x86_64-linux-gnu -lmlx4
PKG_CONFIG_PATH: 
Called `/usr/bin/pkg-config libmlx4 --libs` -> 0
-L/usr/lib/x86_64-linux-gnu -lmlx4
Run-time dependency libmlx4 found: YES 1.0.28.0
Dependency libibverbs found: YES 1.8.28.0 (cached)
Running compile:
Working directory:  /home/master/dpdk/dpdk-stable-21.11.2/build/meson-private/tmpemtt4zhe
Command line:  cc /home/master/dpdk/dpdk-stable-21.11.2/build/meson-private/tmpemtt4zhe/testfile.c -o /home/master/dpdk/dpdk-stable-21.11.2/build/meson-private/tmpemtt4zhe/output.obj -pipe -c -D_FILE_OFFSET_BITS=64 -O0 -std=c11 

Code:
 int i;

Compiler stdout:
 
Compiler stderr:
 
Compiler for C supports arguments -std=c11: YES 
Running compile:
Working directory:  /home/master/dpdk/dpdk-stable-21.11.2/build/meson-private/tmp9mukl9gi
Command line:  cc /home/master/dpdk/dpdk-stable-21.11.2/build/meson-private/tmp9mukl9gi/testfile.c -o /home/master/dpdk/dpdk-stable-21.11.2/build/meson-private/tmp9mukl9gi/output.obj -pipe -c -D_FILE_OFFSET_BITS=64 -O0 -Wno-strict-prototypes -Wstrict-prototypes 

Code:
 int i;

Compiler stdout:
 
Compiler stderr:
 
Compiler for C supports arguments -Wno-strict-prototypes -Wstrict-prototypes: YES 
Running compile:
Working directory:  /home/master/dpdk/dpdk-stable-21.11.2/build/meson-private/tmpyrostvf_
Command line:  cc /home/master/dpdk/dpdk-stable-21.11.2/build/meson-private/tmpyrostvf_/testfile.c -o /home/master/dpdk/dpdk-stable-21.11.2/build/meson-private/tmpyrostvf_/output.obj -pipe -c -D_FILE_OFFSET_BITS=64 -O0 -D_BSD_SOURCE 

Code:
 int i;

Compiler stdout:
 
Compiler stderr:
 
Compiler for C supports arguments -D_BSD_SOURCE: YES 
Running compile:
Working directory:  /home/master/dpdk/dpdk-stable-21.11.2/build/meson-private/tmp5z9oyfec
Command line:  cc /home/master/dpdk/dpdk-stable-21.11.2/build/meson-private/tmp5z9oyfec/testfile.c -o /home/master/dpdk/dpdk-stable-21.11.2/build/meson-private/tmp5z9oyfec/output.obj -pipe -c -D_FILE_OFFSET_BITS=64 -O0 -D_DEFAULT_SOURCE 

Code:
 int i;

Compiler stdout:
 
Compiler stderr:
 
Compiler for C supports arguments -D_DEFAULT_SOURCE: YES 
Running compile:
Working directory:  /home/master/dpdk/dpdk-stable-21.11.2/build/meson-private/tmpnsstsqqi
Command line:  cc /home/master/dpdk/dpdk-stable-21.11.2/build/meson-private/tmpnsstsqqi/testfile.c -o /home/master/dpdk/dpdk-stable-21.11.2/build/meson-private/tmpnsstsqqi/output.obj -pipe -c -D_FILE_OFFSET_BITS=64 -O0 -D_XOPEN_SOURCE=600 

Code:
 int i;

Compiler stdout:
 
Compiler stderr:
 
Compiler for C supports arguments -D_XOPEN_SOURCE=600: YES 
Running compile:
Working directory:  /home/master/dpdk/dpdk-stable-21.11.2/build/meson-private/tmppvy4o3q7
Command line:  cc -I/usr/include/libnl3 /home/master/dpdk/dpdk-stable-21.11.2/build/meson-private/tmppvy4o3q7/testfile.c -o /home/master/dpdk/dpdk-stable-21.11.2/build/meson-private/tmppvy4o3q7/output.obj -pipe -c -D_FILE_OFFSET_BITS=64 -O0 

Code:
 
        #include <infiniband/mlx4dv.h>
        int main(void) {
            /* If it's not defined as a macro, try to use as a symbol */
            #ifndef MLX4DV_SET_CTX_ATTR_BUF_ALLOCATORS
                MLX4DV_SET_CTX_ATTR_BUF_ALLOCATORS;
            #endif
            return 0;
        }
Compiler stdout:
 
Compiler stderr:
 
Header <infiniband/mlx4dv.h> has symbol "MLX4DV_SET_CTX_ATTR_BUF_ALLOCATORS" with dependencies libmlx4, libibverbs: YES 
Running compile:
Working directory:  /home/master/dpdk/dpdk-stable-21.11.2/build/meson-private/tmpjfw_033n
Command line:  cc -I/usr/include/libnl3 /home/master/dpdk/dpdk-stable-21.11.2/build/meson-private/tmpjfw_033n/testfile.c -o /home/master/dpdk/dpdk-stable-21.11.2/build/meson-private/tmpjfw_033n/output.obj -pipe -c -D_FILE_OFFSET_BITS=64 -O0 

Code:
 
        #include <infiniband/mlx4dv.h>
        int main(void) {
            /* If it's not defined as a macro, try to use as a symbol */
            #ifndef MLX4DV_QP_MASK_UAR_MMAP_OFFSET
                MLX4DV_QP_MASK_UAR_MMAP_OFFSET;
            #endif
            return 0;
        }
Compiler stdout:
 
Compiler stderr:
 
Header <infiniband/mlx4dv.h> has symbol "MLX4DV_QP_MASK_UAR_MMAP_OFFSET" with dependencies libmlx4, libibverbs: YES 
Running compile:
Working directory:  /home/master/dpdk/dpdk-stable-21.11.2/build/meson-private/tmp8i57droe
Command line:  cc -I/usr/include/libnl3 /home/master/dpdk/dpdk-stable-21.11.2/build/meson-private/tmp8i57droe/testfile.c -o /home/master/dpdk/dpdk-stable-21.11.2/build/meson-private/tmp8i57droe/output.obj -pipe -c -D_FILE_OFFSET_BITS=64 -O0 

Code:
 #include <infiniband/mlx4dv.h>
        void bar(void) {
            struct mlx4_wqe_lso_seg foo;
            foo.mss_hdr_size;

        };
Compiler stdout:
 
Compiler stderr:
 
Checking whether type "struct mlx4_wqe_lso_seg" has member "mss_hdr_size" with dependencies libmlx4, libibverbs: YES 
Configuring mlx4_autoconf.h using configuration
Running compile:
Working directory:  /home/master/dpdk/dpdk-stable-21.11.2/build/meson-private/tmpczuw8sb2
Command line:  cc /home/master/dpdk/dpdk-stable-21.11.2/build/meson-private/tmpczuw8sb2/testfile.c -o /home/master/dpdk/dpdk-stable-21.11.2/build/meson-private/tmpczuw8sb2/output.obj -pipe -c -D_FILE_OFFSET_BITS=64 -O0 -std=c11 

Code:
 int i;

Compiler stdout:
 
Compiler stderr:
 
Compiler for C supports arguments -std=c11: YES 
Running compile:
Working directory:  /home/master/dpdk/dpdk-stable-21.11.2/build/meson-private/tmpc8z5wkm0
Command line:  cc /home/master/dpdk/dpdk-stable-21.11.2/build/meson-private/tmpc8z5wkm0/testfile.c -o /home/master/dpdk/dpdk-stable-21.11.2/build/meson-private/tmpc8z5wkm0/output.obj -pipe -c -D_FILE_OFFSET_BITS=64 -O0 -Wno-strict-prototypes -Wstrict-prototypes 

Code:
 int i;

Compiler stdout:
 
Compiler stderr:
 
Compiler for C supports arguments -Wno-strict-prototypes -Wstrict-prototypes: YES 
Running compile:
Working directory:  /home/master/dpdk/dpdk-stable-21.11.2/build/meson-private/tmp5opvs909
Command line:  cc /home/master/dpdk/dpdk-stable-21.11.2/build/meson-private/tmp5opvs909/testfile.c -o /home/master/dpdk/dpdk-stable-21.11.2/build/meson-private/tmp5opvs909/output.obj -pipe -c -D_FILE_OFFSET_BITS=64 -O0 -D_BSD_SOURCE 

Code:
 int i;

Compiler stdout:
 
Compiler stderr:
 
Compiler for C supports arguments -D_BSD_SOURCE: YES 
Running compile:
Working directory:  /home/master/dpdk/dpdk-stable-21.11.2/build/meson-private/tmpy1mw9x9f
Command line:  cc /home/master/dpdk/dpdk-stable-21.11.2/build/meson-private/tmpy1mw9x9f/testfile.c -o /home/master/dpdk/dpdk-stable-21.11.2/build/meson-private/tmpy1mw9x9f/output.obj -pipe -c -D_FILE_OFFSET_BITS=64 -O0 -D_DEFAULT_SOURCE 

Code:
 int i;

Compiler stdout:
 
Compiler stderr:
 
Compiler for C supports arguments -D_DEFAULT_SOURCE: YES 
Running compile:
Working directory:  /home/master/dpdk/dpdk-stable-21.11.2/build/meson-private/tmptrb5bwgb
Command line:  cc /home/master/dpdk/dpdk-stable-21.11.2/build/meson-private/tmptrb5bwgb/testfile.c -o /home/master/dpdk/dpdk-stable-21.11.2/build/meson-private/tmptrb5bwgb/output.obj -pipe -c -D_FILE_OFFSET_BITS=64 -O0 -D_XOPEN_SOURCE=600 

Code:
 int i;

Compiler stdout:
 
Compiler stderr:
 
Compiler for C supports arguments -D_XOPEN_SOURCE=600: YES 
Pkg-config binary for MachineChoice.HOST is cached.
Determining dependency 'libmusdk' with pkg-config executable '/usr/bin/pkg-config'
PKG_CONFIG_PATH: 
Run-time dependency libmusdk found: NO (tried pkgconfig)
Pkg-config binary for MachineChoice.HOST is cached.
Determining dependency 'libmusdk' with pkg-config executable '/usr/bin/pkg-config'
PKG_CONFIG_PATH: 
Run-time dependency libmusdk found: NO (tried pkgconfig)
Pkg-config binary for MachineChoice.HOST is cached.
Determining dependency 'netcope-common' with pkg-config executable '/usr/bin/pkg-config'
PKG_CONFIG_PATH: 
Called `/usr/bin/pkg-config --modversion netcope-common` -> 1

Run-time dependency netcope-common found: NO (tried pkgconfig)
Running compile:
Working directory:  /home/master/dpdk/dpdk-stable-21.11.2/build/meson-private/tmpcw5rhvac
Command line:  cc /home/master/dpdk/dpdk-stable-21.11.2/build/meson-private/tmpcw5rhvac/testfile.c -o /home/master/dpdk/dpdk-stable-21.11.2/build/meson-private/tmpcw5rhvac/output.obj -pipe -c -D_FILE_OFFSET_BITS=64 -O0 -flax-vector-conversions 

Code:
 int i;

Compiler stdout:
 
Compiler stderr:
 
Compiler for C supports arguments -flax-vector-conversions: YES 
Running compile:
Working directory:  /home/master/dpdk/dpdk-stable-21.11.2/build/meson-private/tmpbe31lv91
Command line:  cc /home/master/dpdk/dpdk-stable-21.11.2/build/meson-private/tmpbe31lv91/testfile.c -o /home/master/dpdk/dpdk-stable-21.11.2/build/meson-private/tmpbe31lv91/output.obj -pipe -c -D_FILE_OFFSET_BITS=64 -O0 -Wno-pointer-arith -Wpointer-arith 

Code:
 int i;

Compiler stdout:
 
Compiler stderr:
 
Compiler for C supports arguments -Wno-pointer-arith -Wpointer-arith: YES 
Running compile:
Working directory:  /home/master/dpdk/dpdk-stable-21.11.2/build/meson-private/tmpuj_dckf4
Command line:  cc /home/master/dpdk/dpdk-stable-21.11.2/build/meson-private/tmpuj_dckf4/testfile.c -o /home/master/dpdk/dpdk-stable-21.11.2/build/meson-private/tmpuj_dckf4/output.obj -pipe -c -D_FILE_OFFSET_BITS=64 -O0 -Wno-unused-parameter -Wunused-parameter 

Code:
 int i;

Compiler stdout:
 
Compiler stderr:
 
Compiler for C supports arguments -Wno-unused-parameter -Wunused-parameter: YES 
Running compile:
Working directory:  /home/master/dpdk/dpdk-stable-21.11.2/build/meson-private/tmpqyfgcke4
Command line:  cc /home/master/dpdk/dpdk-stable-21.11.2/build/meson-private/tmpqyfgcke4/testfile.c -o /home/master/dpdk/dpdk-stable-21.11.2/build/meson-private/tmpqyfgcke4/output.obj -pipe -c -D_FILE_OFFSET_BITS=64 -O0 -Wno-sign-compare -Wsign-compare 

Code:
 int i;

Compiler stdout:
 
Compiler stderr:
 
Compiler for C supports arguments -Wno-sign-compare -Wsign-compare: YES 
Running compile:
Working directory:  /home/master/dpdk/dpdk-stable-21.11.2/build/meson-private/tmp8s_8mgh6
Command line:  cc /home/master/dpdk/dpdk-stable-21.11.2/build/meson-private/tmp8s_8mgh6/testfile.c -o /home/master/dpdk/dpdk-stable-21.11.2/build/meson-private/tmp8s_8mgh6/output.obj -pipe -c -D_FILE_OFFSET_BITS=64 -O0 -Wno-missing-prototypes -Wmissing-prototypes 

Code:
 int i;

Compiler stdout:
 
Compiler stderr:
 
Compiler for C supports arguments -Wno-missing-prototypes -Wmissing-prototypes: YES 
Running compile:
Working directory:  /home/master/dpdk/dpdk-stable-21.11.2/build/meson-private/tmp6jlkb2zc
Command line:  cc /home/master/dpdk/dpdk-stable-21.11.2/build/meson-private/tmp6jlkb2zc/testfile.c -o /home/master/dpdk/dpdk-stable-21.11.2/build/meson-private/tmp6jlkb2zc/output.obj -pipe -c -D_FILE_OFFSET_BITS=64 -O0 -Wno-cast-qual -Wcast-qual 

Code:
 int i;

Compiler stdout:
 
Compiler stderr:
 
Compiler for C supports arguments -Wno-cast-qual -Wcast-qual: YES 
Running compile:
Working directory:  /home/master/dpdk/dpdk-stable-21.11.2/build/meson-private/tmp_6xvxjb_
Command line:  cc /home/master/dpdk/dpdk-stable-21.11.2/build/meson-private/tmp_6xvxjb_/testfile.c -o /home/master/dpdk/dpdk-stable-21.11.2/build/meson-private/tmp_6xvxjb_/output.obj -pipe -c -D_FILE_OFFSET_BITS=64 -O0 -Wno-unused-function -Wunused-function 

Code:
 int i;

Compiler stdout:
 
Compiler stderr:
 
Compiler for C supports arguments -Wno-unused-function -Wunused-function: YES 
Running compile:
Working directory:  /home/master/dpdk/dpdk-stable-21.11.2/build/meson-private/tmpuqranbk2
Command line:  cc /home/master/dpdk/dpdk-stable-21.11.2/build/meson-private/tmpuqranbk2/testfile.c -o /home/master/dpdk/dpdk-stable-21.11.2/build/meson-private/tmpuqranbk2/output.obj -pipe -c -D_FILE_OFFSET_BITS=64 -O0 -Wno-unused-variable -Wunused-variable 

Code:
 int i;

Compiler stdout:
 
Compiler stderr:
 
Compiler for C supports arguments -Wno-unused-variable -Wunused-variable: YES 
Running compile:
Working directory:  /home/master/dpdk/dpdk-stable-21.11.2/build/meson-private/tmpwvvk0zq2
Command line:  cc /home/master/dpdk/dpdk-stable-21.11.2/build/meson-private/tmpwvvk0zq2/testfile.c -o /home/master/dpdk/dpdk-stable-21.11.2/build/meson-private/tmpwvvk0zq2/output.obj -pipe -c -D_FILE_OFFSET_BITS=64 -O0 -Wno-strict-aliasing -Wstrict-aliasing 

Code:
 int i;

Compiler stdout:
 
Compiler stderr:
 
Compiler for C supports arguments -Wno-strict-aliasing -Wstrict-aliasing: YES 
Running compile:
Working directory:  /home/master/dpdk/dpdk-stable-21.11.2/build/meson-private/tmpscf51bm3
Command line:  cc /home/master/dpdk/dpdk-stable-21.11.2/build/meson-private/tmpscf51bm3/testfile.c -o /home/master/dpdk/dpdk-stable-21.11.2/build/meson-private/tmpscf51bm3/output.obj -pipe -c -D_FILE_OFFSET_BITS=64 -O0 -Wno-missing-prototypes -Wmissing-prototypes 

Code:
 int i;

Compiler stdout:
 
Compiler stderr:
 
Compiler for C supports arguments -Wno-missing-prototypes -Wmissing-prototypes: YES 
Running compile:
Working directory:  /home/master/dpdk/dpdk-stable-21.11.2/build/meson-private/tmp59cv3bm3
Command line:  cc /home/master/dpdk/dpdk-stable-21.11.2/build/meson-private/tmp59cv3bm3/testfile.c -o /home/master/dpdk/dpdk-stable-21.11.2/build/meson-private/tmp59cv3bm3/output.obj -pipe -c -D_FILE_OFFSET_BITS=64 -O0 -Wno-unused-value -Wunused-value 

Code:
 int i;

Compiler stdout:
 
Compiler stderr:
 
Compiler for C supports arguments -Wno-unused-value -Wunused-value: YES 
Running compile:
Working directory:  /home/master/dpdk/dpdk-stable-21.11.2/build/meson-private/tmpci_m48db
Command line:  cc /home/master/dpdk/dpdk-stable-21.11.2/build/meson-private/tmpci_m48db/testfile.c -o /home/master/dpdk/dpdk-stable-21.11.2/build/meson-private/tmpci_m48db/output.obj -pipe -c -D_FILE_OFFSET_BITS=64 -O0 -Wno-format-nonliteral -Wformat-nonliteral 

Code:
 int i;

Compiler stdout:
 
Compiler stderr:
 
Compiler for C supports arguments -Wno-format-nonliteral -Wformat-nonliteral: YES 
Running compile:
Working directory:  /home/master/dpdk/dpdk-stable-21.11.2/build/meson-private/tmpdvpli8b4
Command line:  cc /home/master/dpdk/dpdk-stable-21.11.2/build/meson-private/tmpdvpli8b4/testfile.c -o /home/master/dpdk/dpdk-stable-21.11.2/build/meson-private/tmpdvpli8b4/output.obj -pipe -c -D_FILE_OFFSET_BITS=64 -O0 -Wno-shift-negative-value -Wshift-negative-value 

Code:
 int i;

Compiler stdout:
 
Compiler stderr:
 
Compiler for C supports arguments -Wno-shift-negative-value -Wshift-negative-value: YES 
Running compile:
Working directory:  /home/master/dpdk/dpdk-stable-21.11.2/build/meson-private/tmp8yeb3s5i
Command line:  cc /home/master/dpdk/dpdk-stable-21.11.2/build/meson-private/tmp8yeb3s5i/testfile.c -o /home/master/dpdk/dpdk-stable-21.11.2/build/meson-private/tmp8yeb3s5i/output.obj -pipe -c -D_FILE_OFFSET_BITS=64 -O0 -Wno-unused-but-set-variable -Wunused-but-set-variable 

Code:
 int i;

Compiler stdout:
 
Compiler stderr:
 
Compiler for C supports arguments -Wno-unused-but-set-variable -Wunused-but-set-variable: YES 
Running compile:
Working directory:  /home/master/dpdk/dpdk-stable-21.11.2/build/meson-private/tmpy86zq6c6
Command line:  cc /home/master/dpdk/dpdk-stable-21.11.2/build/meson-private/tmpy86zq6c6/testfile.c -o /home/master/dpdk/dpdk-stable-21.11.2/build/meson-private/tmpy86zq6c6/output.obj -pipe -c -D_FILE_OFFSET_BITS=64 -O0 -Wno-missing-declarations -Wmissing-declarations 

Code:
 int i;

Compiler stdout:
 
Compiler stderr:
 
Compiler for C supports arguments -Wno-missing-declarations -Wmissing-declarations: YES 
Running compile:
Working directory:  /home/master/dpdk/dpdk-stable-21.11.2/build/meson-private/tmp5oo3ueqw
Command line:  cc /home/master/dpdk/dpdk-stable-21.11.2/build/meson-private/tmp5oo3ueqw/testfile.c -o /home/master/dpdk/dpdk-stable-21.11.2/build/meson-private/tmp5oo3ueqw/output.obj -pipe -c -D_FILE_OFFSET_BITS=64 -O0 -Wno-maybe-uninitialized -Wmaybe-uninitialized 

Code:
 int i;

Compiler stdout:
 
Compiler stderr:
 
Compiler for C supports arguments -Wno-maybe-uninitialized -Wmaybe-uninitialized: YES 
Running compile:
Working directory:  /home/master/dpdk/dpdk-stable-21.11.2/build/meson-private/tmp8bilzod3
Command line:  cc /home/master/dpdk/dpdk-stable-21.11.2/build/meson-private/tmp8bilzod3/testfile.c -o /home/master/dpdk/dpdk-stable-21.11.2/build/meson-private/tmp8bilzod3/output.obj -pipe -c -D_FILE_OFFSET_BITS=64 -O0 -Wno-strict-prototypes -Wstrict-prototypes 

Code:
 int i;

Compiler stdout:
 
Compiler stderr:
 
Compiler for C supports arguments -Wno-strict-prototypes -Wstrict-prototypes: YES 
Running compile:
Working directory:  /home/master/dpdk/dpdk-stable-21.11.2/build/meson-private/tmphxwbmo_x
Command line:  cc /home/master/dpdk/dpdk-stable-21.11.2/build/meson-private/tmphxwbmo_x/testfile.c -o /home/master/dpdk/dpdk-stable-21.11.2/build/meson-private/tmphxwbmo_x/output.obj -pipe -c -D_FILE_OFFSET_BITS=64 -O0 -Wno-shift-negative-value -Wshift-negative-value 

Code:
 int i;

Compiler stdout:
 
Compiler stderr:
 
Compiler for C supports arguments -Wno-shift-negative-value -Wshift-negative-value: YES 
Running compile:
Working directory:  /home/master/dpdk/dpdk-stable-21.11.2/build/meson-private/tmps_tx8g9v
Command line:  cc /home/master/dpdk/dpdk-stable-21.11.2/build/meson-private/tmps_tx8g9v/testfile.c -o /home/master/dpdk/dpdk-stable-21.11.2/build/meson-private/tmps_tx8g9v/output.obj -pipe -c -D_FILE_OFFSET_BITS=64 -O0 -Wno-implicit-fallthrough -Wimplicit-fallthrough 

Code:
 int i;

Compiler stdout:
 
Compiler stderr:
 
Compiler for C supports arguments -Wno-implicit-fallthrough -Wimplicit-fallthrough: YES 
Running compile:
Working directory:  /home/master/dpdk/dpdk-stable-21.11.2/build/meson-private/tmppff7c1wi
Command line:  cc /home/master/dpdk/dpdk-stable-21.11.2/build/meson-private/tmppff7c1wi/testfile.c -o /home/master/dpdk/dpdk-stable-21.11.2/build/meson-private/tmppff7c1wi/output.obj -pipe -c -D_FILE_OFFSET_BITS=64 -O0 -Wno-format-extra-args -Wformat-extra-args 

Code:
 int i;

Compiler stdout:
 
Compiler stderr:
 
Compiler for C supports arguments -Wno-format-extra-args -Wformat-extra-args: YES 
Running compile:
Working directory:  /home/master/dpdk/dpdk-stable-21.11.2/build/meson-private/tmpq19vjpy5
Command line:  cc /home/master/dpdk/dpdk-stable-21.11.2/build/meson-private/tmpq19vjpy5/testfile.c -o /home/master/dpdk/dpdk-stable-21.11.2/build/meson-private/tmpq19vjpy5/output.obj -pipe -c -D_FILE_OFFSET_BITS=64 -O0 -Wno-visibility -Wvisibility 

Code:
 int i;

Compiler stdout:
 
Compiler stderr:
 cc: error: unrecognized command line option '-Wvisibility'; did you mean '-fvisibility='?

Compiler for C supports arguments -Wno-visibility -Wvisibility: NO 
Running compile:
Working directory:  /home/master/dpdk/dpdk-stable-21.11.2/build/meson-private/tmpvxi05qwk
Command line:  cc /home/master/dpdk/dpdk-stable-21.11.2/build/meson-private/tmpvxi05qwk/testfile.c -o /home/master/dpdk/dpdk-stable-21.11.2/build/meson-private/tmpvxi05qwk/output.obj -pipe -c -D_FILE_OFFSET_BITS=64 -O0 -Wno-empty-body -Wempty-body 

Code:
 int i;

Compiler stdout:
 
Compiler stderr:
 
Compiler for C supports arguments -Wno-empty-body -Wempty-body: YES 
Running compile:
Working directory:  /home/master/dpdk/dpdk-stable-21.11.2/build/meson-private/tmpq4b17tfg
Command line:  cc /home/master/dpdk/dpdk-stable-21.11.2/build/meson-private/tmpq4b17tfg/testfile.c -o /home/master/dpdk/dpdk-stable-21.11.2/build/meson-private/tmpq4b17tfg/output.obj -pipe -c -D_FILE_OFFSET_BITS=64 -O0 -Wno-invalid-source-encoding -Winvalid-source-encoding 

Code:
 int i;

Compiler stdout:
 
Compiler stderr:
 cc: error: unrecognized command line option '-Winvalid-source-encoding'

Compiler for C supports arguments -Wno-invalid-source-encoding -Winvalid-source-encoding: NO 
Running compile:
Working directory:  /home/master/dpdk/dpdk-stable-21.11.2/build/meson-private/tmpu3d1qwuf
Command line:  cc /home/master/dpdk/dpdk-stable-21.11.2/build/meson-private/tmpu3d1qwuf/testfile.c -o /home/master/dpdk/dpdk-stable-21.11.2/build/meson-private/tmpu3d1qwuf/output.obj -pipe -c -D_FILE_OFFSET_BITS=64 -O0 -Wno-sometimes-uninitialized -Wsometimes-uninitialized 

Code:
 int i;

Compiler stdout:
 
Compiler stderr:
 cc: error: unrecognized command line option '-Wsometimes-uninitialized'; did you mean '-Wmaybe-uninitialized'?

Compiler for C supports arguments -Wno-sometimes-uninitialized -Wsometimes-uninitialized: NO 
Running compile:
Working directory:  /home/master/dpdk/dpdk-stable-21.11.2/build/meson-private/tmp_8w5zr70
Command line:  cc /home/master/dpdk/dpdk-stable-21.11.2/build/meson-private/tmp_8w5zr70/testfile.c -o /home/master/dpdk/dpdk-stable-21.11.2/build/meson-private/tmp_8w5zr70/output.obj -pipe -c -D_FILE_OFFSET_BITS=64 -O0 -Wno-pointer-bool-conversion -Wpointer-bool-conversion 

Code:
 int i;

Compiler stdout:
 
Compiler stderr:
 cc: error: unrecognized command line option '-Wpointer-bool-conversion'

Compiler for C supports arguments -Wno-pointer-bool-conversion -Wpointer-bool-conversion: NO 
Running compile:
Working directory:  /home/master/dpdk/dpdk-stable-21.11.2/build/meson-private/tmpyr91o129
Command line:  cc /home/master/dpdk/dpdk-stable-21.11.2/build/meson-private/tmpyr91o129/testfile.c -o /home/master/dpdk/dpdk-stable-21.11.2/build/meson-private/tmpyr91o129/output.obj -pipe -c -D_FILE_OFFSET_BITS=64 -O0 -Wno-format-nonliteral -Wformat-nonliteral 

Code:
 int i;

Compiler stdout:
 
Compiler stderr:
 
Compiler for C supports arguments -Wno-format-nonliteral -Wformat-nonliteral: YES 
Running compile:
Working directory:  /home/master/dpdk/dpdk-stable-21.11.2/build/meson-private/tmpy5gdisi8
Command line:  cc /home/master/dpdk/dpdk-stable-21.11.2/build/meson-private/tmpy5gdisi8/testfile.c -o /home/master/dpdk/dpdk-stable-21.11.2/build/meson-private/tmpy5gdisi8/output.obj -pipe -c -D_FILE_OFFSET_BITS=64 -O0 -Wno-strict-aliasing -Wstrict-aliasing 

Code:
 int i;

Compiler stdout:
 
Compiler stderr:
 
Compiler for C supports arguments -Wno-strict-aliasing -Wstrict-aliasing: YES 
Running compile:
Working directory:  /home/master/dpdk/dpdk-stable-21.11.2/build/meson-private/tmpjwip7dfe
Command line:  cc /home/master/dpdk/dpdk-stable-21.11.2/build/meson-private/tmpjwip7dfe/testfile.c -o /home/master/dpdk/dpdk-stable-21.11.2/build/meson-private/tmpjwip7dfe/output.obj -pipe -c -D_FILE_OFFSET_BITS=64 -O0 -Wdisabled-optimization 

Code:
 int i;

Compiler stdout:
 
Compiler stderr:
 
Compiler for C supports arguments -Wdisabled-optimization: YES 
Running compile:
Working directory:  /home/master/dpdk/dpdk-stable-21.11.2/build/meson-private/tmpln9mk4h6
Command line:  cc /home/master/dpdk/dpdk-stable-21.11.2/build/meson-private/tmpln9mk4h6/testfile.c -o /home/master/dpdk/dpdk-stable-21.11.2/build/meson-private/tmpln9mk4h6/output.obj -pipe -c -D_FILE_OFFSET_BITS=64 -O0 -Waggregate-return 

Code:
 int i;

Compiler stdout:
 
Compiler stderr:
 
Compiler for C supports arguments -Waggregate-return: YES 
Running compile:
Working directory:  /home/master/dpdk/dpdk-stable-21.11.2/build/meson-private/tmpoiuwpvwf
Command line:  cc /home/master/dpdk/dpdk-stable-21.11.2/build/meson-private/tmpoiuwpvwf/testfile.c -o /home/master/dpdk/dpdk-stable-21.11.2/build/meson-private/tmpoiuwpvwf/output.obj -pipe -c -D_FILE_OFFSET_BITS=64 -O0 -Wbad-function-cast 

Code:
 int i;

Compiler stdout:
 
Compiler stderr:
 
Compiler for C supports arguments -Wbad-function-cast: YES 
Running compile:
Working directory:  /home/master/dpdk/dpdk-stable-21.11.2/build/meson-private/tmp6sj5nrh8
Command line:  cc /home/master/dpdk/dpdk-stable-21.11.2/build/meson-private/tmp6sj5nrh8/testfile.c -o /home/master/dpdk/dpdk-stable-21.11.2/build/meson-private/tmp6sj5nrh8/output.exe -pipe -D_FILE_OFFSET_BITS=64 -O0 

Code:
 
int main(void)
{
    __int128 a = 0;
    __int128 b;

    b = __atomic_load_n(&a, __ATOMIC_RELAXED);
    __atomic_store(&b, &a, __ATOMIC_RELAXED);
    __atomic_store_n(&b, a, __ATOMIC_RELAXED);
    return 0;
}

Compiler stdout:
 
Compiler stderr:
 /usr/bin/ld: /tmp/ccEnY0tn.o: in function `main':
testfile.c:(.text+0x39): undefined reference to `__atomic_load_16'
/usr/bin/ld: testfile.c:(.text+0x63): undefined reference to `__atomic_store_16'
/usr/bin/ld: testfile.c:(.text+0x85): undefined reference to `__atomic_store_16'
collect2: error: ld returned 1 exit status

Running compile:
Working directory:  /home/master/dpdk/dpdk-stable-21.11.2/build/meson-private/tmphq23wxqn
Command line:  cc /home/master/dpdk/dpdk-stable-21.11.2/build/meson-private/tmphq23wxqn/testfile.c -o /home/master/dpdk/dpdk-stable-21.11.2/build/meson-private/tmphq23wxqn/output.exe -pipe -D_FILE_OFFSET_BITS=64 -O0 -Wl,--start-group -latomic -Wl,--end-group -Wl,--allow-shlib-undefined 

Code:
 int main(void) { return 0; }
Compiler stdout:
 
Compiler stderr:
 
Library atomic found: YES
Running compile:
Working directory:  /home/master/dpdk/dpdk-stable-21.11.2/build/meson-private/tmpymacjjew
Command line:  cc /home/master/dpdk/dpdk-stable-21.11.2/build/meson-private/tmpymacjjew/testfile.c -o /home/master/dpdk/dpdk-stable-21.11.2/build/meson-private/tmpymacjjew/output.exe -pipe -D_FILE_OFFSET_BITS=64 -O0 -Wl,--start-group -latomic -Wl,--end-group 

Code:
 
int main(void)
{
    __int128 a = 0;
    __int128 b;

    b = __atomic_load_n(&a, __ATOMIC_RELAXED);
    __atomic_store(&b, &a, __ATOMIC_RELAXED);
    __atomic_store_n(&b, a, __ATOMIC_RELAXED);
    return 0;
}

Compiler stdout:
 
Compiler stderr:
 
Running compile:
Working directory:  /home/master/dpdk/dpdk-stable-21.11.2/build/meson-private/tmp6efzqhti
Command line:  cc /home/master/dpdk/dpdk-stable-21.11.2/build/meson-private/tmp6efzqhti/testfile.c -o /home/master/dpdk/dpdk-stable-21.11.2/build/meson-private/tmp6efzqhti/output.obj -pipe -c -D_FILE_OFFSET_BITS=64 -O0 

Code:
 
        #include <linux/pkt_cls.h>
        int main(void) {
            /* If it's not defined as a macro, try to use as a symbol */
            #ifndef TCA_FLOWER_UNSPEC
                TCA_FLOWER_UNSPEC;
            #endif
            return 0;
        }
Compiler stdout:
 
Compiler stderr:
 
Header <linux/pkt_cls.h> has symbol "TCA_FLOWER_UNSPEC" : YES 
Running compile:
Working directory:  /home/master/dpdk/dpdk-stable-21.11.2/build/meson-private/tmpkm_2cp0o
Command line:  cc /home/master/dpdk/dpdk-stable-21.11.2/build/meson-private/tmpkm_2cp0o/testfile.c -o /home/master/dpdk/dpdk-stable-21.11.2/build/meson-private/tmpkm_2cp0o/output.obj -pipe -c -D_FILE_OFFSET_BITS=64 -O0 

Code:
 
        #include <linux/pkt_cls.h>
        int main(void) {
            /* If it's not defined as a macro, try to use as a symbol */
            #ifndef TCA_FLOWER_KEY_VLAN_PRIO
                TCA_FLOWER_KEY_VLAN_PRIO;
            #endif
            return 0;
        }
Compiler stdout:
 
Compiler stderr:
 
Header <linux/pkt_cls.h> has symbol "TCA_FLOWER_KEY_VLAN_PRIO" : YES 
Running compile:
Working directory:  /home/master/dpdk/dpdk-stable-21.11.2/build/meson-private/tmpi9goswkg
Command line:  cc /home/master/dpdk/dpdk-stable-21.11.2/build/meson-private/tmpi9goswkg/testfile.c -o /home/master/dpdk/dpdk-stable-21.11.2/build/meson-private/tmpi9goswkg/output.obj -pipe -c -D_FILE_OFFSET_BITS=64 -O0 

Code:
 
        #include <linux/pkt_cls.h>
        int main(void) {
            /* If it's not defined as a macro, try to use as a symbol */
            #ifndef TCA_BPF_UNSPEC
                TCA_BPF_UNSPEC;
            #endif
            return 0;
        }
Compiler stdout:
 
Compiler stderr:
 
Header <linux/pkt_cls.h> has symbol "TCA_BPF_UNSPEC" : YES 
Running compile:
Working directory:  /home/master/dpdk/dpdk-stable-21.11.2/build/meson-private/tmp4j87cxn_
Command line:  cc /home/master/dpdk/dpdk-stable-21.11.2/build/meson-private/tmp4j87cxn_/testfile.c -o /home/master/dpdk/dpdk-stable-21.11.2/build/meson-private/tmp4j87cxn_/output.obj -pipe -c -D_FILE_OFFSET_BITS=64 -O0 

Code:
 
        #include <linux/pkt_cls.h>
        int main(void) {
            /* If it's not defined as a macro, try to use as a symbol */
            #ifndef TCA_BPF_FD
                TCA_BPF_FD;
            #endif
            return 0;
        }
Compiler stdout:
 
Compiler stderr:
 
Header <linux/pkt_cls.h> has symbol "TCA_BPF_FD" : YES 
Running compile:
Working directory:  /home/master/dpdk/dpdk-stable-21.11.2/build/meson-private/tmpt28qxo4g
Command line:  cc /home/master/dpdk/dpdk-stable-21.11.2/build/meson-private/tmpt28qxo4g/testfile.c -o /home/master/dpdk/dpdk-stable-21.11.2/build/meson-private/tmpt28qxo4g/output.obj -pipe -c -D_FILE_OFFSET_BITS=64 -O0 

Code:
 
        #include <linux/tc_act/tc_bpf.h>
        int main(void) {
            /* If it's not defined as a macro, try to use as a symbol */
            #ifndef TCA_ACT_BPF_UNSPEC
                TCA_ACT_BPF_UNSPEC;
            #endif
            return 0;
        }
Compiler stdout:
 
Compiler stderr:
 
Header <linux/tc_act/tc_bpf.h> has symbol "TCA_ACT_BPF_UNSPEC" : YES 
Running compile:
Working directory:  /home/master/dpdk/dpdk-stable-21.11.2/build/meson-private/tmpo9ro3zms
Command line:  cc /home/master/dpdk/dpdk-stable-21.11.2/build/meson-private/tmpo9ro3zms/testfile.c -o /home/master/dpdk/dpdk-stable-21.11.2/build/meson-private/tmpo9ro3zms/output.obj -pipe -c -D_FILE_OFFSET_BITS=64 -O0 

Code:
 
        #include <linux/tc_act/tc_bpf.h>
        int main(void) {
            /* If it's not defined as a macro, try to use as a symbol */
            #ifndef TCA_ACT_BPF_FD
                TCA_ACT_BPF_FD;
            #endif
            return 0;
        }
Compiler stdout:
 
Compiler stderr:
 
Header <linux/tc_act/tc_bpf.h> has symbol "TCA_ACT_BPF_FD" : YES 
Configuring tap_autoconf.h using configuration
Running compile:
Working directory:  /home/master/dpdk/dpdk-stable-21.11.2/build/meson-private/tmpa51tix1c
Command line:  cc /home/master/dpdk/dpdk-stable-21.11.2/build/meson-private/tmpa51tix1c/testfile.c -o /home/master/dpdk/dpdk-stable-21.11.2/build/meson-private/tmpa51tix1c/output.obj -pipe -c -D_FILE_OFFSET_BITS=64 -O0 -fno-prefetch-loop-arrays 

Code:
 int i;

Compiler stdout:
 
Compiler stderr:
 
Compiler for C supports arguments -fno-prefetch-loop-arrays: YES 
Running compile:
Working directory:  /home/master/dpdk/dpdk-stable-21.11.2/build/meson-private/tmpc1gdfu7e
Command line:  cc /home/master/dpdk/dpdk-stable-21.11.2/build/meson-private/tmpc1gdfu7e/testfile.c -o /home/master/dpdk/dpdk-stable-21.11.2/build/meson-private/tmpc1gdfu7e/output.obj -pipe -c -D_FILE_OFFSET_BITS=64 -O0 -Wno-maybe-uninitialized -Wmaybe-uninitialized 

Code:
 int i;

Compiler stdout:
 
Compiler stderr:
 
Compiler for C supports arguments -Wno-maybe-uninitialized -Wmaybe-uninitialized: YES 
Running compile:
Working directory:  /home/master/dpdk/dpdk-stable-21.11.2/build/meson-private/tmpydl7v7yy
Command line:  cc /home/master/dpdk/dpdk-stable-21.11.2/build/meson-private/tmpydl7v7yy/testfile.c -o /home/master/dpdk/dpdk-stable-21.11.2/build/meson-private/tmpydl7v7yy/output.obj -pipe -c -D_FILE_OFFSET_BITS=64 -O0 -D_BSD_SOURCE 

Code:
 int i;

Compiler stdout:
 
Compiler stderr:
 
Compiler for C supports arguments -D_BSD_SOURCE: YES 
Running compile:
Working directory:  /home/master/dpdk/dpdk-stable-21.11.2/build/meson-private/tmphphwnfpj
Command line:  cc /home/master/dpdk/dpdk-stable-21.11.2/build/meson-private/tmphphwnfpj/testfile.c -o /home/master/dpdk/dpdk-stable-21.11.2/build/meson-private/tmphphwnfpj/output.obj -pipe -c -D_FILE_OFFSET_BITS=64 -O0 -D_DEFAULT_SOURCE 

Code:
 int i;

Compiler stdout:
 
Compiler stderr:
 
Compiler for C supports arguments -D_DEFAULT_SOURCE: YES 
Running compile:
Working directory:  /home/master/dpdk/dpdk-stable-21.11.2/build/meson-private/tmphku8etep
Command line:  cc /home/master/dpdk/dpdk-stable-21.11.2/build/meson-private/tmphku8etep/testfile.c -o /home/master/dpdk/dpdk-stable-21.11.2/build/meson-private/tmphku8etep/output.obj -pipe -c -D_FILE_OFFSET_BITS=64 -O0 -D_XOPEN_SOURCE=600 

Code:
 int i;

Compiler stdout:
 
Compiler stderr:
 
Compiler for C supports arguments -D_XOPEN_SOURCE=600: YES 
Running compile:
Working directory:  /home/master/dpdk/dpdk-stable-21.11.2/build/meson-private/tmpn5o5pgwp
Command line:  cc /home/master/dpdk/dpdk-stable-21.11.2/build/meson-private/tmpn5o5pgwp/testfile.c -o /home/master/dpdk/dpdk-stable-21.11.2/build/meson-private/tmpn5o5pgwp/output.obj -pipe -c -D_FILE_OFFSET_BITS=64 -O0 -mavx512f 

Code:
 int i;

Compiler stdout:
 
Compiler stderr:
 
Compiler for C supports arguments -mavx512f: YES 
Running compile:
Working directory:  /home/master/dpdk/dpdk-stable-21.11.2/build/meson-private/tmpnifknu3r
Command line:  cc /home/master/dpdk/dpdk-stable-21.11.2/build/meson-private/tmpnifknu3r/testfile.c -o /home/master/dpdk/dpdk-stable-21.11.2/build/meson-private/tmpnifknu3r/output.obj -pipe -c -D_FILE_OFFSET_BITS=64 -O0 -mavx512vl 

Code:
 int i;

Compiler stdout:
 
Compiler stderr:
 
Compiler for C supports arguments -mavx512vl: YES 
Running compile:
Working directory:  /home/master/dpdk/dpdk-stable-21.11.2/build/meson-private/tmp77e53n3o
Command line:  cc /home/master/dpdk/dpdk-stable-21.11.2/build/meson-private/tmp77e53n3o/testfile.c -o /home/master/dpdk/dpdk-stable-21.11.2/build/meson-private/tmp77e53n3o/output.obj -pipe -c -D_FILE_OFFSET_BITS=64 -O0 -mavx512bw 

Code:
 int i;

Compiler stdout:
 
Compiler stderr:
 
Compiler for C supports arguments -mavx512bw: YES 
Running compile:
Working directory:  /home/master/dpdk/dpdk-stable-21.11.2/build/meson-private/tmpox8e0q3a
Command line:  cc /home/master/dpdk/dpdk-stable-21.11.2/build/meson-private/tmpox8e0q3a/testfile.c -o /home/master/dpdk/dpdk-stable-21.11.2/build/meson-private/tmpox8e0q3a/output.obj -pipe -c -D_FILE_OFFSET_BITS=64 -O0 -Wno-unused-parameter -Wunused-parameter 

Code:
 int i;

Compiler stdout:
 
Compiler stderr:
 
Compiler for C supports arguments -Wno-unused-parameter -Wunused-parameter: YES 
Running compile:
Working directory:  /home/master/dpdk/dpdk-stable-21.11.2/build/meson-private/tmpbktmfp_o
Command line:  cc /home/master/dpdk/dpdk-stable-21.11.2/build/meson-private/tmpbktmfp_o/testfile.c -o /home/master/dpdk/dpdk-stable-21.11.2/build/meson-private/tmpbktmfp_o/output.obj -pipe -c -D_FILE_OFFSET_BITS=64 -O0 -Wno-unused-value -Wunused-value 

Code:
 int i;

Compiler stdout:
 
Compiler stderr:
 
Compiler for C supports arguments -Wno-unused-value -Wunused-value: YES 
Running compile:
Working directory:  /home/master/dpdk/dpdk-stable-21.11.2/build/meson-private/tmpzi5hyd1b
Command line:  cc /home/master/dpdk/dpdk-stable-21.11.2/build/meson-private/tmpzi5hyd1b/testfile.c -o /home/master/dpdk/dpdk-stable-21.11.2/build/meson-private/tmpzi5hyd1b/output.obj -pipe -c -D_FILE_OFFSET_BITS=64 -O0 -Wno-strict-aliasing -Wstrict-aliasing 

Code:
 int i;

Compiler stdout:
 
Compiler stderr:
 
Compiler for C supports arguments -Wno-strict-aliasing -Wstrict-aliasing: YES 
Running compile:
Working directory:  /home/master/dpdk/dpdk-stable-21.11.2/build/meson-private/tmp6s13c2_1
Command line:  cc /home/master/dpdk/dpdk-stable-21.11.2/build/meson-private/tmp6s13c2_1/testfile.c -o /home/master/dpdk/dpdk-stable-21.11.2/build/meson-private/tmp6s13c2_1/output.obj -pipe -c -D_FILE_OFFSET_BITS=64 -O0 -Wno-format-extra-args -Wformat-extra-args 

Code:
 int i;

Compiler stdout:
 
Compiler stderr:
 
Compiler for C supports arguments -Wno-format-extra-args -Wformat-extra-args: YES 
Pkg-config binary for MachineChoice.HOST is cached.
Determining dependency 'libAArch64crypto' with pkg-config executable '/usr/bin/pkg-config'
PKG_CONFIG_PATH: 
Called `/usr/bin/pkg-config --modversion libAArch64crypto` -> 1

Run-time dependency libaarch64crypto found: NO (tried pkgconfig)
Dependency libcrypto found: YES 1.1.1f (cached)
Running compile:
Working directory:  /home/master/dpdk/dpdk-stable-21.11.2/build/meson-private/tmpvwkmg90l
Command line:  cc /home/master/dpdk/dpdk-stable-21.11.2/build/meson-private/tmpvwkmg90l/testfile.c -o /home/master/dpdk/dpdk-stable-21.11.2/build/meson-private/tmpvwkmg90l/output.exe -pipe -D_FILE_OFFSET_BITS=64 -O0 -Wl,--start-group -lIPSec_MB -Wl,--end-group -Wl,--allow-shlib-undefined 

Code:
 int main(void) { return 0; }
Compiler stdout:
 
Compiler stderr:
 /usr/bin/ld: cannot find -lIPSec_MB
collect2: error: ld returned 1 exit status

Library IPSec_MB found: NO
Running compile:
Working directory:  /home/master/dpdk/dpdk-stable-21.11.2/build/meson-private/tmpr4a3zg6_
Command line:  cc /home/master/dpdk/dpdk-stable-21.11.2/build/meson-private/tmpr4a3zg6_/testfile.c -o /home/master/dpdk/dpdk-stable-21.11.2/build/meson-private/tmpr4a3zg6_/output.obj -pipe -c -D_FILE_OFFSET_BITS=64 -O0 -std=c11 

Code:
 int i;

Compiler stdout:
 
Compiler stderr:
 
Compiler for C supports arguments -std=c11: YES 
Running compile:
Working directory:  /home/master/dpdk/dpdk-stable-21.11.2/build/meson-private/tmpdkkyjkot
Command line:  cc /home/master/dpdk/dpdk-stable-21.11.2/build/meson-private/tmpdkkyjkot/testfile.c -o /home/master/dpdk/dpdk-stable-21.11.2/build/meson-private/tmpdkkyjkot/output.obj -pipe -c -D_FILE_OFFSET_BITS=64 -O0 -Wno-strict-prototypes -Wstrict-prototypes 

Code:
 int i;

Compiler stdout:
 
Compiler stderr:
 
Compiler for C supports arguments -Wno-strict-prototypes -Wstrict-prototypes: YES 
Running compile:
Working directory:  /home/master/dpdk/dpdk-stable-21.11.2/build/meson-private/tmpqdxovpyp
Command line:  cc /home/master/dpdk/dpdk-stable-21.11.2/build/meson-private/tmpqdxovpyp/testfile.c -o /home/master/dpdk/dpdk-stable-21.11.2/build/meson-private/tmpqdxovpyp/output.obj -pipe -c -D_FILE_OFFSET_BITS=64 -O0 -D_BSD_SOURCE 

Code:
 int i;

Compiler stdout:
 
Compiler stderr:
 
Compiler for C supports arguments -D_BSD_SOURCE: YES 
Running compile:
Working directory:  /home/master/dpdk/dpdk-stable-21.11.2/build/meson-private/tmpmci1wmru
Command line:  cc /home/master/dpdk/dpdk-stable-21.11.2/build/meson-private/tmpmci1wmru/testfile.c -o /home/master/dpdk/dpdk-stable-21.11.2/build/meson-private/tmpmci1wmru/output.obj -pipe -c -D_FILE_OFFSET_BITS=64 -O0 -D_DEFAULT_SOURCE 

Code:
 int i;

Compiler stdout:
 
Compiler stderr:
 
Compiler for C supports arguments -D_DEFAULT_SOURCE: YES 
Running compile:
Working directory:  /home/master/dpdk/dpdk-stable-21.11.2/build/meson-private/tmpvavkptyx
Command line:  cc /home/master/dpdk/dpdk-stable-21.11.2/build/meson-private/tmpvavkptyx/testfile.c -o /home/master/dpdk/dpdk-stable-21.11.2/build/meson-private/tmpvavkptyx/output.obj -pipe -c -D_FILE_OFFSET_BITS=64 -O0 -D_XOPEN_SOURCE=600 

Code:
 int i;

Compiler stdout:
 
Compiler stderr:
 
Compiler for C supports arguments -D_XOPEN_SOURCE=600: YES 
Pkg-config binary for MachineChoice.HOST is cached.
Determining dependency 'libmusdk' with pkg-config executable '/usr/bin/pkg-config'
PKG_CONFIG_PATH: 
Run-time dependency libmusdk found: NO (tried pkgconfig)
Dependency libcrypto found: YES 1.1.1f (cached)
Pkg-config binary for MachineChoice.HOST is cached.
Determining dependency 'libisal' with pkg-config executable '/usr/bin/pkg-config'
PKG_CONFIG_PATH: 
Called `/usr/bin/pkg-config --modversion libisal` -> 1

Run-time dependency libisal found: NO (tried pkgconfig)
Running compile:
Working directory:  /home/master/dpdk/dpdk-stable-21.11.2/build/meson-private/tmpcotb3qqg
Command line:  cc /home/master/dpdk/dpdk-stable-21.11.2/build/meson-private/tmpcotb3qqg/testfile.c -o /home/master/dpdk/dpdk-stable-21.11.2/build/meson-private/tmpcotb3qqg/output.obj -pipe -c -D_FILE_OFFSET_BITS=64 -O0 -std=c11 

Code:
 int i;

Compiler stdout:
 
Compiler stderr:
 
Compiler for C supports arguments -std=c11: YES 
Running compile:
Working directory:  /home/master/dpdk/dpdk-stable-21.11.2/build/meson-private/tmpn34ypjve
Command line:  cc /home/master/dpdk/dpdk-stable-21.11.2/build/meson-private/tmpn34ypjve/testfile.c -o /home/master/dpdk/dpdk-stable-21.11.2/build/meson-private/tmpn34ypjve/output.obj -pipe -c -D_FILE_OFFSET_BITS=64 -O0 -Wno-strict-prototypes -Wstrict-prototypes 

Code:
 int i;

Compiler stdout:
 
Compiler stderr:
 
Compiler for C supports arguments -Wno-strict-prototypes -Wstrict-prototypes: YES 
Running compile:
Working directory:  /home/master/dpdk/dpdk-stable-21.11.2/build/meson-private/tmp4n5w4ar2
Command line:  cc /home/master/dpdk/dpdk-stable-21.11.2/build/meson-private/tmp4n5w4ar2/testfile.c -o /home/master/dpdk/dpdk-stable-21.11.2/build/meson-private/tmp4n5w4ar2/output.obj -pipe -c -D_FILE_OFFSET_BITS=64 -O0 -D_BSD_SOURCE 

Code:
 int i;

Compiler stdout:
 
Compiler stderr:
 
Compiler for C supports arguments -D_BSD_SOURCE: YES 
Running compile:
Working directory:  /home/master/dpdk/dpdk-stable-21.11.2/build/meson-private/tmpxg6udq0a
Command line:  cc /home/master/dpdk/dpdk-stable-21.11.2/build/meson-private/tmpxg6udq0a/testfile.c -o /home/master/dpdk/dpdk-stable-21.11.2/build/meson-private/tmpxg6udq0a/output.obj -pipe -c -D_FILE_OFFSET_BITS=64 -O0 -D_DEFAULT_SOURCE 

Code:
 int i;

Compiler stdout:
 
Compiler stderr:
 
Compiler for C supports arguments -D_DEFAULT_SOURCE: YES 
Running compile:
Working directory:  /home/master/dpdk/dpdk-stable-21.11.2/build/meson-private/tmpg2b34gq2
Command line:  cc /home/master/dpdk/dpdk-stable-21.11.2/build/meson-private/tmpg2b34gq2/testfile.c -o /home/master/dpdk/dpdk-stable-21.11.2/build/meson-private/tmpg2b34gq2/output.obj -pipe -c -D_FILE_OFFSET_BITS=64 -O0 -D_XOPEN_SOURCE=600 

Code:
 int i;

Compiler stdout:
 
Compiler stderr:
 
Compiler for C supports arguments -D_XOPEN_SOURCE=600: YES 
Dependency zlib found: YES 1.2.11 (cached)
Running compile:
Working directory:  /home/master/dpdk/dpdk-stable-21.11.2/build/meson-private/tmp2l4b3xj_
Command line:  cc /home/master/dpdk/dpdk-stable-21.11.2/build/meson-private/tmp2l4b3xj_/testfile.c -o /home/master/dpdk/dpdk-stable-21.11.2/build/meson-private/tmp2l4b3xj_/output.obj -pipe -c -D_FILE_OFFSET_BITS=64 -O0 -std=c11 

Code:
 int i;

Compiler stdout:
 
Compiler stderr:
 
Compiler for C supports arguments -std=c11: YES 
Running compile:
Working directory:  /home/master/dpdk/dpdk-stable-21.11.2/build/meson-private/tmpe91tm1nm
Command line:  cc /home/master/dpdk/dpdk-stable-21.11.2/build/meson-private/tmpe91tm1nm/testfile.c -o /home/master/dpdk/dpdk-stable-21.11.2/build/meson-private/tmpe91tm1nm/output.obj -pipe -c -D_FILE_OFFSET_BITS=64 -O0 -Wno-strict-prototypes -Wstrict-prototypes 

Code:
 int i;

Compiler stdout:
 
Compiler stderr:
 
Compiler for C supports arguments -Wno-strict-prototypes -Wstrict-prototypes: YES 
Running compile:
Working directory:  /home/master/dpdk/dpdk-stable-21.11.2/build/meson-private/tmp8y42p4fd
Command line:  cc /home/master/dpdk/dpdk-stable-21.11.2/build/meson-private/tmp8y42p4fd/testfile.c -o /home/master/dpdk/dpdk-stable-21.11.2/build/meson-private/tmp8y42p4fd/output.obj -pipe -c -D_FILE_OFFSET_BITS=64 -O0 -D_BSD_SOURCE 

Code:
 int i;

Compiler stdout:
 
Compiler stderr:
 
Compiler for C supports arguments -D_BSD_SOURCE: YES 
Running compile:
Working directory:  /home/master/dpdk/dpdk-stable-21.11.2/build/meson-private/tmpc6hahbte
Command line:  cc /home/master/dpdk/dpdk-stable-21.11.2/build/meson-private/tmpc6hahbte/testfile.c -o /home/master/dpdk/dpdk-stable-21.11.2/build/meson-private/tmpc6hahbte/output.obj -pipe -c -D_FILE_OFFSET_BITS=64 -O0 -D_DEFAULT_SOURCE 

Code:
 int i;

Compiler stdout:
 
Compiler stderr:
 
Compiler for C supports arguments -D_DEFAULT_SOURCE: YES 
Running compile:
Working directory:  /home/master/dpdk/dpdk-stable-21.11.2/build/meson-private/tmp5r4_7f3q
Command line:  cc /home/master/dpdk/dpdk-stable-21.11.2/build/meson-private/tmp5r4_7f3q/testfile.c -o /home/master/dpdk/dpdk-stable-21.11.2/build/meson-private/tmp5r4_7f3q/output.obj -pipe -c -D_FILE_OFFSET_BITS=64 -O0 -D_XOPEN_SOURCE=600 

Code:
 int i;

Compiler stdout:
 
Compiler stderr:
 
Compiler for C supports arguments -D_XOPEN_SOURCE=600: YES 
Running compile:
Working directory:  /home/master/dpdk/dpdk-stable-21.11.2/build/meson-private/tmpb8nu19wi
Command line:  cc /home/master/dpdk/dpdk-stable-21.11.2/build/meson-private/tmpb8nu19wi/testfile.c -o /home/master/dpdk/dpdk-stable-21.11.2/build/meson-private/tmpb8nu19wi/output.exe -pipe -D_FILE_OFFSET_BITS=64 -O0 -Wl,--start-group -llibrxp_compiler -Wl,--end-group -Wl,--allow-shlib-undefined 

Code:
 int main(void) { return 0; }
Compiler stdout:
 
Compiler stderr:
 /usr/bin/ld: cannot find -llibrxp_compiler
collect2: error: ld returned 1 exit status

Library librxp_compiler found: NO
Running compile:
Working directory:  /home/master/dpdk/dpdk-stable-21.11.2/build/meson-private/tmp4fouf35g
Command line:  cc /home/master/dpdk/dpdk-stable-21.11.2/build/meson-private/tmp4fouf35g/testfile.c -o /home/master/dpdk/dpdk-stable-21.11.2/build/meson-private/tmp4fouf35g/output.obj -pipe -c -D_FILE_OFFSET_BITS=64 -O0 -std=c11 

Code:
 int i;

Compiler stdout:
 
Compiler stderr:
 
Compiler for C supports arguments -std=c11: YES 
Running compile:
Working directory:  /home/master/dpdk/dpdk-stable-21.11.2/build/meson-private/tmppe3i_kwf
Command line:  cc /home/master/dpdk/dpdk-stable-21.11.2/build/meson-private/tmppe3i_kwf/testfile.c -o /home/master/dpdk/dpdk-stable-21.11.2/build/meson-private/tmppe3i_kwf/output.obj -pipe -c -D_FILE_OFFSET_BITS=64 -O0 -Wno-strict-prototypes -Wstrict-prototypes 

Code:
 int i;

Compiler stdout:
 
Compiler stderr:
 
Compiler for C supports arguments -Wno-strict-prototypes -Wstrict-prototypes: YES 
Running compile:
Working directory:  /home/master/dpdk/dpdk-stable-21.11.2/build/meson-private/tmp3k6zy6iv
Command line:  cc /home/master/dpdk/dpdk-stable-21.11.2/build/meson-private/tmp3k6zy6iv/testfile.c -o /home/master/dpdk/dpdk-stable-21.11.2/build/meson-private/tmp3k6zy6iv/output.obj -pipe -c -D_FILE_OFFSET_BITS=64 -O0 -D_BSD_SOURCE 

Code:
 int i;

Compiler stdout:
 
Compiler stderr:
 
Compiler for C supports arguments -D_BSD_SOURCE: YES 
Running compile:
Working directory:  /home/master/dpdk/dpdk-stable-21.11.2/build/meson-private/tmpr0dpv20f
Command line:  cc /home/master/dpdk/dpdk-stable-21.11.2/build/meson-private/tmpr0dpv20f/testfile.c -o /home/master/dpdk/dpdk-stable-21.11.2/build/meson-private/tmpr0dpv20f/output.obj -pipe -c -D_FILE_OFFSET_BITS=64 -O0 -D_DEFAULT_SOURCE 

Code:
 int i;

Compiler stdout:
 
Compiler stderr:
 
Compiler for C supports arguments -D_DEFAULT_SOURCE: YES 
Running compile:
Working directory:  /home/master/dpdk/dpdk-stable-21.11.2/build/meson-private/tmpuombq5b5
Command line:  cc /home/master/dpdk/dpdk-stable-21.11.2/build/meson-private/tmpuombq5b5/testfile.c -o /home/master/dpdk/dpdk-stable-21.11.2/build/meson-private/tmpuombq5b5/output.obj -pipe -c -D_FILE_OFFSET_BITS=64 -O0 -D_XOPEN_SOURCE=600 

Code:
 int i;

Compiler stdout:
 
Compiler stderr:
 
Compiler for C supports arguments -D_XOPEN_SOURCE=600: YES 
Running compile:
Working directory:  /home/master/dpdk/dpdk-stable-21.11.2/build/meson-private/tmp9pyltxg8
Command line:  cc /home/master/dpdk/dpdk-stable-21.11.2/build/meson-private/tmp9pyltxg8/testfile.c -o /home/master/dpdk/dpdk-stable-21.11.2/build/meson-private/tmp9pyltxg8/output.obj -pipe -c -D_FILE_OFFSET_BITS=64 -O0 -flax-vector-conversions 

Code:
 int i;

Compiler stdout:
 
Compiler stderr:
 
Compiler for C supports arguments -flax-vector-conversions: YES 
Running compile:
Working directory:  /home/master/dpdk/dpdk-stable-21.11.2/build/meson-private/tmpk0ohl8e1
Command line:  cc /home/master/dpdk/dpdk-stable-21.11.2/build/meson-private/tmpk0ohl8e1/testfile.c -o /home/master/dpdk/dpdk-stable-21.11.2/build/meson-private/tmpk0ohl8e1/output.obj -pipe -c -D_FILE_OFFSET_BITS=64 -O0 -Wno-strict-aliasing -Wstrict-aliasing 

Code:
 int i;

Compiler stdout:
 
Compiler stderr:
 
Compiler for C supports arguments -Wno-strict-aliasing -Wstrict-aliasing: YES 
Running compile:
Working directory:  /home/master/dpdk/dpdk-stable-21.11.2/build/meson-private/tmp738cmji_
Command line:  cc /home/master/dpdk/dpdk-stable-21.11.2/build/meson-private/tmp738cmji_/testfile.c -o /home/master/dpdk/dpdk-stable-21.11.2/build/meson-private/tmp738cmji_/output.obj -pipe -c -D_FILE_OFFSET_BITS=64 -O0 -Wno-format-nonliteral -Wformat-nonliteral 

Code:
 int i;

Compiler stdout:
 
Compiler stderr:
 
Compiler for C supports arguments -Wno-format-nonliteral -Wformat-nonliteral: YES 
Library libturbo found: NO
Library libldpc_decoder_5gnr found: NO
Running compile:
Working directory:  /home/master/dpdk/dpdk-stable-21.11.2/build/meson-private/tmprs48yw22
Command line:  cc /home/master/dpdk/dpdk-stable-21.11.2/build/meson-private/tmprs48yw22/testfile.c -pipe -E -P -D_FILE_OFFSET_BITS=64 -P -O0 

Code:
 
        #ifdef __has_include
         #if !__has_include("cuda.h")
          #error "Header 'cuda.h' could not be found"
         #endif
        #else
         #include <cuda.h>
        #endif
Compiler stdout:
 
Compiler stderr:
 /home/master/dpdk/dpdk-stable-21.11.2/build/meson-private/tmprs48yw22/testfile.c:4:12: error: #error "Header 'cuda.h' could not be found"
    4 |           #error "Header 'cuda.h' could not be found"
      |            ^~~~~

Has header "cuda.h" : NO 
Running compile:
Working directory:  /home/master/dpdk/dpdk-stable-21.11.2/build/meson-private/tmpkj4qgi3m
Command line:  cc /home/master/dpdk/dpdk-stable-21.11.2/build/meson-private/tmpkj4qgi3m/testfile.c -o /home/master/dpdk/dpdk-stable-21.11.2/build/meson-private/tmpkj4qgi3m/output.obj -pipe -c -D_FILE_OFFSET_BITS=64 -O0 -Wno-format-truncation -Wformat-truncation 

Code:
 int i;

Compiler stdout:
 
Compiler stderr:
 
Compiler for C supports arguments -Wno-format-truncation -Wformat-truncation: YES 
Dependency zlib found: YES 1.2.11 (cached)
Running command: /home/master/dpdk/dpdk-stable-21.11.2/app/test/has-hugepage.sh
--- stdout ---
0

--- stderr ---


Message: hugepage availability: false
Adding test "acl_autotest"
Adding test "bitmap_autotest"
Adding test "bpf_autotest"
Adding test "bpf_convert_autotest"
Adding test "bitops_autotest"
Adding test "byteorder_autotest"
Adding test "cksum_autotest"
Adding test "cmdline_autotest"
Adding test "common_autotest"
Adding test "cpuflags_autotest"
Adding test "debug_autotest"
Adding test "devargs_autotest"
Adding test "eal_fs_autotest"
Adding test "errno_autotest"
Adding test "ethdev_link_status"
Adding test "event_ring_autotest"
Adding test "fib_autotest"
Adding test "fib6_autotest"
Adding test "hash_autotest"
Adding test "interrupt_autotest"
Adding test "lcores_autotest"
Adding test "logs_autotest"
Adding test "lpm_autotest"
Adding test "lpm6_autotest"
Adding test "memcpy_autotest"
Adding test "meter_autotest"
Adding test "per_lcore_autotest"
Adding test "pflock_autotest"
Adding test "prefetch_autotest"
Adding test "rcu_qsbr_autotest"
Adding test "pie_autotest"
Adding test "rib_autotest"
Adding test "rib6_autotest"
Adding test "ring_autotest"
Adding test "rwlock_test1_autotest"
Adding test "rwlock_rda_autotest"
Adding test "rwlock_rds_wrm_autotest"
Adding test "rwlock_rde_wro_autotest"
Adding test "sched_autotest"
Adding test "spinlock_autotest"
Adding test "string_autotest"
Adding test "table_autotest"
Adding test "tailq_autotest"
Adding test "ticketlock_autotest"
Adding test "user_delay_us"
Adding test "version_autotest"
Adding test "crc_autotest"
Adding test "eventdev_common_autotest"
Adding test "fbarray_autotest"
Adding test "ipsec_autotest"
Adding test "kvargs_autotest"
Adding test "member_autotest"
Adding test "power_autotest"
Adding test "reorder_autotest"
Adding test "service_autotest"
Adding test "thash_autotest"
Adding test "trace_autotest"
Adding test "metrics_autotest"
Adding test "telemetry_json_autotest"
Adding test "telemetry_data_autotest"
Adding test "ring_pmd_autotest"
Adding test "bitratestats_autotest"
Adding test "latencystats_autotest"
Adding test "pdump_autotest"
Adding test "vdev_autotest"
Adding test "ring_perf_autotest"
Adding test "mempool_perf_autotest"
Adding test "memcpy_perf_autotest"
Adding test "hash_perf_autotest"
Adding test "timer_perf_autotest"
Adding test "reciprocal_division"
Adding test "reciprocal_division_perf"
Adding test "lpm_perf_autotest"
Adding test "rib_slow_autotest"
Adding test "fib_slow_autotest"
Adding test "fib_perf_autotest"
Adding test "red_all"
Adding test "pie_all"
Adding test "barrier_autotest"
Adding test "hash_multiwriter_autotest"
Adding test "timer_racecond_autotest"
Adding test "efd_autotest"
Adding test "hash_functions_autotest"
Adding test "member_perf_autotest"
Adding test "efd_perf_autotest"
Adding test "lpm6_perf_autotest"
Adding test "rib6_slow_autotest"
Adding test "fib6_slow_autotest"
Adding test "fib6_perf_autotest"
Adding test "rcu_qsbr_perf_autotest"
Adding test "red_perf"
Adding test "pie_perf"
Adding test "distributor_perf_autotest"
Adding test "pmd_perf_autotest"
Adding test "stack_perf_autotest"
Adding test "stack_lf_perf_autotest"
Adding test "rand_perf_autotest"
Adding test "hash_readwrite_perf_autotest"
Adding test "hash_readwrite_lf_perf_autotest"
Adding test "trace_perf_autotest"
Adding test "ipsec_perf_autotest"
Adding test "thash_perf_autotest"
Adding test "ring_pmd_perf_autotest"
Adding test "cryptodev_aesni_mb_autotest"
Adding test "cryptodev_aesni_gcm_autotest"
Adding test "cryptodev_cn9k_autotest"
Adding test "cryptodev_cn10k_autotest"
Adding test "cryptodev_dpaa_sec_autotest"
Adding test "cryptodev_dpaa2_sec_autotest"
Adding test "cryptodev_null_autotest"
Adding test "cryptodev_octeontx2_autotest"
Adding test "cryptodev_openssl_autotest"
Adding test "cryptodev_openssl_asym_autotest"
Adding test "cryptodev_qat_autotest"
Adding test "cryptodev_sw_armv8_autotest"
Adding test "cryptodev_sw_kasumi_autotest"
Adding test "cryptodev_sw_mvsam_autotest"
Adding test "cryptodev_sw_snow3g_autotest"
Adding test "cryptodev_sw_zuc_autotest"
Adding test "dmadev_autotest"
Adding test "eventdev_selftest_octeontx"
Adding test "eventdev_selftest_sw"
Adding test "rawdev_autotest"
Adding test "link_bonding_autotest"
Adding test "link_bonding_rssconf_autotest"
Adding test "link_bonding_mode4_autotest"
Adding test "cryptodev_scheduler_autotest"
Adding test "dump_struct_sizes"
Adding test "dump_mempool"
Adding test "dump_malloc_stats"
Adding test "dump_devargs"
Adding test "dump_log_types"
Adding test "dump_ring"
Adding test "dump_physmem"
Adding test "dump_memzone"
Adding test "alarm_autotest"
Adding test "red_autotest"
Program doxygen found: YES (/usr/bin/doxygen)
Program generate_doxygen.sh found: YES (/home/master/dpdk/dpdk-stable-21.11.2/doc/api/generate_doxygen.sh)
Program generate_examples.sh found: YES (/home/master/dpdk/dpdk-stable-21.11.2/doc/api/generate_examples.sh)
Program doxy-html-custom.sh found: YES (/home/master/dpdk/dpdk-stable-21.11.2/doc/api/doxy-html-custom.sh)
Configuring doxy-api.conf using configuration
Program sphinx-build found: NO
Running compile:
Working directory:  /home/master/dpdk/dpdk-stable-21.11.2/build/meson-private/tmpndpq0bgd
Command line:  cc /home/master/dpdk/dpdk-stable-21.11.2/build/meson-private/tmpndpq0bgd/testfile.c -o /home/master/dpdk/dpdk-stable-21.11.2/build/meson-private/tmpndpq0bgd/output.obj -pipe -c -D_FILE_OFFSET_BITS=64 -O0 -Wno-format-truncation -Wformat-truncation 

Code:
 int i;

Compiler stdout:
 
Compiler stderr:
 
Compiler for C supports arguments -Wno-format-truncation -Wformat-truncation: YES 
Running compile:
Working directory:  /home/master/dpdk/dpdk-stable-21.11.2/build/meson-private/tmp6gc11cb8
Command line:  cc /home/master/dpdk/dpdk-stable-21.11.2/build/meson-private/tmp6gc11cb8/testfile.c -pipe -E -P -D_FILE_OFFSET_BITS=64 -P -O0 

Code:
 
        #ifdef __has_include
         #if !__has_include("sys/epoll.h")
          #error "Header 'sys/epoll.h' could not be found"
         #endif
        #else
         #include <sys/epoll.h>
        #endif
Compiler stdout:
 
Compiler stderr:
 
Has header "sys/epoll.h" : YES 
Running compile:
Working directory:  /home/master/dpdk/dpdk-stable-21.11.2/build/meson-private/tmp2u8kdxsr
Command line:  cc /home/master/dpdk/dpdk-stable-21.11.2/build/meson-private/tmp2u8kdxsr/testfile.c -o /home/master/dpdk/dpdk-stable-21.11.2/build/meson-private/tmp2u8kdxsr/output.exe -pipe -D_FILE_OFFSET_BITS=64 -O0 -Wl,--start-group -lpqos -Wl,--end-group -Wl,--allow-shlib-undefined 

Code:
 int main(void) { return 0; }
Compiler stdout:
 
Compiler stderr:
 /usr/bin/ld: cannot find -lpqos
collect2: error: ld returned 1 exit status

Library pqos found: NO
Message: Skipping example "l2fwd-cat"
Running compile:
Working directory:  /home/master/dpdk/dpdk-stable-21.11.2/build/meson-private/tmptw3pf0gc
Command line:  cc /home/master/dpdk/dpdk-stable-21.11.2/build/meson-private/tmptw3pf0gc/testfile.c -o /home/master/dpdk/dpdk-stable-21.11.2/build/meson-private/tmptw3pf0gc/output.exe -pipe -D_FILE_OFFSET_BITS=64 -O0 -Wl,--start-group -lrt -Wl,--end-group -Wl,--allow-shlib-undefined 

Code:
 int main(void) { return 0; }
Compiler stdout:
 
Compiler stderr:
 
Library rt found: YES
Using cached compile:
Cached command line:  cc /home/master/dpdk/dpdk-stable-21.11.2/build/meson-private/tmp6gc11cb8/testfile.c -pipe -E -P -D_FILE_OFFSET_BITS=64 -P -O0 

Code:
 
        #ifdef __has_include
         #if !__has_include("sys/epoll.h")
          #error "Header 'sys/epoll.h' could not be found"
         #endif
        #else
         #include <sys/epoll.h>
        #endif
Cached compiler stdout:
 
Cached compiler stderr:
 
Has header "sys/epoll.h" : YES (cached)
Running compile:
Working directory:  /home/master/dpdk/dpdk-stable-21.11.2/build/meson-private/tmp6l3pfx5r
Command line:  cc /home/master/dpdk/dpdk-stable-21.11.2/build/meson-private/tmp6l3pfx5r/testfile.c -pipe -E -P -D_FILE_OFFSET_BITS=64 -P -O0 

Code:
 
        #ifdef __has_include
         #if !__has_include("linux/virtio_blk.h")
          #error "Header 'linux/virtio_blk.h' could not be found"
         #endif
        #else
         #include <linux/virtio_blk.h>
        #endif
Compiler stdout:
 
Compiler stderr:
 
Has header "linux/virtio_blk.h" : YES 
Running compile:
Working directory:  /home/master/dpdk/dpdk-stable-21.11.2/build/meson-private/tmpz77zmzf6
Command line:  cc /home/master/dpdk/dpdk-stable-21.11.2/build/meson-private/tmpz77zmzf6/testfile.c -o /home/master/dpdk/dpdk-stable-21.11.2/build/meson-private/tmpz77zmzf6/output.exe -pipe -D_FILE_OFFSET_BITS=64 -O0 -Wl,--start-group -lvirt -Wl,--end-group -Wl,--allow-shlib-undefined 

Code:
 int main(void) { return 0; }
Compiler stdout:
 
Compiler stderr:
 /usr/bin/ld: cannot find -lvirt
collect2: error: ld returned 1 exit status

Library virt found: NO
Pkg-config binary for MachineChoice.HOST is cached.
Determining dependency 'jansson' with pkg-config executable '/usr/bin/pkg-config'
PKG_CONFIG_PATH: 
Run-time dependency jansson found: NO (tried pkgconfig)
Message: Skipping example "vm_power_manager"
Library virt found: NO
Message: Skipping example "guest_cli"
Configuring rte_build_config.h using configuration
Running command: /usr/bin/python3 set-static-linker-flags.py
--- stdout ---
Processing /home/master/dpdk/dpdk-stable-21.11.2/build/meson-private/libdpdk-libs.pc
Processing /home/master/dpdk/dpdk-stable-21.11.2/build/meson-private/libdpdk.pc

--- stderr ---


Message: 
=================
Libraries Enabled
=================

libs:
	kvargs, telemetry, eal, ring, rcu, mempool, mbuf, net, 
	meter, ethdev, pci, cmdline, metrics, hash, timer, acl, 
	bbdev, bitratestats, bpf, cfgfile, compressdev, cryptodev, distributor, efd, 
	eventdev, gpudev, gro, gso, ip_frag, jobstats, kni, latencystats, 
	lpm, member, pcapng, power, rawdev, regexdev, dmadev, rib, 
	reorder, sched, security, stack, vhost, ipsec, fib, port, 
	pdump, table, pipeline, flow_classify, graph, node, 

Message: 
===============
Drivers Enabled
===============

common:
	cpt, dpaax, iavf, octeontx, octeontx2, cnxk, mlx5, qat, 
	sfc_efx, 
bus:
	auxiliary, dpaa, fslmc, ifpga, pci, vdev, vmbus, 
mempool:
	bucket, cnxk, dpaa, dpaa2, octeontx, octeontx2, ring, stack, 
	
dma:
	cnxk, dpaa, hisilicon, idxd, ioat, skeleton, 
net:
	af_packet, ark, atlantic, avp, axgbe, bnx2x, bnxt, bond, 
	cnxk, cxgbe, dpaa, dpaa2, e1000, ena, enetc, enetfec, 
	enic, failsafe, fm10k, hinic, hns3, i40e, iavf, ice, 
	igc, ionic, ixgbe, kni, liquidio, memif, mlx4, mlx5, 
	netvsc, nfp, ngbe, null, octeontx, octeontx2, octeontx_ep, pfe, 
	qede, ring, sfc, softnic, tap, thunderx, txgbe, vdev_netvsc, 
	vhost, virtio, vmxnet3, 
raw:
	cnxk_bphy, dpaa2_cmdif, dpaa2_qdma, ntb, skeleton, 
crypto:
	bcmfs, caam_jr, ccp, cnxk, dpaa_sec, dpaa2_sec, mlx5, nitrox, 
	null, octeontx, octeontx2, openssl, scheduler, virtio, 
compress:
	mlx5, octeontx, zlib, 
regex:
	mlx5, octeontx2, 
vdpa:
	ifc, mlx5, sfc, 
event:
	cnxk, dlb2, dpaa, dpaa2, dsw, octeontx2, opdl, skeleton, 
	sw, octeontx, 
baseband:
	acc100, fpga_5gnr_fec, fpga_lte_fec, la12xx, null, turbo_sw, 
gpu:
	

Message: 
=================
Content Skipped
=================

libs:
	
drivers:
	common/mvep:	missing dependency, "libmusdk"
	net/af_xdp:	missing dependency, "libxdp" and "libbpf"
	net/ipn3ke:	missing dependency, "libfdt"
	net/mvneta:	missing dependency, "libmusdk"
	net/mvpp2:	missing dependency, "libmusdk"
	net/nfb:	missing dependency, "libnfb"
	net/pcap:	missing dependency, "libpcap"
	raw/ifpga:	missing dependency, "libfdt"
	raw/ioat:	replaced by dmadev drivers
	crypto/armv8:	missing dependency, "libAArch64crypto"
	crypto/ipsec_mb:	missing dependency, "libIPSec_MB"
	crypto/mvsam:	missing dependency, "libmusdk"
	compress/isal:	missing dependency, "libisal"
	gpu/cuda:	missing dependency, "cuda.h"
	

Build targets in project: 1049

Found ninja-1.10.0 at /usr/bin/ninja
